23-Mar-2024 00:25:12.314 INFO [http-nio-9091-exec-6] org.apache.catalina.util.LifecycleBase.stop The stop() method was called on component [StandardEngine[Catalina].StandardHost[localhost].StandardContext[/ejemploweb]] after stop() had already been called. The second call will be ignored.
23-Mar-2024 00:25:12.893 INFO [http-nio-9091-exec-6] org.apache.catalina.startup.HostConfig.undeploy Repliegue (undeploy) de la aplicación web que tiene como trayectoria de contexto [/ejemploweb]
23-Mar-2024 00:26:22.798 INFO [http-nio-9091-exec-11] org.apache.catalina.startup.HostConfig.deployWAR Despliegue del archivo [/Users/janpierarmijos/Documents/apache-tomcat-9.0.82/webapps/ejemploweb.war] de la aplicación web
23-Mar-2024 00:26:25.679 INFO [http-nio-9091-exec-11] org.apache.jasper.servlet.TldScanner.scanJars Al menos un JAR, que se ha explorado buscando TLDs, aún no contenía TLDs. Activar historial de depuración para este historiador para una completa lista de los JARs que fueron explorados y de los que nos se halló TLDs. Saltarse JARs no necesarios durante la exploración puede dar lugar a una mejora de tiempo significativa en el arranque y compilación de JSP .
23-Mar-2024 00:26:27.017 INFO [http-nio-9091-exec-11] org.apache.catalina.startup.HostConfig.deployWAR Deployment of web application archive [/Users/janpierarmijos/Documents/apache-tomcat-9.0.82/webapps/ejemploweb.war] has finished in [4.228] ms
23-Mar-2024 00:26:41.489 INFO [main] org.apache.catalina.core.StandardServer.await Se ha recibido un comando de apagado a través del puerto de apagado. Parando la instancia del Servidor.
23-Mar-2024 00:26:41.498 INFO [main] org.apache.coyote.AbstractProtocol.pause Pausing ProtocolHandler ["http-nio-9091"]
23-Mar-2024 00:26:41.509 INFO [main] org.apache.catalina.core.StandardService.stopInternal Parando servicio [Catalina]
23-Mar-2024 00:26:41.675 INFO [main] org.apache.coyote.AbstractProtocol.stop Stopping ProtocolHandler ["http-nio-9091"]
23-Mar-2024 00:26:41.702 INFO [main] org.apache.coyote.AbstractProtocol.destroy Destroying ProtocolHandler ["http-nio-9091"]
23-Mar-2024 00:26:45.109 INFO [main] org.apache.catalina.startup.VersionLoggerListener.log Nombre de la versión del servidor: Apache Tomcat/9.0.82
23-Mar-2024 00:26:45.119 INFO [main] org.apache.catalina.startup.VersionLoggerListener.log Server built:                      Oct 11 2023 13:15:08 UTC
23-Mar-2024 00:26:45.119 INFO [main] org.apache.catalina.startup.VersionLoggerListener.log Número de versión de servidor:     9.0.82.0
23-Mar-2024 00:26:45.120 INFO [main] org.apache.catalina.startup.VersionLoggerListener.log OS Name:                           Mac OS X
23-Mar-2024 00:26:45.120 INFO [main] org.apache.catalina.startup.VersionLoggerListener.log Versión de Systema Operativo:      11.7.10
23-Mar-2024 00:26:45.120 INFO [main] org.apache.catalina.startup.VersionLoggerListener.log Arquitectura:                      x86_64
23-Mar-2024 00:26:45.120 INFO [main] org.apache.catalina.startup.VersionLoggerListener.log Java Home:                         /Library/Java/JavaVirtualMachines/jdk-21.jdk/Contents/Home
23-Mar-2024 00:26:45.120 INFO [main] org.apache.catalina.startup.VersionLoggerListener.log JVM Version:                       21.0.2+13-LTS-58
23-Mar-2024 00:26:45.121 INFO [main] org.apache.catalina.startup.VersionLoggerListener.log Vededor JVM:                       Oracle Corporation
23-Mar-2024 00:26:45.121 INFO [main] org.apache.catalina.startup.VersionLoggerListener.log CATALINA_BASE:                     /Users/janpierarmijos/Documents/apache-tomcat-9.0.82
23-Mar-2024 00:26:45.121 INFO [main] org.apache.catalina.startup.VersionLoggerListener.log CATALINA_HOME:                     /Users/janpierarmijos/Documents/apache-tomcat-9.0.82
23-Mar-2024 00:26:45.163 INFO [main] org.apache.catalina.startup.VersionLoggerListener.log Command line argument:             --add-opens=java.base/java.lang=ALL-UNNAMED
23-Mar-2024 00:26:45.163 INFO [main] org.apache.catalina.startup.VersionLoggerListener.log Command line argument:             --add-opens=java.base/java.io=ALL-UNNAMED
23-Mar-2024 00:26:45.163 INFO [main] org.apache.catalina.startup.VersionLoggerListener.log Command line argument:             --add-opens=java.base/java.util=ALL-UNNAMED
23-Mar-2024 00:26:45.163 INFO [main] org.apache.catalina.startup.VersionLoggerListener.log Command line argument:             --add-opens=java.base/java.util.concurrent=ALL-UNNAMED
23-Mar-2024 00:26:45.163 INFO [main] org.apache.catalina.startup.VersionLoggerListener.log Command line argument:             --add-opens=java.rmi/sun.rmi.transport=ALL-UNNAMED
23-Mar-2024 00:26:45.164 INFO [main] org.apache.catalina.startup.VersionLoggerListener.log Command line argument:             -Djava.util.logging.config.file=/Users/janpierarmijos/Documents/apache-tomcat-9.0.82/conf/logging.properties
23-Mar-2024 00:26:45.164 INFO [main] org.apache.catalina.startup.VersionLoggerListener.log Command line argument:             -Djava.util.logging.manager=org.apache.juli.ClassLoaderLogManager
23-Mar-2024 00:26:45.164 INFO [main] org.apache.catalina.startup.VersionLoggerListener.log Command line argument:             -Djdk.tls.ephemeralDHKeySize=2048
23-Mar-2024 00:26:45.164 INFO [main] org.apache.catalina.startup.VersionLoggerListener.log Command line argument:             -Djava.protocol.handler.pkgs=org.apache.catalina.webresources
23-Mar-2024 00:26:45.165 INFO [main] org.apache.catalina.startup.VersionLoggerListener.log Command line argument:             -Dorg.apache.catalina.security.SecurityListener.UMASK=0027
23-Mar-2024 00:26:45.165 INFO [main] org.apache.catalina.startup.VersionLoggerListener.log Command line argument:             -Dignore.endorsed.dirs=
23-Mar-2024 00:26:45.165 INFO [main] org.apache.catalina.startup.VersionLoggerListener.log Command line argument:             -Dcatalina.base=/Users/janpierarmijos/Documents/apache-tomcat-9.0.82
23-Mar-2024 00:26:45.165 INFO [main] org.apache.catalina.startup.VersionLoggerListener.log Command line argument:             -Dcatalina.home=/Users/janpierarmijos/Documents/apache-tomcat-9.0.82
23-Mar-2024 00:26:45.165 INFO [main] org.apache.catalina.startup.VersionLoggerListener.log Command line argument:             -Djava.io.tmpdir=/Users/janpierarmijos/Documents/apache-tomcat-9.0.82/temp
23-Mar-2024 00:26:45.205 INFO [main] org.apache.catalina.core.AprLifecycleListener.lifecycleEvent La biblioteca nativa de Apache Tomcat basada en ARP que permite un rendimiento óptimo en entornos de desarrollo no ha sido hallada en java.library.path: [/Users/janpierarmijos/Library/Java/Extensions:/Library/Java/Extensions:/Network/Library/Java/Extensions:/System/Library/Java/Extensions:/usr/lib/java:.]
23-Mar-2024 00:26:46.064 INFO [main] org.apache.coyote.AbstractProtocol.init Inicializando el manejador de protocolo ["http-nio-9091"]

23-Mar-2024 00:26:46.125 INFO [main] org.apache.catalina.startup.Catalina.load Server initialization in [1445] milliseconds
23-Mar-2024 00:26:46.171 WARNING [main] java.util.ArrayList.forEach Name = ConexionPG Property maxActive is not used in DBCP2, use maxTotal instead. maxTotal default value is 8. You have set value of "100" for "maxActive" property, which is being ignored.
23-Mar-2024 00:26:46.173 WARNING [main] java.util.ArrayList.forEach Name = ConexionPG Property maxWait is not used in DBCP2 , use maxWaitMillis instead. maxWaitMillis default value is PT-0.001S. You have set value of "10000" for "maxWait" property, which is being ignored.
23-Mar-2024 00:26:46.174 INFO [main] java.util.ArrayList.forEach Name = ConexionPG Ignoring unknown property: value of "jdbc/ConexionPG" for "global" property
23-Mar-2024 00:26:46.285 INFO [main] org.apache.catalina.core.StandardService.startInternal Arrancando servicio [Catalina]
23-Mar-2024 00:26:46.285 INFO [main] org.apache.catalina.core.StandardEngine.startInternal Starting Servlet engine: [Apache Tomcat/9.0.82]
23-Mar-2024 00:26:46.374 INFO [main] org.apache.catalina.startup.HostConfig.deployWAR Despliegue del archivo [/Users/janpierarmijos/Documents/apache-tomcat-9.0.82/webapps/ejemploweb.war] de la aplicación web
23-Mar-2024 00:26:51.056 INFO [main] org.apache.jasper.servlet.TldScanner.scanJars Al menos un JAR, que se ha explorado buscando TLDs, aún no contenía TLDs. Activar historial de depuración para este historiador para una completa lista de los JARs que fueron explorados y de los que nos se halló TLDs. Saltarse JARs no necesarios durante la exploración puede dar lugar a una mejora de tiempo significativa en el arranque y compilación de JSP .
23-Mar-2024 00:26:53.591 INFO [main] org.apache.catalina.startup.HostConfig.deployWAR Deployment of web application archive [/Users/janpierarmijos/Documents/apache-tomcat-9.0.82/webapps/ejemploweb.war] has finished in [7.216] ms
23-Mar-2024 00:26:53.594 INFO [main] org.apache.catalina.startup.HostConfig.deployDirectory Desplegando el directorio [/Users/janpierarmijos/Documents/apache-tomcat-9.0.82/webapps/docs] de la aplicación web
23-Mar-2024 00:26:53.826 INFO [main] org.apache.jasper.servlet.TldScanner.scanJars Al menos un JAR, que se ha explorado buscando TLDs, aún no contenía TLDs. Activar historial de depuración para este historiador para una completa lista de los JARs que fueron explorados y de los que nos se halló TLDs. Saltarse JARs no necesarios durante la exploración puede dar lugar a una mejora de tiempo significativa en el arranque y compilación de JSP .
23-Mar-2024 00:26:53.829 INFO [main] org.apache.catalina.startup.HostConfig.deployDirectory Deployment of web application directory [/Users/janpierarmijos/Documents/apache-tomcat-9.0.82/webapps/docs] has finished in [236] ms
23-Mar-2024 00:26:53.830 INFO [main] org.apache.catalina.startup.HostConfig.deployDirectory Desplegando el directorio [/Users/janpierarmijos/Documents/apache-tomcat-9.0.82/webapps/manager] de la aplicación web
23-Mar-2024 00:26:54.090 INFO [main] org.apache.jasper.servlet.TldScanner.scanJars Al menos un JAR, que se ha explorado buscando TLDs, aún no contenía TLDs. Activar historial de depuración para este historiador para una completa lista de los JARs que fueron explorados y de los que nos se halló TLDs. Saltarse JARs no necesarios durante la exploración puede dar lugar a una mejora de tiempo significativa en el arranque y compilación de JSP .
23-Mar-2024 00:26:54.154 INFO [main] org.apache.catalina.startup.HostConfig.deployDirectory Deployment of web application directory [/Users/janpierarmijos/Documents/apache-tomcat-9.0.82/webapps/manager] has finished in [324] ms
23-Mar-2024 00:26:54.155 INFO [main] org.apache.catalina.startup.HostConfig.deployDirectory Desplegando el directorio [/Users/janpierarmijos/Documents/apache-tomcat-9.0.82/webapps/examples] de la aplicación web
23-Mar-2024 00:26:54.817 INFO [main] org.apache.jasper.servlet.TldScanner.scanJars Al menos un JAR, que se ha explorado buscando TLDs, aún no contenía TLDs. Activar historial de depuración para este historiador para una completa lista de los JARs que fueron explorados y de los que nos se halló TLDs. Saltarse JARs no necesarios durante la exploración puede dar lugar a una mejora de tiempo significativa en el arranque y compilación de JSP .
23-Mar-2024 00:26:54.870 INFO [main] org.apache.catalina.startup.HostConfig.deployDirectory Deployment of web application directory [/Users/janpierarmijos/Documents/apache-tomcat-9.0.82/webapps/examples] has finished in [713] ms
23-Mar-2024 00:26:54.870 INFO [main] org.apache.catalina.startup.HostConfig.deployDirectory Desplegando el directorio [/Users/janpierarmijos/Documents/apache-tomcat-9.0.82/webapps/ROOT] de la aplicación web
23-Mar-2024 00:26:55.089 INFO [main] org.apache.jasper.servlet.TldScanner.scanJars Al menos un JAR, que se ha explorado buscando TLDs, aún no contenía TLDs. Activar historial de depuración para este historiador para una completa lista de los JARs que fueron explorados y de los que nos se halló TLDs. Saltarse JARs no necesarios durante la exploración puede dar lugar a una mejora de tiempo significativa en el arranque y compilación de JSP .
23-Mar-2024 00:26:55.093 INFO [main] org.apache.catalina.startup.HostConfig.deployDirectory Deployment of web application directory [/Users/janpierarmijos/Documents/apache-tomcat-9.0.82/webapps/ROOT] has finished in [223] ms
23-Mar-2024 00:26:55.094 INFO [main] org.apache.catalina.startup.HostConfig.deployDirectory Desplegando el directorio [/Users/janpierarmijos/Documents/apache-tomcat-9.0.82/webapps/host-manager] de la aplicación web
23-Mar-2024 00:26:55.318 INFO [main] org.apache.jasper.servlet.TldScanner.scanJars Al menos un JAR, que se ha explorado buscando TLDs, aún no contenía TLDs. Activar historial de depuración para este historiador para una completa lista de los JARs que fueron explorados y de los que nos se halló TLDs. Saltarse JARs no necesarios durante la exploración puede dar lugar a una mejora de tiempo significativa en el arranque y compilación de JSP .
23-Mar-2024 00:26:55.322 INFO [main] org.apache.catalina.startup.HostConfig.deployDirectory Deployment of web application directory [/Users/janpierarmijos/Documents/apache-tomcat-9.0.82/webapps/host-manager] has finished in [229] ms
23-Mar-2024 00:26:55.329 INFO [main] org.apache.coyote.AbstractProtocol.start Starting ProtocolHandler ["http-nio-9091"]
23-Mar-2024 00:26:55.365 INFO [main] org.apache.catalina.startup.Catalina.start Server startup in [9237] milliseconds
23-Mar-2024 01:46:54.964 INFO [http-nio-9091-exec-3] org.apache.catalina.startup.HostConfig.undeploy Repliegue (undeploy) de la aplicación web que tiene como trayectoria de contexto [/ejemploweb]
23-Mar-2024 01:47:17.371 INFO [http-nio-9091-exec-9] org.apache.catalina.startup.HostConfig.deployWAR Despliegue del archivo [/Users/janpierarmijos/Documents/apache-tomcat-9.0.82/webapps/ejemploweb.war] de la aplicación web
23-Mar-2024 01:47:20.080 INFO [http-nio-9091-exec-9] org.apache.jasper.servlet.TldScanner.scanJars Al menos un JAR, que se ha explorado buscando TLDs, aún no contenía TLDs. Activar historial de depuración para este historiador para una completa lista de los JARs que fueron explorados y de los que nos se halló TLDs. Saltarse JARs no necesarios durante la exploración puede dar lugar a una mejora de tiempo significativa en el arranque y compilación de JSP .
23-Mar-2024 01:47:22.245 INFO [http-nio-9091-exec-9] org.apache.catalina.startup.HostConfig.deployWAR Deployment of web application archive [/Users/janpierarmijos/Documents/apache-tomcat-9.0.82/webapps/ejemploweb.war] has finished in [4.874] ms
23-Mar-2024 01:47:41.197 INFO [main] org.apache.catalina.core.StandardServer.await Se ha recibido un comando de apagado a través del puerto de apagado. Parando la instancia del Servidor.
23-Mar-2024 01:47:41.212 INFO [main] org.apache.coyote.AbstractProtocol.pause Pausing ProtocolHandler ["http-nio-9091"]
23-Mar-2024 01:47:41.227 INFO [main] org.apache.catalina.core.StandardService.stopInternal Parando servicio [Catalina]
23-Mar-2024 01:47:41.443 INFO [main] org.apache.coyote.AbstractProtocol.stop Stopping ProtocolHandler ["http-nio-9091"]
23-Mar-2024 01:47:41.497 INFO [main] org.apache.coyote.AbstractProtocol.destroy Destroying ProtocolHandler ["http-nio-9091"]
23-Mar-2024 01:47:44.403 INFO [main] org.apache.catalina.startup.VersionLoggerListener.log Nombre de la versión del servidor: Apache Tomcat/9.0.82
23-Mar-2024 01:47:44.411 INFO [main] org.apache.catalina.startup.VersionLoggerListener.log Server built:                      Oct 11 2023 13:15:08 UTC
23-Mar-2024 01:47:44.411 INFO [main] org.apache.catalina.startup.VersionLoggerListener.log Número de versión de servidor:     9.0.82.0
23-Mar-2024 01:47:44.411 INFO [main] org.apache.catalina.startup.VersionLoggerListener.log OS Name:                           Mac OS X
23-Mar-2024 01:47:44.412 INFO [main] org.apache.catalina.startup.VersionLoggerListener.log Versión de Systema Operativo:      11.7.10
23-Mar-2024 01:47:44.412 INFO [main] org.apache.catalina.startup.VersionLoggerListener.log Arquitectura:                      x86_64
23-Mar-2024 01:47:44.412 INFO [main] org.apache.catalina.startup.VersionLoggerListener.log Java Home:                         /Library/Java/JavaVirtualMachines/jdk-21.jdk/Contents/Home
23-Mar-2024 01:47:44.412 INFO [main] org.apache.catalina.startup.VersionLoggerListener.log JVM Version:                       21.0.2+13-LTS-58
23-Mar-2024 01:47:44.412 INFO [main] org.apache.catalina.startup.VersionLoggerListener.log Vededor JVM:                       Oracle Corporation
23-Mar-2024 01:47:44.413 INFO [main] org.apache.catalina.startup.VersionLoggerListener.log CATALINA_BASE:                     /Users/janpierarmijos/Documents/apache-tomcat-9.0.82
23-Mar-2024 01:47:44.413 INFO [main] org.apache.catalina.startup.VersionLoggerListener.log CATALINA_HOME:                     /Users/janpierarmijos/Documents/apache-tomcat-9.0.82
23-Mar-2024 01:47:44.443 INFO [main] org.apache.catalina.startup.VersionLoggerListener.log Command line argument:             --add-opens=java.base/java.lang=ALL-UNNAMED
23-Mar-2024 01:47:44.443 INFO [main] org.apache.catalina.startup.VersionLoggerListener.log Command line argument:             --add-opens=java.base/java.io=ALL-UNNAMED
23-Mar-2024 01:47:44.443 INFO [main] org.apache.catalina.startup.VersionLoggerListener.log Command line argument:             --add-opens=java.base/java.util=ALL-UNNAMED
23-Mar-2024 01:47:44.444 INFO [main] org.apache.catalina.startup.VersionLoggerListener.log Command line argument:             --add-opens=java.base/java.util.concurrent=ALL-UNNAMED
23-Mar-2024 01:47:44.444 INFO [main] org.apache.catalina.startup.VersionLoggerListener.log Command line argument:             --add-opens=java.rmi/sun.rmi.transport=ALL-UNNAMED
23-Mar-2024 01:47:44.444 INFO [main] org.apache.catalina.startup.VersionLoggerListener.log Command line argument:             -Djava.util.logging.config.file=/Users/janpierarmijos/Documents/apache-tomcat-9.0.82/conf/logging.properties
23-Mar-2024 01:47:44.444 INFO [main] org.apache.catalina.startup.VersionLoggerListener.log Command line argument:             -Djava.util.logging.manager=org.apache.juli.ClassLoaderLogManager
23-Mar-2024 01:47:44.444 INFO [main] org.apache.catalina.startup.VersionLoggerListener.log Command line argument:             -Djdk.tls.ephemeralDHKeySize=2048
23-Mar-2024 01:47:44.444 INFO [main] org.apache.catalina.startup.VersionLoggerListener.log Command line argument:             -Djava.protocol.handler.pkgs=org.apache.catalina.webresources
23-Mar-2024 01:47:44.445 INFO [main] org.apache.catalina.startup.VersionLoggerListener.log Command line argument:             -Dorg.apache.catalina.security.SecurityListener.UMASK=0027
23-Mar-2024 01:47:44.445 INFO [main] org.apache.catalina.startup.VersionLoggerListener.log Command line argument:             -Dignore.endorsed.dirs=
23-Mar-2024 01:47:44.445 INFO [main] org.apache.catalina.startup.VersionLoggerListener.log Command line argument:             -Dcatalina.base=/Users/janpierarmijos/Documents/apache-tomcat-9.0.82
23-Mar-2024 01:47:44.445 INFO [main] org.apache.catalina.startup.VersionLoggerListener.log Command line argument:             -Dcatalina.home=/Users/janpierarmijos/Documents/apache-tomcat-9.0.82
23-Mar-2024 01:47:44.445 INFO [main] org.apache.catalina.startup.VersionLoggerListener.log Command line argument:             -Djava.io.tmpdir=/Users/janpierarmijos/Documents/apache-tomcat-9.0.82/temp
23-Mar-2024 01:47:44.479 INFO [main] org.apache.catalina.core.AprLifecycleListener.lifecycleEvent La biblioteca nativa de Apache Tomcat basada en ARP que permite un rendimiento óptimo en entornos de desarrollo no ha sido hallada en java.library.path: [/Users/janpierarmijos/Library/Java/Extensions:/Library/Java/Extensions:/Network/Library/Java/Extensions:/System/Library/Java/Extensions:/usr/lib/java:.]
23-Mar-2024 01:47:45.459 INFO [main] org.apache.coyote.AbstractProtocol.init Inicializando el manejador de protocolo ["http-nio-9091"]

23-Mar-2024 01:47:45.522 INFO [main] org.apache.catalina.startup.Catalina.load Server initialization in [1765] milliseconds
23-Mar-2024 01:47:45.564 WARNING [main] java.util.ArrayList.forEach Name = ConexionPG Property maxActive is not used in DBCP2, use maxTotal instead. maxTotal default value is 8. You have set value of "100" for "maxActive" property, which is being ignored.
23-Mar-2024 01:47:45.565 WARNING [main] java.util.ArrayList.forEach Name = ConexionPG Property maxWait is not used in DBCP2 , use maxWaitMillis instead. maxWaitMillis default value is PT-0.001S. You have set value of "10000" for "maxWait" property, which is being ignored.
23-Mar-2024 01:47:45.565 INFO [main] java.util.ArrayList.forEach Name = ConexionPG Ignoring unknown property: value of "jdbc/ConexionPG" for "global" property
23-Mar-2024 01:47:45.740 INFO [main] org.apache.catalina.core.StandardService.startInternal Arrancando servicio [Catalina]
23-Mar-2024 01:47:45.741 INFO [main] org.apache.catalina.core.StandardEngine.startInternal Starting Servlet engine: [Apache Tomcat/9.0.82]
23-Mar-2024 01:47:46.140 INFO [main] org.apache.catalina.startup.HostConfig.deployWAR Despliegue del archivo [/Users/janpierarmijos/Documents/apache-tomcat-9.0.82/webapps/ejemploweb.war] de la aplicación web
23-Mar-2024 01:47:50.661 INFO [main] org.apache.jasper.servlet.TldScanner.scanJars Al menos un JAR, que se ha explorado buscando TLDs, aún no contenía TLDs. Activar historial de depuración para este historiador para una completa lista de los JARs que fueron explorados y de los que nos se halló TLDs. Saltarse JARs no necesarios durante la exploración puede dar lugar a una mejora de tiempo significativa en el arranque y compilación de JSP .
23-Mar-2024 01:47:53.155 INFO [main] org.apache.catalina.startup.HostConfig.deployWAR Deployment of web application archive [/Users/janpierarmijos/Documents/apache-tomcat-9.0.82/webapps/ejemploweb.war] has finished in [7.014] ms
23-Mar-2024 01:47:53.158 INFO [main] org.apache.catalina.startup.HostConfig.deployDirectory Desplegando el directorio [/Users/janpierarmijos/Documents/apache-tomcat-9.0.82/webapps/docs] de la aplicación web
23-Mar-2024 01:47:53.563 INFO [main] org.apache.jasper.servlet.TldScanner.scanJars Al menos un JAR, que se ha explorado buscando TLDs, aún no contenía TLDs. Activar historial de depuración para este historiador para una completa lista de los JARs que fueron explorados y de los que nos se halló TLDs. Saltarse JARs no necesarios durante la exploración puede dar lugar a una mejora de tiempo significativa en el arranque y compilación de JSP .
23-Mar-2024 01:47:53.567 INFO [main] org.apache.catalina.startup.HostConfig.deployDirectory Deployment of web application directory [/Users/janpierarmijos/Documents/apache-tomcat-9.0.82/webapps/docs] has finished in [409] ms
23-Mar-2024 01:47:53.567 INFO [main] org.apache.catalina.startup.HostConfig.deployDirectory Desplegando el directorio [/Users/janpierarmijos/Documents/apache-tomcat-9.0.82/webapps/manager] de la aplicación web
23-Mar-2024 01:47:53.774 INFO [main] org.apache.jasper.servlet.TldScanner.scanJars Al menos un JAR, que se ha explorado buscando TLDs, aún no contenía TLDs. Activar historial de depuración para este historiador para una completa lista de los JARs que fueron explorados y de los que nos se halló TLDs. Saltarse JARs no necesarios durante la exploración puede dar lugar a una mejora de tiempo significativa en el arranque y compilación de JSP .
23-Mar-2024 01:47:53.829 INFO [main] org.apache.catalina.startup.HostConfig.deployDirectory Deployment of web application directory [/Users/janpierarmijos/Documents/apache-tomcat-9.0.82/webapps/manager] has finished in [261] ms
23-Mar-2024 01:47:53.829 INFO [main] org.apache.catalina.startup.HostConfig.deployDirectory Desplegando el directorio [/Users/janpierarmijos/Documents/apache-tomcat-9.0.82/webapps/examples] de la aplicación web
23-Mar-2024 01:47:54.310 INFO [main] org.apache.jasper.servlet.TldScanner.scanJars Al menos un JAR, que se ha explorado buscando TLDs, aún no contenía TLDs. Activar historial de depuración para este historiador para una completa lista de los JARs que fueron explorados y de los que nos se halló TLDs. Saltarse JARs no necesarios durante la exploración puede dar lugar a una mejora de tiempo significativa en el arranque y compilación de JSP .
23-Mar-2024 01:47:54.338 INFO [main] org.apache.catalina.startup.HostConfig.deployDirectory Deployment of web application directory [/Users/janpierarmijos/Documents/apache-tomcat-9.0.82/webapps/examples] has finished in [509] ms
23-Mar-2024 01:47:54.339 INFO [main] org.apache.catalina.startup.HostConfig.deployDirectory Desplegando el directorio [/Users/janpierarmijos/Documents/apache-tomcat-9.0.82/webapps/ROOT] de la aplicación web
23-Mar-2024 01:47:54.481 INFO [main] org.apache.jasper.servlet.TldScanner.scanJars Al menos un JAR, que se ha explorado buscando TLDs, aún no contenía TLDs. Activar historial de depuración para este historiador para una completa lista de los JARs que fueron explorados y de los que nos se halló TLDs. Saltarse JARs no necesarios durante la exploración puede dar lugar a una mejora de tiempo significativa en el arranque y compilación de JSP .
23-Mar-2024 01:47:54.484 INFO [main] org.apache.catalina.startup.HostConfig.deployDirectory Deployment of web application directory [/Users/janpierarmijos/Documents/apache-tomcat-9.0.82/webapps/ROOT] has finished in [145] ms
23-Mar-2024 01:47:54.484 INFO [main] org.apache.catalina.startup.HostConfig.deployDirectory Desplegando el directorio [/Users/janpierarmijos/Documents/apache-tomcat-9.0.82/webapps/host-manager] de la aplicación web
23-Mar-2024 01:47:54.642 INFO [main] org.apache.jasper.servlet.TldScanner.scanJars Al menos un JAR, que se ha explorado buscando TLDs, aún no contenía TLDs. Activar historial de depuración para este historiador para una completa lista de los JARs que fueron explorados y de los que nos se halló TLDs. Saltarse JARs no necesarios durante la exploración puede dar lugar a una mejora de tiempo significativa en el arranque y compilación de JSP .
23-Mar-2024 01:47:54.645 INFO [main] org.apache.catalina.startup.HostConfig.deployDirectory Deployment of web application directory [/Users/janpierarmijos/Documents/apache-tomcat-9.0.82/webapps/host-manager] has finished in [161] ms
23-Mar-2024 01:47:54.654 INFO [main] org.apache.coyote.AbstractProtocol.start Starting ProtocolHandler ["http-nio-9091"]
23-Mar-2024 01:47:54.698 INFO [main] org.apache.catalina.startup.Catalina.start Server startup in [9173] milliseconds
23-Mar-2024 01:53:17.724 INFO [main] org.apache.catalina.core.StandardServer.await Se ha recibido un comando de apagado a través del puerto de apagado. Parando la instancia del Servidor.
23-Mar-2024 01:53:17.734 INFO [main] org.apache.coyote.AbstractProtocol.pause Pausing ProtocolHandler ["http-nio-9091"]
23-Mar-2024 01:53:17.749 INFO [main] org.apache.catalina.core.StandardService.stopInternal Parando servicio [Catalina]
23-Mar-2024 01:53:18.020 INFO [main] org.apache.coyote.AbstractProtocol.stop Stopping ProtocolHandler ["http-nio-9091"]
23-Mar-2024 01:53:18.084 INFO [main] org.apache.coyote.AbstractProtocol.destroy Destroying ProtocolHandler ["http-nio-9091"]
23-Mar-2024 20:01:00.505 INFO [main] org.apache.catalina.startup.VersionLoggerListener.log Nombre de la versión del servidor: Apache Tomcat/9.0.82
23-Mar-2024 20:01:00.515 INFO [main] org.apache.catalina.startup.VersionLoggerListener.log Server built:                      Oct 11 2023 13:15:08 UTC
23-Mar-2024 20:01:00.516 INFO [main] org.apache.catalina.startup.VersionLoggerListener.log Número de versión de servidor:     9.0.82.0
23-Mar-2024 20:01:00.516 INFO [main] org.apache.catalina.startup.VersionLoggerListener.log OS Name:                           Mac OS X
23-Mar-2024 20:01:00.517 INFO [main] org.apache.catalina.startup.VersionLoggerListener.log Versión de Systema Operativo:      11.7.10
23-Mar-2024 20:01:00.517 INFO [main] org.apache.catalina.startup.VersionLoggerListener.log Arquitectura:                      x86_64
23-Mar-2024 20:01:00.517 INFO [main] org.apache.catalina.startup.VersionLoggerListener.log Java Home:                         /Library/Java/JavaVirtualMachines/jdk-21.jdk/Contents/Home
23-Mar-2024 20:01:00.517 INFO [main] org.apache.catalina.startup.VersionLoggerListener.log JVM Version:                       21.0.2+13-LTS-58
23-Mar-2024 20:01:00.518 INFO [main] org.apache.catalina.startup.VersionLoggerListener.log Vededor JVM:                       Oracle Corporation
23-Mar-2024 20:01:00.518 INFO [main] org.apache.catalina.startup.VersionLoggerListener.log CATALINA_BASE:                     /Users/janpierarmijos/Documents/apache-tomcat-9.0.82
23-Mar-2024 20:01:00.518 INFO [main] org.apache.catalina.startup.VersionLoggerListener.log CATALINA_HOME:                     /Users/janpierarmijos/Documents/apache-tomcat-9.0.82
23-Mar-2024 20:01:00.627 INFO [main] org.apache.catalina.startup.VersionLoggerListener.log Command line argument:             --add-opens=java.base/java.lang=ALL-UNNAMED
23-Mar-2024 20:01:00.628 INFO [main] org.apache.catalina.startup.VersionLoggerListener.log Command line argument:             --add-opens=java.base/java.io=ALL-UNNAMED
23-Mar-2024 20:01:00.628 INFO [main] org.apache.catalina.startup.VersionLoggerListener.log Command line argument:             --add-opens=java.base/java.util=ALL-UNNAMED
23-Mar-2024 20:01:00.628 INFO [main] org.apache.catalina.startup.VersionLoggerListener.log Command line argument:             --add-opens=java.base/java.util.concurrent=ALL-UNNAMED
23-Mar-2024 20:01:00.628 INFO [main] org.apache.catalina.startup.VersionLoggerListener.log Command line argument:             --add-opens=java.rmi/sun.rmi.transport=ALL-UNNAMED
23-Mar-2024 20:01:00.629 INFO [main] org.apache.catalina.startup.VersionLoggerListener.log Command line argument:             -Djava.util.logging.config.file=/Users/janpierarmijos/Documents/apache-tomcat-9.0.82/conf/logging.properties
23-Mar-2024 20:01:00.629 INFO [main] org.apache.catalina.startup.VersionLoggerListener.log Command line argument:             -Djava.util.logging.manager=org.apache.juli.ClassLoaderLogManager
23-Mar-2024 20:01:00.629 INFO [main] org.apache.catalina.startup.VersionLoggerListener.log Command line argument:             -Djdk.tls.ephemeralDHKeySize=2048
23-Mar-2024 20:01:00.629 INFO [main] org.apache.catalina.startup.VersionLoggerListener.log Command line argument:             -Djava.protocol.handler.pkgs=org.apache.catalina.webresources
23-Mar-2024 20:01:00.630 INFO [main] org.apache.catalina.startup.VersionLoggerListener.log Command line argument:             -Dorg.apache.catalina.security.SecurityListener.UMASK=0027
23-Mar-2024 20:01:00.631 INFO [main] org.apache.catalina.startup.VersionLoggerListener.log Command line argument:             -Dignore.endorsed.dirs=
23-Mar-2024 20:01:00.631 INFO [main] org.apache.catalina.startup.VersionLoggerListener.log Command line argument:             -Dcatalina.base=/Users/janpierarmijos/Documents/apache-tomcat-9.0.82
23-Mar-2024 20:01:00.632 INFO [main] org.apache.catalina.startup.VersionLoggerListener.log Command line argument:             -Dcatalina.home=/Users/janpierarmijos/Documents/apache-tomcat-9.0.82
23-Mar-2024 20:01:00.632 INFO [main] org.apache.catalina.startup.VersionLoggerListener.log Command line argument:             -Djava.io.tmpdir=/Users/janpierarmijos/Documents/apache-tomcat-9.0.82/temp
23-Mar-2024 20:01:00.680 INFO [main] org.apache.catalina.core.AprLifecycleListener.lifecycleEvent La biblioteca nativa de Apache Tomcat basada en ARP que permite un rendimiento óptimo en entornos de desarrollo no ha sido hallada en java.library.path: [/Users/janpierarmijos/Library/Java/Extensions:/Library/Java/Extensions:/Network/Library/Java/Extensions:/System/Library/Java/Extensions:/usr/lib/java:.]
23-Mar-2024 20:01:01.804 INFO [main] org.apache.coyote.AbstractProtocol.init Inicializando el manejador de protocolo ["http-nio-9091"]

23-Mar-2024 20:01:01.924 INFO [main] org.apache.catalina.startup.Catalina.load Server initialization in [2407] milliseconds
23-Mar-2024 20:01:01.979 WARNING [main] java.util.ArrayList.forEach Name = ConexionPG Property maxActive is not used in DBCP2, use maxTotal instead. maxTotal default value is 8. You have set value of "100" for "maxActive" property, which is being ignored.
23-Mar-2024 20:01:01.980 WARNING [main] java.util.ArrayList.forEach Name = ConexionPG Property maxWait is not used in DBCP2 , use maxWaitMillis instead. maxWaitMillis default value is PT-0.001S. You have set value of "10000" for "maxWait" property, which is being ignored.
23-Mar-2024 20:01:01.980 INFO [main] java.util.ArrayList.forEach Name = ConexionPG Ignoring unknown property: value of "jdbc/ConexionPG" for "global" property
23-Mar-2024 20:01:02.084 INFO [main] org.apache.catalina.core.StandardService.startInternal Arrancando servicio [Catalina]
23-Mar-2024 20:01:02.084 INFO [main] org.apache.catalina.core.StandardEngine.startInternal Starting Servlet engine: [Apache Tomcat/9.0.82]
23-Mar-2024 20:01:02.125 INFO [main] org.apache.catalina.startup.HostConfig.deployWAR Despliegue del archivo [/Users/janpierarmijos/Documents/apache-tomcat-9.0.82/webapps/ejemploweb.war] de la aplicación web
23-Mar-2024 20:01:04.666 INFO [main] org.apache.jasper.servlet.TldScanner.scanJars Al menos un JAR, que se ha explorado buscando TLDs, aún no contenía TLDs. Activar historial de depuración para este historiador para una completa lista de los JARs que fueron explorados y de los que nos se halló TLDs. Saltarse JARs no necesarios durante la exploración puede dar lugar a una mejora de tiempo significativa en el arranque y compilación de JSP .
23-Mar-2024 20:01:06.165 INFO [main] org.apache.catalina.startup.HostConfig.deployWAR Deployment of web application archive [/Users/janpierarmijos/Documents/apache-tomcat-9.0.82/webapps/ejemploweb.war] has finished in [4.038] ms
23-Mar-2024 20:01:06.168 INFO [main] org.apache.catalina.startup.HostConfig.deployDirectory Desplegando el directorio [/Users/janpierarmijos/Documents/apache-tomcat-9.0.82/webapps/docs] de la aplicación web
23-Mar-2024 20:01:06.337 INFO [main] org.apache.jasper.servlet.TldScanner.scanJars Al menos un JAR, que se ha explorado buscando TLDs, aún no contenía TLDs. Activar historial de depuración para este historiador para una completa lista de los JARs que fueron explorados y de los que nos se halló TLDs. Saltarse JARs no necesarios durante la exploración puede dar lugar a una mejora de tiempo significativa en el arranque y compilación de JSP .
23-Mar-2024 20:01:06.341 INFO [main] org.apache.catalina.startup.HostConfig.deployDirectory Deployment of web application directory [/Users/janpierarmijos/Documents/apache-tomcat-9.0.82/webapps/docs] has finished in [172] ms
23-Mar-2024 20:01:06.341 INFO [main] org.apache.catalina.startup.HostConfig.deployDirectory Desplegando el directorio [/Users/janpierarmijos/Documents/apache-tomcat-9.0.82/webapps/manager] de la aplicación web
23-Mar-2024 20:01:06.525 INFO [main] org.apache.jasper.servlet.TldScanner.scanJars Al menos un JAR, que se ha explorado buscando TLDs, aún no contenía TLDs. Activar historial de depuración para este historiador para una completa lista de los JARs que fueron explorados y de los que nos se halló TLDs. Saltarse JARs no necesarios durante la exploración puede dar lugar a una mejora de tiempo significativa en el arranque y compilación de JSP .
23-Mar-2024 20:01:06.573 INFO [main] org.apache.catalina.startup.HostConfig.deployDirectory Deployment of web application directory [/Users/janpierarmijos/Documents/apache-tomcat-9.0.82/webapps/manager] has finished in [231] ms
23-Mar-2024 20:01:06.573 INFO [main] org.apache.catalina.startup.HostConfig.deployDirectory Desplegando el directorio [/Users/janpierarmijos/Documents/apache-tomcat-9.0.82/webapps/examples] de la aplicación web
23-Mar-2024 20:01:07.138 INFO [main] org.apache.jasper.servlet.TldScanner.scanJars Al menos un JAR, que se ha explorado buscando TLDs, aún no contenía TLDs. Activar historial de depuración para este historiador para una completa lista de los JARs que fueron explorados y de los que nos se halló TLDs. Saltarse JARs no necesarios durante la exploración puede dar lugar a una mejora de tiempo significativa en el arranque y compilación de JSP .
23-Mar-2024 20:01:07.169 INFO [main] org.apache.catalina.startup.HostConfig.deployDirectory Deployment of web application directory [/Users/janpierarmijos/Documents/apache-tomcat-9.0.82/webapps/examples] has finished in [595] ms
23-Mar-2024 20:01:07.169 INFO [main] org.apache.catalina.startup.HostConfig.deployDirectory Desplegando el directorio [/Users/janpierarmijos/Documents/apache-tomcat-9.0.82/webapps/ROOT] de la aplicación web
23-Mar-2024 20:01:07.357 INFO [main] org.apache.jasper.servlet.TldScanner.scanJars Al menos un JAR, que se ha explorado buscando TLDs, aún no contenía TLDs. Activar historial de depuración para este historiador para una completa lista de los JARs que fueron explorados y de los que nos se halló TLDs. Saltarse JARs no necesarios durante la exploración puede dar lugar a una mejora de tiempo significativa en el arranque y compilación de JSP .
23-Mar-2024 20:01:07.360 INFO [main] org.apache.catalina.startup.HostConfig.deployDirectory Deployment of web application directory [/Users/janpierarmijos/Documents/apache-tomcat-9.0.82/webapps/ROOT] has finished in [190] ms
23-Mar-2024 20:01:07.360 INFO [main] org.apache.catalina.startup.HostConfig.deployDirectory Desplegando el directorio [/Users/janpierarmijos/Documents/apache-tomcat-9.0.82/webapps/host-manager] de la aplicación web
23-Mar-2024 20:01:07.530 INFO [main] org.apache.jasper.servlet.TldScanner.scanJars Al menos un JAR, que se ha explorado buscando TLDs, aún no contenía TLDs. Activar historial de depuración para este historiador para una completa lista de los JARs que fueron explorados y de los que nos se halló TLDs. Saltarse JARs no necesarios durante la exploración puede dar lugar a una mejora de tiempo significativa en el arranque y compilación de JSP .
23-Mar-2024 20:01:07.534 INFO [main] org.apache.catalina.startup.HostConfig.deployDirectory Deployment of web application directory [/Users/janpierarmijos/Documents/apache-tomcat-9.0.82/webapps/host-manager] has finished in [174] ms
23-Mar-2024 20:01:07.548 INFO [main] org.apache.coyote.AbstractProtocol.start Starting ProtocolHandler ["http-nio-9091"]
23-Mar-2024 20:01:07.578 INFO [main] org.apache.catalina.startup.Catalina.start Server startup in [5651] milliseconds
23-Mar-2024 20:01:34.789 INFO [http-nio-9091-exec-3] org.apache.catalina.core.StandardContext.reload Ha comenzado la recarga de Contexto [/ejemploweb]
23-Mar-2024 20:01:36.631 INFO [http-nio-9091-exec-3] org.apache.jasper.servlet.TldScanner.scanJars Al menos un JAR, que se ha explorado buscando TLDs, aún no contenía TLDs. Activar historial de depuración para este historiador para una completa lista de los JARs que fueron explorados y de los que nos se halló TLDs. Saltarse JARs no necesarios durante la exploración puede dar lugar a una mejora de tiempo significativa en el arranque y compilación de JSP .
23-Mar-2024 20:01:37.698 INFO [http-nio-9091-exec-3] org.apache.catalina.core.StandardContext.reload Se ha completado la recarga de este Contexto
23-Mar-2024 20:02:36.847 INFO [http-nio-9091-exec-1] org.apache.catalina.util.LifecycleBase.stop The stop() method was called on component [StandardEngine[Catalina].StandardHost[localhost].StandardContext[/ejemploweb]] after stop() had already been called. The second call will be ignored.
23-Mar-2024 20:02:37.440 INFO [http-nio-9091-exec-1] org.apache.catalina.startup.HostConfig.undeploy Repliegue (undeploy) de la aplicación web que tiene como trayectoria de contexto [/ejemploweb]
23-Mar-2024 20:03:03.816 INFO [http-nio-9091-exec-13] org.apache.catalina.startup.HostConfig.deployWAR Despliegue del archivo [/Users/janpierarmijos/Documents/apache-tomcat-9.0.82/webapps/ejemploweb.war] de la aplicación web
23-Mar-2024 20:03:05.517 INFO [http-nio-9091-exec-13] org.apache.jasper.servlet.TldScanner.scanJars Al menos un JAR, que se ha explorado buscando TLDs, aún no contenía TLDs. Activar historial de depuración para este historiador para una completa lista de los JARs que fueron explorados y de los que nos se halló TLDs. Saltarse JARs no necesarios durante la exploración puede dar lugar a una mejora de tiempo significativa en el arranque y compilación de JSP .
23-Mar-2024 20:03:06.551 INFO [http-nio-9091-exec-13] org.apache.catalina.startup.HostConfig.deployWAR Deployment of web application archive [/Users/janpierarmijos/Documents/apache-tomcat-9.0.82/webapps/ejemploweb.war] has finished in [2.735] ms
23-Mar-2024 20:03:32.807 INFO [main] org.apache.catalina.core.StandardServer.await Se ha recibido un comando de apagado a través del puerto de apagado. Parando la instancia del Servidor.
23-Mar-2024 20:03:32.813 INFO [main] org.apache.coyote.AbstractProtocol.pause Pausing ProtocolHandler ["http-nio-9091"]
23-Mar-2024 20:03:32.836 INFO [main] org.apache.catalina.core.StandardService.stopInternal Parando servicio [Catalina]
23-Mar-2024 20:03:33.012 INFO [main] org.apache.coyote.AbstractProtocol.stop Stopping ProtocolHandler ["http-nio-9091"]
23-Mar-2024 20:03:33.034 INFO [main] org.apache.coyote.AbstractProtocol.destroy Destroying ProtocolHandler ["http-nio-9091"]
23-Mar-2024 20:03:36.488 INFO [main] org.apache.catalina.startup.VersionLoggerListener.log Nombre de la versión del servidor: Apache Tomcat/9.0.82
23-Mar-2024 20:03:36.495 INFO [main] org.apache.catalina.startup.VersionLoggerListener.log Server built:                      Oct 11 2023 13:15:08 UTC
23-Mar-2024 20:03:36.496 INFO [main] org.apache.catalina.startup.VersionLoggerListener.log Número de versión de servidor:     9.0.82.0
23-Mar-2024 20:03:36.496 INFO [main] org.apache.catalina.startup.VersionLoggerListener.log OS Name:                           Mac OS X
23-Mar-2024 20:03:36.496 INFO [main] org.apache.catalina.startup.VersionLoggerListener.log Versión de Systema Operativo:      11.7.10
23-Mar-2024 20:03:36.497 INFO [main] org.apache.catalina.startup.VersionLoggerListener.log Arquitectura:                      x86_64
23-Mar-2024 20:03:36.497 INFO [main] org.apache.catalina.startup.VersionLoggerListener.log Java Home:                         /Library/Java/JavaVirtualMachines/jdk-21.jdk/Contents/Home
23-Mar-2024 20:03:36.497 INFO [main] org.apache.catalina.startup.VersionLoggerListener.log JVM Version:                       21.0.2+13-LTS-58
23-Mar-2024 20:03:36.497 INFO [main] org.apache.catalina.startup.VersionLoggerListener.log Vededor JVM:                       Oracle Corporation
23-Mar-2024 20:03:36.498 INFO [main] org.apache.catalina.startup.VersionLoggerListener.log CATALINA_BASE:                     /Users/janpierarmijos/Documents/apache-tomcat-9.0.82
23-Mar-2024 20:03:36.498 INFO [main] org.apache.catalina.startup.VersionLoggerListener.log CATALINA_HOME:                     /Users/janpierarmijos/Documents/apache-tomcat-9.0.82
23-Mar-2024 20:03:36.530 INFO [main] org.apache.catalina.startup.VersionLoggerListener.log Command line argument:             --add-opens=java.base/java.lang=ALL-UNNAMED
23-Mar-2024 20:03:36.530 INFO [main] org.apache.catalina.startup.VersionLoggerListener.log Command line argument:             --add-opens=java.base/java.io=ALL-UNNAMED
23-Mar-2024 20:03:36.531 INFO [main] org.apache.catalina.startup.VersionLoggerListener.log Command line argument:             --add-opens=java.base/java.util=ALL-UNNAMED
23-Mar-2024 20:03:36.531 INFO [main] org.apache.catalina.startup.VersionLoggerListener.log Command line argument:             --add-opens=java.base/java.util.concurrent=ALL-UNNAMED
23-Mar-2024 20:03:36.531 INFO [main] org.apache.catalina.startup.VersionLoggerListener.log Command line argument:             --add-opens=java.rmi/sun.rmi.transport=ALL-UNNAMED
23-Mar-2024 20:03:36.531 INFO [main] org.apache.catalina.startup.VersionLoggerListener.log Command line argument:             -Djava.util.logging.config.file=/Users/janpierarmijos/Documents/apache-tomcat-9.0.82/conf/logging.properties
23-Mar-2024 20:03:36.531 INFO [main] org.apache.catalina.startup.VersionLoggerListener.log Command line argument:             -Djava.util.logging.manager=org.apache.juli.ClassLoaderLogManager
23-Mar-2024 20:03:36.532 INFO [main] org.apache.catalina.startup.VersionLoggerListener.log Command line argument:             -Djdk.tls.ephemeralDHKeySize=2048
23-Mar-2024 20:03:36.532 INFO [main] org.apache.catalina.startup.VersionLoggerListener.log Command line argument:             -Djava.protocol.handler.pkgs=org.apache.catalina.webresources
23-Mar-2024 20:03:36.532 INFO [main] org.apache.catalina.startup.VersionLoggerListener.log Command line argument:             -Dorg.apache.catalina.security.SecurityListener.UMASK=0027
23-Mar-2024 20:03:36.533 INFO [main] org.apache.catalina.startup.VersionLoggerListener.log Command line argument:             -Dignore.endorsed.dirs=
23-Mar-2024 20:03:36.533 INFO [main] org.apache.catalina.startup.VersionLoggerListener.log Command line argument:             -Dcatalina.base=/Users/janpierarmijos/Documents/apache-tomcat-9.0.82
23-Mar-2024 20:03:36.533 INFO [main] org.apache.catalina.startup.VersionLoggerListener.log Command line argument:             -Dcatalina.home=/Users/janpierarmijos/Documents/apache-tomcat-9.0.82
23-Mar-2024 20:03:36.533 INFO [main] org.apache.catalina.startup.VersionLoggerListener.log Command line argument:             -Djava.io.tmpdir=/Users/janpierarmijos/Documents/apache-tomcat-9.0.82/temp
23-Mar-2024 20:03:36.568 INFO [main] org.apache.catalina.core.AprLifecycleListener.lifecycleEvent La biblioteca nativa de Apache Tomcat basada en ARP que permite un rendimiento óptimo en entornos de desarrollo no ha sido hallada en java.library.path: [/Users/janpierarmijos/Library/Java/Extensions:/Library/Java/Extensions:/Network/Library/Java/Extensions:/System/Library/Java/Extensions:/usr/lib/java:.]
23-Mar-2024 20:03:37.586 INFO [main] org.apache.coyote.AbstractProtocol.init Inicializando el manejador de protocolo ["http-nio-9091"]

23-Mar-2024 20:03:37.665 INFO [main] org.apache.catalina.startup.Catalina.load Server initialization in [1616] milliseconds
23-Mar-2024 20:03:37.709 WARNING [main] java.util.ArrayList.forEach Name = ConexionPG Property maxActive is not used in DBCP2, use maxTotal instead. maxTotal default value is 8. You have set value of "100" for "maxActive" property, which is being ignored.
23-Mar-2024 20:03:37.710 WARNING [main] java.util.ArrayList.forEach Name = ConexionPG Property maxWait is not used in DBCP2 , use maxWaitMillis instead. maxWaitMillis default value is PT-0.001S. You have set value of "10000" for "maxWait" property, which is being ignored.
23-Mar-2024 20:03:37.711 INFO [main] java.util.ArrayList.forEach Name = ConexionPG Ignoring unknown property: value of "jdbc/ConexionPG" for "global" property
23-Mar-2024 20:03:37.831 INFO [main] org.apache.catalina.core.StandardService.startInternal Arrancando servicio [Catalina]
23-Mar-2024 20:03:37.832 INFO [main] org.apache.catalina.core.StandardEngine.startInternal Starting Servlet engine: [Apache Tomcat/9.0.82]
23-Mar-2024 20:03:37.862 INFO [main] org.apache.catalina.startup.HostConfig.deployWAR Despliegue del archivo [/Users/janpierarmijos/Documents/apache-tomcat-9.0.82/webapps/ejemploweb.war] de la aplicación web
23-Mar-2024 20:03:43.905 INFO [main] org.apache.jasper.servlet.TldScanner.scanJars Al menos un JAR, que se ha explorado buscando TLDs, aún no contenía TLDs. Activar historial de depuración para este historiador para una completa lista de los JARs que fueron explorados y de los que nos se halló TLDs. Saltarse JARs no necesarios durante la exploración puede dar lugar a una mejora de tiempo significativa en el arranque y compilación de JSP .
23-Mar-2024 20:03:46.603 INFO [main] org.apache.catalina.startup.HostConfig.deployWAR Deployment of web application archive [/Users/janpierarmijos/Documents/apache-tomcat-9.0.82/webapps/ejemploweb.war] has finished in [8.739] ms
23-Mar-2024 20:03:46.629 INFO [main] org.apache.catalina.startup.HostConfig.deployDirectory Desplegando el directorio [/Users/janpierarmijos/Documents/apache-tomcat-9.0.82/webapps/docs] de la aplicación web
23-Mar-2024 20:03:46.967 INFO [main] org.apache.jasper.servlet.TldScanner.scanJars Al menos un JAR, que se ha explorado buscando TLDs, aún no contenía TLDs. Activar historial de depuración para este historiador para una completa lista de los JARs que fueron explorados y de los que nos se halló TLDs. Saltarse JARs no necesarios durante la exploración puede dar lugar a una mejora de tiempo significativa en el arranque y compilación de JSP .
23-Mar-2024 20:03:46.971 INFO [main] org.apache.catalina.startup.HostConfig.deployDirectory Deployment of web application directory [/Users/janpierarmijos/Documents/apache-tomcat-9.0.82/webapps/docs] has finished in [344] ms
23-Mar-2024 20:03:46.972 INFO [main] org.apache.catalina.startup.HostConfig.deployDirectory Desplegando el directorio [/Users/janpierarmijos/Documents/apache-tomcat-9.0.82/webapps/manager] de la aplicación web
23-Mar-2024 20:03:47.224 INFO [main] org.apache.jasper.servlet.TldScanner.scanJars Al menos un JAR, que se ha explorado buscando TLDs, aún no contenía TLDs. Activar historial de depuración para este historiador para una completa lista de los JARs que fueron explorados y de los que nos se halló TLDs. Saltarse JARs no necesarios durante la exploración puede dar lugar a una mejora de tiempo significativa en el arranque y compilación de JSP .
23-Mar-2024 20:03:47.309 INFO [main] org.apache.catalina.startup.HostConfig.deployDirectory Deployment of web application directory [/Users/janpierarmijos/Documents/apache-tomcat-9.0.82/webapps/manager] has finished in [337] ms
23-Mar-2024 20:03:47.310 INFO [main] org.apache.catalina.startup.HostConfig.deployDirectory Desplegando el directorio [/Users/janpierarmijos/Documents/apache-tomcat-9.0.82/webapps/examples] de la aplicación web
23-Mar-2024 20:03:47.976 INFO [main] org.apache.jasper.servlet.TldScanner.scanJars Al menos un JAR, que se ha explorado buscando TLDs, aún no contenía TLDs. Activar historial de depuración para este historiador para una completa lista de los JARs que fueron explorados y de los que nos se halló TLDs. Saltarse JARs no necesarios durante la exploración puede dar lugar a una mejora de tiempo significativa en el arranque y compilación de JSP .
23-Mar-2024 20:03:48.047 INFO [main] org.apache.catalina.startup.HostConfig.deployDirectory Deployment of web application directory [/Users/janpierarmijos/Documents/apache-tomcat-9.0.82/webapps/examples] has finished in [736] ms
23-Mar-2024 20:03:48.047 INFO [main] org.apache.catalina.startup.HostConfig.deployDirectory Desplegando el directorio [/Users/janpierarmijos/Documents/apache-tomcat-9.0.82/webapps/ROOT] de la aplicación web
23-Mar-2024 20:03:48.517 INFO [main] org.apache.jasper.servlet.TldScanner.scanJars Al menos un JAR, que se ha explorado buscando TLDs, aún no contenía TLDs. Activar historial de depuración para este historiador para una completa lista de los JARs que fueron explorados y de los que nos se halló TLDs. Saltarse JARs no necesarios durante la exploración puede dar lugar a una mejora de tiempo significativa en el arranque y compilación de JSP .
23-Mar-2024 20:03:48.523 INFO [main] org.apache.catalina.startup.HostConfig.deployDirectory Deployment of web application directory [/Users/janpierarmijos/Documents/apache-tomcat-9.0.82/webapps/ROOT] has finished in [475] ms
23-Mar-2024 20:03:48.523 INFO [main] org.apache.catalina.startup.HostConfig.deployDirectory Desplegando el directorio [/Users/janpierarmijos/Documents/apache-tomcat-9.0.82/webapps/host-manager] de la aplicación web
23-Mar-2024 20:03:48.861 INFO [main] org.apache.jasper.servlet.TldScanner.scanJars Al menos un JAR, que se ha explorado buscando TLDs, aún no contenía TLDs. Activar historial de depuración para este historiador para una completa lista de los JARs que fueron explorados y de los que nos se halló TLDs. Saltarse JARs no necesarios durante la exploración puede dar lugar a una mejora de tiempo significativa en el arranque y compilación de JSP .
23-Mar-2024 20:03:48.865 INFO [main] org.apache.catalina.startup.HostConfig.deployDirectory Deployment of web application directory [/Users/janpierarmijos/Documents/apache-tomcat-9.0.82/webapps/host-manager] has finished in [341] ms
23-Mar-2024 20:03:48.873 INFO [main] org.apache.coyote.AbstractProtocol.start Starting ProtocolHandler ["http-nio-9091"]
23-Mar-2024 20:03:48.921 INFO [main] org.apache.catalina.startup.Catalina.start Server startup in [11254] milliseconds
23-Mar-2024 20:13:50.422 INFO [main] org.apache.catalina.core.StandardServer.await Se ha recibido un comando de apagado a través del puerto de apagado. Parando la instancia del Servidor.
23-Mar-2024 20:13:50.440 INFO [main] org.apache.coyote.AbstractProtocol.pause Pausing ProtocolHandler ["http-nio-9091"]
23-Mar-2024 20:13:50.452 INFO [main] org.apache.catalina.core.StandardService.stopInternal Parando servicio [Catalina]
23-Mar-2024 20:13:50.822 INFO [main] org.apache.coyote.AbstractProtocol.stop Stopping ProtocolHandler ["http-nio-9091"]
23-Mar-2024 20:13:50.942 INFO [main] org.apache.coyote.AbstractProtocol.destroy Destroying ProtocolHandler ["http-nio-9091"]
