01-Jun-2024 11:44:53.580 INFO [main] org.apache.catalina.startup.VersionLoggerListener.log Server version name:   Apache Tomcat/9.0.82
01-Jun-2024 11:44:53.609 INFO [main] org.apache.catalina.startup.VersionLoggerListener.log Server built:          Oct 11 2023 13:15:08 UTC
01-Jun-2024 11:44:53.609 INFO [main] org.apache.catalina.startup.VersionLoggerListener.log Server version number: 9.0.82.0
01-Jun-2024 11:44:53.610 INFO [main] org.apache.catalina.startup.VersionLoggerListener.log OS Name:               Mac OS X
01-Jun-2024 11:44:53.610 INFO [main] org.apache.catalina.startup.VersionLoggerListener.log OS Version:            11.7.10
01-Jun-2024 11:44:53.610 INFO [main] org.apache.catalina.startup.VersionLoggerListener.log Architecture:          x86_64
01-Jun-2024 11:44:53.610 INFO [main] org.apache.catalina.startup.VersionLoggerListener.log Java Home:             /Library/Java/JavaVirtualMachines/jdk-21.jdk/Contents/Home
01-Jun-2024 11:44:53.610 INFO [main] org.apache.catalina.startup.VersionLoggerListener.log JVM Version:           21.0.3+7-LTS-152
01-Jun-2024 11:44:53.610 INFO [main] org.apache.catalina.startup.VersionLoggerListener.log JVM Vendor:            Oracle Corporation
01-Jun-2024 11:44:53.611 INFO [main] org.apache.catalina.startup.VersionLoggerListener.log CATALINA_BASE:         /Users/jeanpierrearmijos/Documents/apache-tomcat-9.0.82
01-Jun-2024 11:44:53.611 INFO [main] org.apache.catalina.startup.VersionLoggerListener.log CATALINA_HOME:         /Users/jeanpierrearmijos/Documents/apache-tomcat-9.0.82
01-Jun-2024 11:44:53.719 INFO [main] org.apache.catalina.startup.VersionLoggerListener.log Command line argument: --add-opens=java.base/java.lang=ALL-UNNAMED
01-Jun-2024 11:44:53.719 INFO [main] org.apache.catalina.startup.VersionLoggerListener.log Command line argument: --add-opens=java.base/java.io=ALL-UNNAMED
01-Jun-2024 11:44:53.719 INFO [main] org.apache.catalina.startup.VersionLoggerListener.log Command line argument: --add-opens=java.base/java.util=ALL-UNNAMED
01-Jun-2024 11:44:53.719 INFO [main] org.apache.catalina.startup.VersionLoggerListener.log Command line argument: --add-opens=java.base/java.util.concurrent=ALL-UNNAMED
01-Jun-2024 11:44:53.720 INFO [main] org.apache.catalina.startup.VersionLoggerListener.log Command line argument: --add-opens=java.rmi/sun.rmi.transport=ALL-UNNAMED
01-Jun-2024 11:44:53.720 INFO [main] org.apache.catalina.startup.VersionLoggerListener.log Command line argument: -Djava.util.logging.config.file=/Users/jeanpierrearmijos/Documents/apache-tomcat-9.0.82/conf/logging.properties
01-Jun-2024 11:44:53.720 INFO [main] org.apache.catalina.startup.VersionLoggerListener.log Command line argument: -Djava.util.logging.manager=org.apache.juli.ClassLoaderLogManager
01-Jun-2024 11:44:53.720 INFO [main] org.apache.catalina.startup.VersionLoggerListener.log Command line argument: -Djdk.tls.ephemeralDHKeySize=2048
01-Jun-2024 11:44:53.720 INFO [main] org.apache.catalina.startup.VersionLoggerListener.log Command line argument: -Djava.protocol.handler.pkgs=org.apache.catalina.webresources
01-Jun-2024 11:44:53.720 INFO [main] org.apache.catalina.startup.VersionLoggerListener.log Command line argument: -Dorg.apache.catalina.security.SecurityListener.UMASK=0027
01-Jun-2024 11:44:53.721 INFO [main] org.apache.catalina.startup.VersionLoggerListener.log Command line argument: -Dignore.endorsed.dirs=
01-Jun-2024 11:44:53.721 INFO [main] org.apache.catalina.startup.VersionLoggerListener.log Command line argument: -Dcatalina.base=/Users/jeanpierrearmijos/Documents/apache-tomcat-9.0.82
01-Jun-2024 11:44:53.721 INFO [main] org.apache.catalina.startup.VersionLoggerListener.log Command line argument: -Dcatalina.home=/Users/jeanpierrearmijos/Documents/apache-tomcat-9.0.82
01-Jun-2024 11:44:53.721 INFO [main] org.apache.catalina.startup.VersionLoggerListener.log Command line argument: -Djava.io.tmpdir=/Users/jeanpierrearmijos/Documents/apache-tomcat-9.0.82/temp
01-Jun-2024 11:44:53.771 INFO [main] org.apache.catalina.core.AprLifecycleListener.lifecycleEvent The Apache Tomcat Native library which allows using OpenSSL was not found on the java.library.path: [/Users/jeanpierrearmijos/Library/Java/Extensions:/Library/Java/Extensions:/Network/Library/Java/Extensions:/System/Library/Java/Extensions:/usr/lib/java:.]
01-Jun-2024 11:44:54.746 INFO [main] org.apache.coyote.AbstractProtocol.init Initializing ProtocolHandler ["http-nio-9091"]
01-Jun-2024 11:44:55.070 INFO [main] org.apache.catalina.startup.Catalina.load Server initialization in [1920] milliseconds
01-Jun-2024 11:44:55.120 WARNING [main] java.util.ArrayList.forEach Name = ConexionInventario Property maxActive is not used in DBCP2, use maxTotal instead. maxTotal default value is 8. You have set value of "100" for "maxActive" property, which is being ignored.
01-Jun-2024 11:44:55.121 WARNING [main] java.util.ArrayList.forEach Name = ConexionInventario Property maxWait is not used in DBCP2 , use maxWaitMillis instead. maxWaitMillis default value is PT-0.001S. You have set value of "10000" for "maxWait" property, which is being ignored.
01-Jun-2024 11:44:55.123 INFO [main] java.util.ArrayList.forEach Name = ConexionInventario Ignoring unknown property: value of "jdbc/ConexionInventario" for "global" property
01-Jun-2024 11:44:55.229 WARNING [main] java.util.ArrayList.forEach Name = ConexionPG Property maxActive is not used in DBCP2, use maxTotal instead. maxTotal default value is 8. You have set value of "100" for "maxActive" property, which is being ignored.
01-Jun-2024 11:44:55.229 WARNING [main] java.util.ArrayList.forEach Name = ConexionPG Property maxWait is not used in DBCP2 , use maxWaitMillis instead. maxWaitMillis default value is PT-0.001S. You have set value of "10000" for "maxWait" property, which is being ignored.
01-Jun-2024 11:44:55.229 INFO [main] java.util.ArrayList.forEach Name = ConexionPG Ignoring unknown property: value of "jdbc/ConexionPG" for "global" property
01-Jun-2024 11:44:55.276 INFO [main] org.apache.catalina.core.StandardService.startInternal Starting service [Catalina]
01-Jun-2024 11:44:55.276 INFO [main] org.apache.catalina.core.StandardEngine.startInternal Starting Servlet engine: [Apache Tomcat/9.0.82]
01-Jun-2024 11:44:55.304 INFO [main] org.apache.catalina.startup.HostConfig.deployWAR Deploying web application archive [/Users/jeanpierrearmijos/Documents/apache-tomcat-9.0.82/webapps/ejemploweb.war]
01-Jun-2024 11:44:58.499 INFO [main] org.apache.jasper.servlet.TldScanner.scanJars At least one JAR was scanned for TLDs yet contained no TLDs. Enable debug logging for this logger for a complete list of JARs that were scanned but no TLDs were found in them. Skipping unneeded JARs during scanning can improve startup time and JSP compilation time.
01-Jun-2024 11:44:59.953 INFO [main] org.apache.catalina.startup.HostConfig.deployWAR Deployment of web application archive [/Users/jeanpierrearmijos/Documents/apache-tomcat-9.0.82/webapps/ejemploweb.war] has finished in [4,648] ms
01-Jun-2024 11:44:59.955 INFO [main] org.apache.catalina.startup.HostConfig.deployDirectory Deploying web application directory [/Users/jeanpierrearmijos/Documents/apache-tomcat-9.0.82/webapps/docs]
01-Jun-2024 11:45:00.128 INFO [main] org.apache.jasper.servlet.TldScanner.scanJars At least one JAR was scanned for TLDs yet contained no TLDs. Enable debug logging for this logger for a complete list of JARs that were scanned but no TLDs were found in them. Skipping unneeded JARs during scanning can improve startup time and JSP compilation time.
01-Jun-2024 11:45:00.131 INFO [main] org.apache.catalina.startup.HostConfig.deployDirectory Deployment of web application directory [/Users/jeanpierrearmijos/Documents/apache-tomcat-9.0.82/webapps/docs] has finished in [175] ms
01-Jun-2024 11:45:00.131 INFO [main] org.apache.catalina.startup.HostConfig.deployDirectory Deploying web application directory [/Users/jeanpierrearmijos/Documents/apache-tomcat-9.0.82/webapps/manager]
01-Jun-2024 11:45:00.316 INFO [main] org.apache.jasper.servlet.TldScanner.scanJars At least one JAR was scanned for TLDs yet contained no TLDs. Enable debug logging for this logger for a complete list of JARs that were scanned but no TLDs were found in them. Skipping unneeded JARs during scanning can improve startup time and JSP compilation time.
01-Jun-2024 11:45:00.369 INFO [main] org.apache.catalina.startup.HostConfig.deployDirectory Deployment of web application directory [/Users/jeanpierrearmijos/Documents/apache-tomcat-9.0.82/webapps/manager] has finished in [238] ms
01-Jun-2024 11:45:00.369 INFO [main] org.apache.catalina.startup.HostConfig.deployDirectory Deploying web application directory [/Users/jeanpierrearmijos/Documents/apache-tomcat-9.0.82/webapps/examples]
01-Jun-2024 11:45:00.857 INFO [main] org.apache.jasper.servlet.TldScanner.scanJars At least one JAR was scanned for TLDs yet contained no TLDs. Enable debug logging for this logger for a complete list of JARs that were scanned but no TLDs were found in them. Skipping unneeded JARs during scanning can improve startup time and JSP compilation time.
01-Jun-2024 11:45:00.887 INFO [main] org.apache.catalina.startup.HostConfig.deployDirectory Deployment of web application directory [/Users/jeanpierrearmijos/Documents/apache-tomcat-9.0.82/webapps/examples] has finished in [518] ms
01-Jun-2024 11:45:00.887 INFO [main] org.apache.catalina.startup.HostConfig.deployDirectory Deploying web application directory [/Users/jeanpierrearmijos/Documents/apache-tomcat-9.0.82/webapps/ROOT]
01-Jun-2024 11:45:01.031 INFO [main] org.apache.jasper.servlet.TldScanner.scanJars At least one JAR was scanned for TLDs yet contained no TLDs. Enable debug logging for this logger for a complete list of JARs that were scanned but no TLDs were found in them. Skipping unneeded JARs during scanning can improve startup time and JSP compilation time.
01-Jun-2024 11:45:01.035 INFO [main] org.apache.catalina.startup.HostConfig.deployDirectory Deployment of web application directory [/Users/jeanpierrearmijos/Documents/apache-tomcat-9.0.82/webapps/ROOT] has finished in [147] ms
01-Jun-2024 11:45:01.035 INFO [main] org.apache.catalina.startup.HostConfig.deployDirectory Deploying web application directory [/Users/jeanpierrearmijos/Documents/apache-tomcat-9.0.82/webapps/host-manager]
01-Jun-2024 11:45:01.181 INFO [main] org.apache.jasper.servlet.TldScanner.scanJars At least one JAR was scanned for TLDs yet contained no TLDs. Enable debug logging for this logger for a complete list of JARs that were scanned but no TLDs were found in them. Skipping unneeded JARs during scanning can improve startup time and JSP compilation time.
01-Jun-2024 11:45:01.184 INFO [main] org.apache.catalina.startup.HostConfig.deployDirectory Deployment of web application directory [/Users/jeanpierrearmijos/Documents/apache-tomcat-9.0.82/webapps/host-manager] has finished in [149] ms
01-Jun-2024 11:45:01.189 INFO [main] org.apache.coyote.AbstractProtocol.start Starting ProtocolHandler ["http-nio-9091"]
01-Jun-2024 11:45:01.283 INFO [main] org.apache.catalina.startup.Catalina.start Server startup in [6211] milliseconds
01-Jun-2024 11:47:50.466 INFO [main] org.apache.catalina.core.StandardServer.await A valid shutdown command was received via the shutdown port. Stopping the Server instance.
01-Jun-2024 11:47:50.475 INFO [main] org.apache.coyote.AbstractProtocol.pause Pausing ProtocolHandler ["http-nio-9091"]
01-Jun-2024 11:47:50.495 INFO [main] org.apache.catalina.core.StandardService.stopInternal Stopping service [Catalina]
01-Jun-2024 11:47:50.650 INFO [main] org.apache.coyote.AbstractProtocol.stop Stopping ProtocolHandler ["http-nio-9091"]
01-Jun-2024 11:47:50.665 INFO [main] org.apache.coyote.AbstractProtocol.destroy Destroying ProtocolHandler ["http-nio-9091"]
01-Jun-2024 11:47:53.508 INFO [main] org.apache.catalina.startup.VersionLoggerListener.log Server version name:   Apache Tomcat/9.0.82
01-Jun-2024 11:47:53.515 INFO [main] org.apache.catalina.startup.VersionLoggerListener.log Server built:          Oct 11 2023 13:15:08 UTC
01-Jun-2024 11:47:53.516 INFO [main] org.apache.catalina.startup.VersionLoggerListener.log Server version number: 9.0.82.0
01-Jun-2024 11:47:53.516 INFO [main] org.apache.catalina.startup.VersionLoggerListener.log OS Name:               Mac OS X
01-Jun-2024 11:47:53.516 INFO [main] org.apache.catalina.startup.VersionLoggerListener.log OS Version:            11.7.10
01-Jun-2024 11:47:53.517 INFO [main] org.apache.catalina.startup.VersionLoggerListener.log Architecture:          x86_64
01-Jun-2024 11:47:53.517 INFO [main] org.apache.catalina.startup.VersionLoggerListener.log Java Home:             /Library/Java/JavaVirtualMachines/jdk-21.jdk/Contents/Home
01-Jun-2024 11:47:53.517 INFO [main] org.apache.catalina.startup.VersionLoggerListener.log JVM Version:           21.0.3+7-LTS-152
01-Jun-2024 11:47:53.517 INFO [main] org.apache.catalina.startup.VersionLoggerListener.log JVM Vendor:            Oracle Corporation
01-Jun-2024 11:47:53.518 INFO [main] org.apache.catalina.startup.VersionLoggerListener.log CATALINA_BASE:         /Users/jeanpierrearmijos/Documents/apache-tomcat-9.0.82
01-Jun-2024 11:47:53.518 INFO [main] org.apache.catalina.startup.VersionLoggerListener.log CATALINA_HOME:         /Users/jeanpierrearmijos/Documents/apache-tomcat-9.0.82
01-Jun-2024 11:47:53.541 INFO [main] org.apache.catalina.startup.VersionLoggerListener.log Command line argument: --add-opens=java.base/java.lang=ALL-UNNAMED
01-Jun-2024 11:47:53.541 INFO [main] org.apache.catalina.startup.VersionLoggerListener.log Command line argument: --add-opens=java.base/java.io=ALL-UNNAMED
01-Jun-2024 11:47:53.541 INFO [main] org.apache.catalina.startup.VersionLoggerListener.log Command line argument: --add-opens=java.base/java.util=ALL-UNNAMED
01-Jun-2024 11:47:53.541 INFO [main] org.apache.catalina.startup.VersionLoggerListener.log Command line argument: --add-opens=java.base/java.util.concurrent=ALL-UNNAMED
01-Jun-2024 11:47:53.541 INFO [main] org.apache.catalina.startup.VersionLoggerListener.log Command line argument: --add-opens=java.rmi/sun.rmi.transport=ALL-UNNAMED
01-Jun-2024 11:47:53.542 INFO [main] org.apache.catalina.startup.VersionLoggerListener.log Command line argument: -Djava.util.logging.config.file=/Users/jeanpierrearmijos/Documents/apache-tomcat-9.0.82/conf/logging.properties
01-Jun-2024 11:47:53.542 INFO [main] org.apache.catalina.startup.VersionLoggerListener.log Command line argument: -Djava.util.logging.manager=org.apache.juli.ClassLoaderLogManager
01-Jun-2024 11:47:53.542 INFO [main] org.apache.catalina.startup.VersionLoggerListener.log Command line argument: -Djdk.tls.ephemeralDHKeySize=2048
01-Jun-2024 11:47:53.542 INFO [main] org.apache.catalina.startup.VersionLoggerListener.log Command line argument: -Djava.protocol.handler.pkgs=org.apache.catalina.webresources
01-Jun-2024 11:47:53.542 INFO [main] org.apache.catalina.startup.VersionLoggerListener.log Command line argument: -Dorg.apache.catalina.security.SecurityListener.UMASK=0027
01-Jun-2024 11:47:53.542 INFO [main] org.apache.catalina.startup.VersionLoggerListener.log Command line argument: -Dignore.endorsed.dirs=
01-Jun-2024 11:47:53.542 INFO [main] org.apache.catalina.startup.VersionLoggerListener.log Command line argument: -Dcatalina.base=/Users/jeanpierrearmijos/Documents/apache-tomcat-9.0.82
01-Jun-2024 11:47:53.542 INFO [main] org.apache.catalina.startup.VersionLoggerListener.log Command line argument: -Dcatalina.home=/Users/jeanpierrearmijos/Documents/apache-tomcat-9.0.82
01-Jun-2024 11:47:53.543 INFO [main] org.apache.catalina.startup.VersionLoggerListener.log Command line argument: -Djava.io.tmpdir=/Users/jeanpierrearmijos/Documents/apache-tomcat-9.0.82/temp
01-Jun-2024 11:47:53.580 INFO [main] org.apache.catalina.core.AprLifecycleListener.lifecycleEvent The Apache Tomcat Native library which allows using OpenSSL was not found on the java.library.path: [/Users/jeanpierrearmijos/Library/Java/Extensions:/Library/Java/Extensions:/Network/Library/Java/Extensions:/System/Library/Java/Extensions:/usr/lib/java:.]
01-Jun-2024 11:47:54.123 INFO [main] org.apache.coyote.AbstractProtocol.init Initializing ProtocolHandler ["http-nio-9091"]
01-Jun-2024 11:47:54.180 INFO [main] org.apache.catalina.startup.Catalina.load Server initialization in [980] milliseconds
01-Jun-2024 11:47:54.210 WARNING [main] java.util.ArrayList.forEach Name = ConexionInventario Property maxActive is not used in DBCP2, use maxTotal instead. maxTotal default value is 8. You have set value of "100" for "maxActive" property, which is being ignored.
01-Jun-2024 11:47:54.210 WARNING [main] java.util.ArrayList.forEach Name = ConexionInventario Property maxWait is not used in DBCP2 , use maxWaitMillis instead. maxWaitMillis default value is PT-0.001S. You have set value of "10000" for "maxWait" property, which is being ignored.
01-Jun-2024 11:47:54.211 INFO [main] java.util.ArrayList.forEach Name = ConexionInventario Ignoring unknown property: value of "jdbc/ConexionInventario" for "global" property
01-Jun-2024 11:47:54.261 WARNING [main] java.util.ArrayList.forEach Name = ConexionPG Property maxActive is not used in DBCP2, use maxTotal instead. maxTotal default value is 8. You have set value of "100" for "maxActive" property, which is being ignored.
01-Jun-2024 11:47:54.261 WARNING [main] java.util.ArrayList.forEach Name = ConexionPG Property maxWait is not used in DBCP2 , use maxWaitMillis instead. maxWaitMillis default value is PT-0.001S. You have set value of "10000" for "maxWait" property, which is being ignored.
01-Jun-2024 11:47:54.262 INFO [main] java.util.ArrayList.forEach Name = ConexionPG Ignoring unknown property: value of "jdbc/ConexionPG" for "global" property
01-Jun-2024 11:47:54.309 INFO [main] org.apache.catalina.core.StandardService.startInternal Starting service [Catalina]
01-Jun-2024 11:47:54.309 INFO [main] org.apache.catalina.core.StandardEngine.startInternal Starting Servlet engine: [Apache Tomcat/9.0.82]
01-Jun-2024 11:47:54.339 INFO [main] org.apache.catalina.startup.HostConfig.deployWAR Deploying web application archive [/Users/jeanpierrearmijos/Documents/apache-tomcat-9.0.82/webapps/ejemploweb.war]
01-Jun-2024 11:47:56.548 INFO [main] org.apache.jasper.servlet.TldScanner.scanJars At least one JAR was scanned for TLDs yet contained no TLDs. Enable debug logging for this logger for a complete list of JARs that were scanned but no TLDs were found in them. Skipping unneeded JARs during scanning can improve startup time and JSP compilation time.
01-Jun-2024 11:47:58.193 INFO [main] org.apache.catalina.startup.HostConfig.deployWAR Deployment of web application archive [/Users/jeanpierrearmijos/Documents/apache-tomcat-9.0.82/webapps/ejemploweb.war] has finished in [3,853] ms
01-Jun-2024 11:47:58.194 INFO [main] org.apache.catalina.startup.HostConfig.deployDirectory Deploying web application directory [/Users/jeanpierrearmijos/Documents/apache-tomcat-9.0.82/webapps/docs]
01-Jun-2024 11:47:58.383 INFO [main] org.apache.jasper.servlet.TldScanner.scanJars At least one JAR was scanned for TLDs yet contained no TLDs. Enable debug logging for this logger for a complete list of JARs that were scanned but no TLDs were found in them. Skipping unneeded JARs during scanning can improve startup time and JSP compilation time.
01-Jun-2024 11:47:58.388 INFO [main] org.apache.catalina.startup.HostConfig.deployDirectory Deployment of web application directory [/Users/jeanpierrearmijos/Documents/apache-tomcat-9.0.82/webapps/docs] has finished in [193] ms
01-Jun-2024 11:47:58.388 INFO [main] org.apache.catalina.startup.HostConfig.deployDirectory Deploying web application directory [/Users/jeanpierrearmijos/Documents/apache-tomcat-9.0.82/webapps/manager]
01-Jun-2024 11:47:58.585 INFO [main] org.apache.jasper.servlet.TldScanner.scanJars At least one JAR was scanned for TLDs yet contained no TLDs. Enable debug logging for this logger for a complete list of JARs that were scanned but no TLDs were found in them. Skipping unneeded JARs during scanning can improve startup time and JSP compilation time.
01-Jun-2024 11:47:58.593 INFO [main] org.apache.catalina.startup.HostConfig.deployDirectory Deployment of web application directory [/Users/jeanpierrearmijos/Documents/apache-tomcat-9.0.82/webapps/manager] has finished in [205] ms
01-Jun-2024 11:47:58.594 INFO [main] org.apache.catalina.startup.HostConfig.deployDirectory Deploying web application directory [/Users/jeanpierrearmijos/Documents/apache-tomcat-9.0.82/webapps/examples]
01-Jun-2024 11:47:58.984 INFO [main] org.apache.jasper.servlet.TldScanner.scanJars At least one JAR was scanned for TLDs yet contained no TLDs. Enable debug logging for this logger for a complete list of JARs that were scanned but no TLDs were found in them. Skipping unneeded JARs during scanning can improve startup time and JSP compilation time.
01-Jun-2024 11:47:59.009 INFO [main] org.apache.catalina.startup.HostConfig.deployDirectory Deployment of web application directory [/Users/jeanpierrearmijos/Documents/apache-tomcat-9.0.82/webapps/examples] has finished in [415] ms
01-Jun-2024 11:47:59.010 INFO [main] org.apache.catalina.startup.HostConfig.deployDirectory Deploying web application directory [/Users/jeanpierrearmijos/Documents/apache-tomcat-9.0.82/webapps/ROOT]
01-Jun-2024 11:47:59.157 INFO [main] org.apache.jasper.servlet.TldScanner.scanJars At least one JAR was scanned for TLDs yet contained no TLDs. Enable debug logging for this logger for a complete list of JARs that were scanned but no TLDs were found in them. Skipping unneeded JARs during scanning can improve startup time and JSP compilation time.
01-Jun-2024 11:47:59.160 INFO [main] org.apache.catalina.startup.HostConfig.deployDirectory Deployment of web application directory [/Users/jeanpierrearmijos/Documents/apache-tomcat-9.0.82/webapps/ROOT] has finished in [149] ms
01-Jun-2024 11:47:59.160 INFO [main] org.apache.catalina.startup.HostConfig.deployDirectory Deploying web application directory [/Users/jeanpierrearmijos/Documents/apache-tomcat-9.0.82/webapps/host-manager]
01-Jun-2024 11:47:59.334 INFO [main] org.apache.jasper.servlet.TldScanner.scanJars At least one JAR was scanned for TLDs yet contained no TLDs. Enable debug logging for this logger for a complete list of JARs that were scanned but no TLDs were found in them. Skipping unneeded JARs during scanning can improve startup time and JSP compilation time.
01-Jun-2024 11:47:59.345 INFO [main] org.apache.catalina.startup.HostConfig.deployDirectory Deployment of web application directory [/Users/jeanpierrearmijos/Documents/apache-tomcat-9.0.82/webapps/host-manager] has finished in [184] ms
01-Jun-2024 11:47:59.354 INFO [main] org.apache.coyote.AbstractProtocol.start Starting ProtocolHandler ["http-nio-9091"]
01-Jun-2024 11:47:59.383 INFO [main] org.apache.catalina.startup.Catalina.start Server startup in [5201] milliseconds
01-Jun-2024 14:15:25.070 INFO [http-nio-9091-exec-10] org.apache.catalina.startup.HostConfig.deployWAR Deploying web application archive [/Users/jeanpierrearmijos/Documents/apache-tomcat-9.0.82/webapps/inventarios-1.0.0.war]
01-Jun-2024 14:15:26.682 INFO [http-nio-9091-exec-10] org.apache.jasper.servlet.TldScanner.scanJars At least one JAR was scanned for TLDs yet contained no TLDs. Enable debug logging for this logger for a complete list of JARs that were scanned but no TLDs were found in them. Skipping unneeded JARs during scanning can improve startup time and JSP compilation time.
01-Jun-2024 14:15:26.701 INFO [http-nio-9091-exec-10] org.apache.catalina.startup.HostConfig.deployWAR Deployment of web application archive [/Users/jeanpierrearmijos/Documents/apache-tomcat-9.0.82/webapps/inventarios-1.0.0.war] has finished in [1,632] ms
01-Jun-2024 14:28:58.811 INFO [main] org.apache.catalina.core.StandardServer.await A valid shutdown command was received via the shutdown port. Stopping the Server instance.
01-Jun-2024 14:28:58.820 INFO [main] org.apache.coyote.AbstractProtocol.pause Pausing ProtocolHandler ["http-nio-9091"]
01-Jun-2024 14:28:58.828 INFO [main] org.apache.catalina.core.StandardService.stopInternal Stopping service [Catalina]
01-Jun-2024 14:28:59.171 INFO [main] org.apache.coyote.AbstractProtocol.stop Stopping ProtocolHandler ["http-nio-9091"]
01-Jun-2024 14:28:59.221 INFO [main] org.apache.coyote.AbstractProtocol.destroy Destroying ProtocolHandler ["http-nio-9091"]
01-Jun-2024 14:29:02.264 INFO [main] org.apache.catalina.startup.VersionLoggerListener.log Server version name:   Apache Tomcat/9.0.82
01-Jun-2024 14:29:02.272 INFO [main] org.apache.catalina.startup.VersionLoggerListener.log Server built:          Oct 11 2023 13:15:08 UTC
01-Jun-2024 14:29:02.272 INFO [main] org.apache.catalina.startup.VersionLoggerListener.log Server version number: 9.0.82.0
01-Jun-2024 14:29:02.272 INFO [main] org.apache.catalina.startup.VersionLoggerListener.log OS Name:               Mac OS X
01-Jun-2024 14:29:02.272 INFO [main] org.apache.catalina.startup.VersionLoggerListener.log OS Version:            11.7.10
01-Jun-2024 14:29:02.273 INFO [main] org.apache.catalina.startup.VersionLoggerListener.log Architecture:          x86_64
01-Jun-2024 14:29:02.273 INFO [main] org.apache.catalina.startup.VersionLoggerListener.log Java Home:             /Library/Java/JavaVirtualMachines/jdk-21.jdk/Contents/Home
01-Jun-2024 14:29:02.273 INFO [main] org.apache.catalina.startup.VersionLoggerListener.log JVM Version:           21.0.3+7-LTS-152
01-Jun-2024 14:29:02.273 INFO [main] org.apache.catalina.startup.VersionLoggerListener.log JVM Vendor:            Oracle Corporation
01-Jun-2024 14:29:02.274 INFO [main] org.apache.catalina.startup.VersionLoggerListener.log CATALINA_BASE:         /Users/jeanpierrearmijos/Documents/apache-tomcat-9.0.82
01-Jun-2024 14:29:02.274 INFO [main] org.apache.catalina.startup.VersionLoggerListener.log CATALINA_HOME:         /Users/jeanpierrearmijos/Documents/apache-tomcat-9.0.82
01-Jun-2024 14:29:02.300 INFO [main] org.apache.catalina.startup.VersionLoggerListener.log Command line argument: --add-opens=java.base/java.lang=ALL-UNNAMED
01-Jun-2024 14:29:02.300 INFO [main] org.apache.catalina.startup.VersionLoggerListener.log Command line argument: --add-opens=java.base/java.io=ALL-UNNAMED
01-Jun-2024 14:29:02.300 INFO [main] org.apache.catalina.startup.VersionLoggerListener.log Command line argument: --add-opens=java.base/java.util=ALL-UNNAMED
01-Jun-2024 14:29:02.300 INFO [main] org.apache.catalina.startup.VersionLoggerListener.log Command line argument: --add-opens=java.base/java.util.concurrent=ALL-UNNAMED
01-Jun-2024 14:29:02.300 INFO [main] org.apache.catalina.startup.VersionLoggerListener.log Command line argument: --add-opens=java.rmi/sun.rmi.transport=ALL-UNNAMED
01-Jun-2024 14:29:02.301 INFO [main] org.apache.catalina.startup.VersionLoggerListener.log Command line argument: -Djava.util.logging.config.file=/Users/jeanpierrearmijos/Documents/apache-tomcat-9.0.82/conf/logging.properties
01-Jun-2024 14:29:02.301 INFO [main] org.apache.catalina.startup.VersionLoggerListener.log Command line argument: -Djava.util.logging.manager=org.apache.juli.ClassLoaderLogManager
01-Jun-2024 14:29:02.301 INFO [main] org.apache.catalina.startup.VersionLoggerListener.log Command line argument: -Djdk.tls.ephemeralDHKeySize=2048
01-Jun-2024 14:29:02.301 INFO [main] org.apache.catalina.startup.VersionLoggerListener.log Command line argument: -Djava.protocol.handler.pkgs=org.apache.catalina.webresources
01-Jun-2024 14:29:02.301 INFO [main] org.apache.catalina.startup.VersionLoggerListener.log Command line argument: -Dorg.apache.catalina.security.SecurityListener.UMASK=0027
01-Jun-2024 14:29:02.302 INFO [main] org.apache.catalina.startup.VersionLoggerListener.log Command line argument: -Dignore.endorsed.dirs=
01-Jun-2024 14:29:02.302 INFO [main] org.apache.catalina.startup.VersionLoggerListener.log Command line argument: -Dcatalina.base=/Users/jeanpierrearmijos/Documents/apache-tomcat-9.0.82
01-Jun-2024 14:29:02.302 INFO [main] org.apache.catalina.startup.VersionLoggerListener.log Command line argument: -Dcatalina.home=/Users/jeanpierrearmijos/Documents/apache-tomcat-9.0.82
01-Jun-2024 14:29:02.302 INFO [main] org.apache.catalina.startup.VersionLoggerListener.log Command line argument: -Djava.io.tmpdir=/Users/jeanpierrearmijos/Documents/apache-tomcat-9.0.82/temp
01-Jun-2024 14:29:02.338 INFO [main] org.apache.catalina.core.AprLifecycleListener.lifecycleEvent The Apache Tomcat Native library which allows using OpenSSL was not found on the java.library.path: [/Users/jeanpierrearmijos/Library/Java/Extensions:/Library/Java/Extensions:/Network/Library/Java/Extensions:/System/Library/Java/Extensions:/usr/lib/java:.]
01-Jun-2024 14:29:03.029 INFO [main] org.apache.coyote.AbstractProtocol.init Initializing ProtocolHandler ["http-nio-9091"]
01-Jun-2024 14:29:03.090 INFO [main] org.apache.catalina.startup.Catalina.load Server initialization in [1135] milliseconds
01-Jun-2024 14:29:03.123 WARNING [main] java.util.ArrayList.forEach Name = ConexionInventario Property maxActive is not used in DBCP2, use maxTotal instead. maxTotal default value is 8. You have set value of "100" for "maxActive" property, which is being ignored.
01-Jun-2024 14:29:03.123 WARNING [main] java.util.ArrayList.forEach Name = ConexionInventario Property maxWait is not used in DBCP2 , use maxWaitMillis instead. maxWaitMillis default value is PT-0.001S. You have set value of "10000" for "maxWait" property, which is being ignored.
01-Jun-2024 14:29:03.124 INFO [main] java.util.ArrayList.forEach Name = ConexionInventario Ignoring unknown property: value of "jdbc/ConexionInventario" for "global" property
01-Jun-2024 14:29:03.166 WARNING [main] java.util.ArrayList.forEach Name = ConexionPG Property maxActive is not used in DBCP2, use maxTotal instead. maxTotal default value is 8. You have set value of "100" for "maxActive" property, which is being ignored.
01-Jun-2024 14:29:03.166 WARNING [main] java.util.ArrayList.forEach Name = ConexionPG Property maxWait is not used in DBCP2 , use maxWaitMillis instead. maxWaitMillis default value is PT-0.001S. You have set value of "10000" for "maxWait" property, which is being ignored.
01-Jun-2024 14:29:03.167 INFO [main] java.util.ArrayList.forEach Name = ConexionPG Ignoring unknown property: value of "jdbc/ConexionPG" for "global" property
01-Jun-2024 14:29:03.214 INFO [main] org.apache.catalina.core.StandardService.startInternal Starting service [Catalina]
01-Jun-2024 14:29:03.214 INFO [main] org.apache.catalina.core.StandardEngine.startInternal Starting Servlet engine: [Apache Tomcat/9.0.82]
01-Jun-2024 14:29:03.241 INFO [main] org.apache.catalina.startup.HostConfig.deployWAR Deploying web application archive [/Users/jeanpierrearmijos/Documents/apache-tomcat-9.0.82/webapps/ejemploweb.war]
01-Jun-2024 14:29:05.198 INFO [main] org.apache.jasper.servlet.TldScanner.scanJars At least one JAR was scanned for TLDs yet contained no TLDs. Enable debug logging for this logger for a complete list of JARs that were scanned but no TLDs were found in them. Skipping unneeded JARs during scanning can improve startup time and JSP compilation time.
01-Jun-2024 14:29:06.663 INFO [main] org.apache.catalina.startup.HostConfig.deployWAR Deployment of web application archive [/Users/jeanpierrearmijos/Documents/apache-tomcat-9.0.82/webapps/ejemploweb.war] has finished in [3,420] ms
01-Jun-2024 14:29:06.665 INFO [main] org.apache.catalina.startup.HostConfig.deployWAR Deploying web application archive [/Users/jeanpierrearmijos/Documents/apache-tomcat-9.0.82/webapps/inventarios-1.0.0.war]
01-Jun-2024 14:29:07.783 INFO [main] org.apache.jasper.servlet.TldScanner.scanJars At least one JAR was scanned for TLDs yet contained no TLDs. Enable debug logging for this logger for a complete list of JARs that were scanned but no TLDs were found in them. Skipping unneeded JARs during scanning can improve startup time and JSP compilation time.
01-Jun-2024 14:29:07.831 INFO [main] org.apache.catalina.startup.HostConfig.deployWAR Deployment of web application archive [/Users/jeanpierrearmijos/Documents/apache-tomcat-9.0.82/webapps/inventarios-1.0.0.war] has finished in [1,166] ms
01-Jun-2024 14:29:07.832 INFO [main] org.apache.catalina.startup.HostConfig.deployDirectory Deploying web application directory [/Users/jeanpierrearmijos/Documents/apache-tomcat-9.0.82/webapps/docs]
01-Jun-2024 14:29:07.996 INFO [main] org.apache.jasper.servlet.TldScanner.scanJars At least one JAR was scanned for TLDs yet contained no TLDs. Enable debug logging for this logger for a complete list of JARs that were scanned but no TLDs were found in them. Skipping unneeded JARs during scanning can improve startup time and JSP compilation time.
01-Jun-2024 14:29:07.998 INFO [main] org.apache.catalina.startup.HostConfig.deployDirectory Deployment of web application directory [/Users/jeanpierrearmijos/Documents/apache-tomcat-9.0.82/webapps/docs] has finished in [166] ms
01-Jun-2024 14:29:07.998 INFO [main] org.apache.catalina.startup.HostConfig.deployDirectory Deploying web application directory [/Users/jeanpierrearmijos/Documents/apache-tomcat-9.0.82/webapps/manager]
01-Jun-2024 14:29:08.136 INFO [main] org.apache.jasper.servlet.TldScanner.scanJars At least one JAR was scanned for TLDs yet contained no TLDs. Enable debug logging for this logger for a complete list of JARs that were scanned but no TLDs were found in them. Skipping unneeded JARs during scanning can improve startup time and JSP compilation time.
01-Jun-2024 14:29:08.153 INFO [main] org.apache.catalina.startup.HostConfig.deployDirectory Deployment of web application directory [/Users/jeanpierrearmijos/Documents/apache-tomcat-9.0.82/webapps/manager] has finished in [154] ms
01-Jun-2024 14:29:08.153 INFO [main] org.apache.catalina.startup.HostConfig.deployDirectory Deploying web application directory [/Users/jeanpierrearmijos/Documents/apache-tomcat-9.0.82/webapps/examples]
01-Jun-2024 14:29:08.572 INFO [main] org.apache.jasper.servlet.TldScanner.scanJars At least one JAR was scanned for TLDs yet contained no TLDs. Enable debug logging for this logger for a complete list of JARs that were scanned but no TLDs were found in them. Skipping unneeded JARs during scanning can improve startup time and JSP compilation time.
01-Jun-2024 14:29:08.601 INFO [main] org.apache.catalina.startup.HostConfig.deployDirectory Deployment of web application directory [/Users/jeanpierrearmijos/Documents/apache-tomcat-9.0.82/webapps/examples] has finished in [448] ms
01-Jun-2024 14:29:08.602 INFO [main] org.apache.catalina.startup.HostConfig.deployDirectory Deploying web application directory [/Users/jeanpierrearmijos/Documents/apache-tomcat-9.0.82/webapps/ROOT]
01-Jun-2024 14:29:08.727 INFO [main] org.apache.jasper.servlet.TldScanner.scanJars At least one JAR was scanned for TLDs yet contained no TLDs. Enable debug logging for this logger for a complete list of JARs that were scanned but no TLDs were found in them. Skipping unneeded JARs during scanning can improve startup time and JSP compilation time.
01-Jun-2024 14:29:08.729 INFO [main] org.apache.catalina.startup.HostConfig.deployDirectory Deployment of web application directory [/Users/jeanpierrearmijos/Documents/apache-tomcat-9.0.82/webapps/ROOT] has finished in [128] ms
01-Jun-2024 14:29:08.730 INFO [main] org.apache.catalina.startup.HostConfig.deployDirectory Deploying web application directory [/Users/jeanpierrearmijos/Documents/apache-tomcat-9.0.82/webapps/host-manager]
01-Jun-2024 14:29:08.876 INFO [main] org.apache.jasper.servlet.TldScanner.scanJars At least one JAR was scanned for TLDs yet contained no TLDs. Enable debug logging for this logger for a complete list of JARs that were scanned but no TLDs were found in them. Skipping unneeded JARs during scanning can improve startup time and JSP compilation time.
01-Jun-2024 14:29:08.880 INFO [main] org.apache.catalina.startup.HostConfig.deployDirectory Deployment of web application directory [/Users/jeanpierrearmijos/Documents/apache-tomcat-9.0.82/webapps/host-manager] has finished in [149] ms
01-Jun-2024 14:29:08.885 INFO [main] org.apache.coyote.AbstractProtocol.start Starting ProtocolHandler ["http-nio-9091"]
01-Jun-2024 14:29:08.908 INFO [main] org.apache.catalina.startup.Catalina.start Server startup in [5816] milliseconds
01-Jun-2024 14:31:32.936 INFO [main] org.apache.catalina.core.StandardServer.await A valid shutdown command was received via the shutdown port. Stopping the Server instance.
01-Jun-2024 14:31:32.938 INFO [main] org.apache.coyote.AbstractProtocol.pause Pausing ProtocolHandler ["http-nio-9091"]
01-Jun-2024 14:31:32.941 INFO [main] org.apache.catalina.core.StandardService.stopInternal Stopping service [Catalina]
01-Jun-2024 14:31:33.114 INFO [main] org.apache.coyote.AbstractProtocol.stop Stopping ProtocolHandler ["http-nio-9091"]
01-Jun-2024 14:31:33.123 INFO [main] org.apache.coyote.AbstractProtocol.destroy Destroying ProtocolHandler ["http-nio-9091"]
