08-Jun-2024 08:48:13.449 INFORMACIÓN [main] org.apache.catalina.startup.VersionLoggerListener.log Nombre de la versión del servidor: Apache Tomcat/9.0.82
08-Jun-2024 08:48:13.449 INFORMACIÓN [main] org.apache.catalina.startup.VersionLoggerListener.log Server built:                      Oct 11 2023 13:15:08 UTC
08-Jun-2024 08:48:13.449 INFORMACIÓN [main] org.apache.catalina.startup.VersionLoggerListener.log Número de versión de servidor:     9.0.82.0
08-Jun-2024 08:48:13.449 INFORMACIÓN [main] org.apache.catalina.startup.VersionLoggerListener.log OS Name:                           Windows 11
08-Jun-2024 08:48:13.449 INFORMACIÓN [main] org.apache.catalina.startup.VersionLoggerListener.log Versión de Systema Operativo:      10.0
08-Jun-2024 08:48:13.449 INFORMACIÓN [main] org.apache.catalina.startup.VersionLoggerListener.log Arquitectura:                      amd64
08-Jun-2024 08:48:13.449 INFORMACIÓN [main] org.apache.catalina.startup.VersionLoggerListener.log Java Home:                         C:\Program Files\Amazon Corretto\jdk11.0.23_9
08-Jun-2024 08:48:13.449 INFORMACIÓN [main] org.apache.catalina.startup.VersionLoggerListener.log JVM Version:                       11.0.23+9-LTS
08-Jun-2024 08:48:13.449 INFORMACIÓN [main] org.apache.catalina.startup.VersionLoggerListener.log Vededor JVM:                       Amazon.com Inc.
08-Jun-2024 08:48:13.449 INFORMACIÓN [main] org.apache.catalina.startup.VersionLoggerListener.log CATALINA_BASE:                     C:\Users\KD-08\Documents\apache-tomcat-9.0.82
08-Jun-2024 08:48:13.449 INFORMACIÓN [main] org.apache.catalina.startup.VersionLoggerListener.log CATALINA_HOME:                     C:\Users\KD-08\Documents\apache-tomcat-9.0.82
08-Jun-2024 08:48:13.481 INFORMACIÓN [main] org.apache.catalina.startup.VersionLoggerListener.log Command line argument:             --add-opens=java.base/java.lang=ALL-UNNAMED
08-Jun-2024 08:48:13.481 INFORMACIÓN [main] org.apache.catalina.startup.VersionLoggerListener.log Command line argument:             --add-opens=java.base/java.io=ALL-UNNAMED
08-Jun-2024 08:48:13.481 INFORMACIÓN [main] org.apache.catalina.startup.VersionLoggerListener.log Command line argument:             --add-opens=java.base/java.util=ALL-UNNAMED
08-Jun-2024 08:48:13.481 INFORMACIÓN [main] org.apache.catalina.startup.VersionLoggerListener.log Command line argument:             --add-opens=java.base/java.util.concurrent=ALL-UNNAMED
08-Jun-2024 08:48:13.481 INFORMACIÓN [main] org.apache.catalina.startup.VersionLoggerListener.log Command line argument:             --add-opens=java.rmi/sun.rmi.transport=ALL-UNNAMED
08-Jun-2024 08:48:13.481 INFORMACIÓN [main] org.apache.catalina.startup.VersionLoggerListener.log Command line argument:             -Djava.util.logging.config.file=C:\Users\KD-08\Documents\apache-tomcat-9.0.82\conf\logging.properties
08-Jun-2024 08:48:13.481 INFORMACIÓN [main] org.apache.catalina.startup.VersionLoggerListener.log Command line argument:             -Djava.util.logging.manager=org.apache.juli.ClassLoaderLogManager
08-Jun-2024 08:48:13.481 INFORMACIÓN [main] org.apache.catalina.startup.VersionLoggerListener.log Command line argument:             -Djdk.tls.ephemeralDHKeySize=2048
08-Jun-2024 08:48:13.481 INFORMACIÓN [main] org.apache.catalina.startup.VersionLoggerListener.log Command line argument:             -Djava.protocol.handler.pkgs=org.apache.catalina.webresources
08-Jun-2024 08:48:13.481 INFORMACIÓN [main] org.apache.catalina.startup.VersionLoggerListener.log Command line argument:             -Dignore.endorsed.dirs=
08-Jun-2024 08:48:13.481 INFORMACIÓN [main] org.apache.catalina.startup.VersionLoggerListener.log Command line argument:             -Dcatalina.base=C:\Users\KD-08\Documents\apache-tomcat-9.0.82
08-Jun-2024 08:48:13.481 INFORMACIÓN [main] org.apache.catalina.startup.VersionLoggerListener.log Command line argument:             -Dcatalina.home=C:\Users\KD-08\Documents\apache-tomcat-9.0.82
08-Jun-2024 08:48:13.481 INFORMACIÓN [main] org.apache.catalina.startup.VersionLoggerListener.log Command line argument:             -Djava.io.tmpdir=C:\Users\KD-08\Documents\apache-tomcat-9.0.82\temp
08-Jun-2024 08:48:13.497 INFORMACIÓN [main] org.apache.catalina.core.AprLifecycleListener.lifecycleEvent La biblioteca nativa de Apache Tomcat basada en ARP que permite un rendimiento óptimo en entornos de desarrollo no ha sido hallada en java.library.path: [C:\Program Files\Amazon Corretto\jdk11.0.23_9\bin;C:\Windows\Sun\Java\bin;C:\Windows\system32;C:\Windows;C:\Program Files\Eclipse Adoptium\jdk-21.0.3.9-hotspot\bin;C:\Program Files\Amazon Corretto\jdk11.0.23_9\bin;C:\Program Files\Common Files\Oracle\Java\javapath;C:\Windows\system32;C:\Windows;C:\Windows\System32\Wbem;C:\Windows\System32\WindowsPowerShell\v1.0\;C:\Windows\System32\OpenSSH\;C:\Program Files\dotnet\;C:\Users\KD-08\Documents\apache-maven-3.9.7\bin;C:\Program Files\CMake\bin;C:\Program Files\Inkscape\bin;C:\Program Files\nodejs\;C:\Program Files\Git\cmd;C:\Users\KD-08\AppData\Local\Microsoft\WindowsApps;C:\Users\KD-08\AppData\Roaming\npm;C:\Users\KD-08\AppData\Local\Programs\Microsoft VS Code\bin;.]
08-Jun-2024 08:48:13.969 INFORMACIÓN [main] org.apache.coyote.AbstractProtocol.init Inicializando el manejador de protocolo ["http-nio-9091"]

08-Jun-2024 08:48:14.032 INFORMACIÓN [main] org.apache.catalina.startup.Catalina.load Server initialization in [996] milliseconds
08-Jun-2024 08:48:14.080 ADVERTENCIA [main] java.util.ArrayList.forEach Name = ConexionInventario Property maxActive is not used in DBCP2, use maxTotal instead. maxTotal default value is 8. You have set value of "100" for "maxActive" property, which is being ignored.
08-Jun-2024 08:48:14.080 ADVERTENCIA [main] java.util.ArrayList.forEach Name = ConexionInventario Property maxWait is not used in DBCP2 , use maxWaitMillis instead. maxWaitMillis default value is PT-0.001S. You have set value of "10000" for "maxWait" property, which is being ignored.
08-Jun-2024 08:48:14.091 INFORMACIÓN [main] java.util.ArrayList.forEach Name = ConexionInventario Ignoring unknown property: value of "jdbc/ConexionInventario" for "global" property
08-Jun-2024 08:48:14.158 ADVERTENCIA [main] java.util.ArrayList.forEach Name = ConexionPG Property maxActive is not used in DBCP2, use maxTotal instead. maxTotal default value is 8. You have set value of "100" for "maxActive" property, which is being ignored.
08-Jun-2024 08:48:14.158 ADVERTENCIA [main] java.util.ArrayList.forEach Name = ConexionPG Property maxWait is not used in DBCP2 , use maxWaitMillis instead. maxWaitMillis default value is PT-0.001S. You have set value of "10000" for "maxWait" property, which is being ignored.
08-Jun-2024 08:48:14.161 INFORMACIÓN [main] java.util.ArrayList.forEach Name = ConexionPG Ignoring unknown property: value of "jdbc/ConexionPG" for "global" property
08-Jun-2024 08:48:14.271 INFORMACIÓN [main] org.apache.catalina.core.StandardService.startInternal Arrancando servicio [Catalina]
08-Jun-2024 08:48:14.271 INFORMACIÓN [main] org.apache.catalina.core.StandardEngine.startInternal Starting Servlet engine: [Apache Tomcat/9.0.82]
08-Jun-2024 08:48:14.307 INFORMACIÓN [main] org.apache.catalina.startup.HostConfig.deployWAR Despliegue del archivo [C:\Users\KD-08\Documents\apache-tomcat-9.0.82\webapps\ejemploweb.war] de la aplicación web
08-Jun-2024 08:48:14.358 INFORMACIÓN [main] org.apache.catalina.startup.ExpandWar.expand An expanded directory [C:\Users\KD-08\Documents\apache-tomcat-9.0.82\webapps\ejemploweb] was found with a last modified time that did not match the associated WAR. It will be deleted.
08-Jun-2024 08:48:16.364 INFORMACIÓN [main] org.apache.jasper.servlet.TldScanner.scanJars Al menos un JAR, que se ha explorado buscando TLDs, aún no contenía TLDs. Activar historial de depuración para este historiador para una completa lista de los JARs que fueron explorados y de los que nos se halló TLDs. Saltarse JARs no necesarios durante la exploración puede dar lugar a una mejora de tiempo significativa en el arranque y compilación de JSP .
08-Jun-2024 08:48:16.665 ADVERTENCIA [main] org.apache.catalina.util.SessionIdGeneratorBase.createSecureRandom Creation of SecureRandom instance for session ID generation using [SHA1PRNG] took [188] milliseconds.
08-Jun-2024 08:48:17.812 INFORMACIÓN [main] org.apache.catalina.startup.HostConfig.deployWAR Deployment of web application archive [C:\Users\KD-08\Documents\apache-tomcat-9.0.82\webapps\ejemploweb.war] has finished in [3.505] ms
08-Jun-2024 08:48:17.812 INFORMACIÓN [main] org.apache.catalina.startup.HostConfig.deployWAR Despliegue del archivo [C:\Users\KD-08\Documents\apache-tomcat-9.0.82\webapps\inventarios-1.0.0.war] de la aplicación web
08-Jun-2024 08:48:17.812 INFORMACIÓN [main] org.apache.catalina.startup.ExpandWar.expand An expanded directory [C:\Users\KD-08\Documents\apache-tomcat-9.0.82\webapps\inventarios-1.0.0] was found with a last modified time that did not match the associated WAR. It will be deleted.
08-Jun-2024 08:48:19.043 INFORMACIÓN [main] org.apache.jasper.servlet.TldScanner.scanJars Al menos un JAR, que se ha explorado buscando TLDs, aún no contenía TLDs. Activar historial de depuración para este historiador para una completa lista de los JARs que fueron explorados y de los que nos se halló TLDs. Saltarse JARs no necesarios durante la exploración puede dar lugar a una mejora de tiempo significativa en el arranque y compilación de JSP .
08-Jun-2024 08:48:19.079 INFORMACIÓN [main] org.apache.catalina.startup.HostConfig.deployWAR Deployment of web application archive [C:\Users\KD-08\Documents\apache-tomcat-9.0.82\webapps\inventarios-1.0.0.war] has finished in [1.267] ms
08-Jun-2024 08:48:19.079 INFORMACIÓN [main] org.apache.catalina.startup.HostConfig.deployDirectory Desplegando el directorio [C:\Users\KD-08\Documents\apache-tomcat-9.0.82\webapps\docs] de la aplicación web
08-Jun-2024 08:48:19.233 INFORMACIÓN [main] org.apache.jasper.servlet.TldScanner.scanJars Al menos un JAR, que se ha explorado buscando TLDs, aún no contenía TLDs. Activar historial de depuración para este historiador para una completa lista de los JARs que fueron explorados y de los que nos se halló TLDs. Saltarse JARs no necesarios durante la exploración puede dar lugar a una mejora de tiempo significativa en el arranque y compilación de JSP .
08-Jun-2024 08:48:19.233 INFORMACIÓN [main] org.apache.catalina.startup.HostConfig.deployDirectory Deployment of web application directory [C:\Users\KD-08\Documents\apache-tomcat-9.0.82\webapps\docs] has finished in [154] ms
08-Jun-2024 08:48:19.233 INFORMACIÓN [main] org.apache.catalina.startup.HostConfig.deployDirectory Desplegando el directorio [C:\Users\KD-08\Documents\apache-tomcat-9.0.82\webapps\examples] de la aplicación web
08-Jun-2024 08:48:19.721 INFORMACIÓN [main] org.apache.jasper.servlet.TldScanner.scanJars Al menos un JAR, que se ha explorado buscando TLDs, aún no contenía TLDs. Activar historial de depuración para este historiador para una completa lista de los JARs que fueron explorados y de los que nos se halló TLDs. Saltarse JARs no necesarios durante la exploración puede dar lugar a una mejora de tiempo significativa en el arranque y compilación de JSP .
08-Jun-2024 08:48:19.848 INFORMACIÓN [main] org.apache.catalina.startup.HostConfig.deployDirectory Deployment of web application directory [C:\Users\KD-08\Documents\apache-tomcat-9.0.82\webapps\examples] has finished in [613] ms
08-Jun-2024 08:48:19.848 INFORMACIÓN [main] org.apache.catalina.startup.HostConfig.deployDirectory Desplegando el directorio [C:\Users\KD-08\Documents\apache-tomcat-9.0.82\webapps\host-manager] de la aplicación web
08-Jun-2024 08:48:20.073 INFORMACIÓN [main] org.apache.jasper.servlet.TldScanner.scanJars Al menos un JAR, que se ha explorado buscando TLDs, aún no contenía TLDs. Activar historial de depuración para este historiador para una completa lista de los JARs que fueron explorados y de los que nos se halló TLDs. Saltarse JARs no necesarios durante la exploración puede dar lugar a una mejora de tiempo significativa en el arranque y compilación de JSP .
08-Jun-2024 08:48:20.083 INFORMACIÓN [main] org.apache.catalina.startup.HostConfig.deployDirectory Deployment of web application directory [C:\Users\KD-08\Documents\apache-tomcat-9.0.82\webapps\host-manager] has finished in [235] ms
08-Jun-2024 08:48:20.083 INFORMACIÓN [main] org.apache.catalina.startup.HostConfig.deployDirectory Desplegando el directorio [C:\Users\KD-08\Documents\apache-tomcat-9.0.82\webapps\manager] de la aplicación web
08-Jun-2024 08:48:20.279 INFORMACIÓN [main] org.apache.jasper.servlet.TldScanner.scanJars Al menos un JAR, que se ha explorado buscando TLDs, aún no contenía TLDs. Activar historial de depuración para este historiador para una completa lista de los JARs que fueron explorados y de los que nos se halló TLDs. Saltarse JARs no necesarios durante la exploración puede dar lugar a una mejora de tiempo significativa en el arranque y compilación de JSP .
08-Jun-2024 08:48:20.331 INFORMACIÓN [main] org.apache.catalina.startup.HostConfig.deployDirectory Deployment of web application directory [C:\Users\KD-08\Documents\apache-tomcat-9.0.82\webapps\manager] has finished in [248] ms
08-Jun-2024 08:48:20.331 INFORMACIÓN [main] org.apache.catalina.startup.HostConfig.deployDirectory Desplegando el directorio [C:\Users\KD-08\Documents\apache-tomcat-9.0.82\webapps\ROOT] de la aplicación web
08-Jun-2024 08:48:20.516 INFORMACIÓN [main] org.apache.jasper.servlet.TldScanner.scanJars Al menos un JAR, que se ha explorado buscando TLDs, aún no contenía TLDs. Activar historial de depuración para este historiador para una completa lista de los JARs que fueron explorados y de los que nos se halló TLDs. Saltarse JARs no necesarios durante la exploración puede dar lugar a una mejora de tiempo significativa en el arranque y compilación de JSP .
08-Jun-2024 08:48:20.523 INFORMACIÓN [main] org.apache.catalina.startup.HostConfig.deployDirectory Deployment of web application directory [C:\Users\KD-08\Documents\apache-tomcat-9.0.82\webapps\ROOT] has finished in [192] ms
08-Jun-2024 08:48:20.534 INFORMACIÓN [main] org.apache.coyote.AbstractProtocol.start Starting ProtocolHandler ["http-nio-9091"]
08-Jun-2024 08:48:20.795 INFORMACIÓN [main] org.apache.catalina.startup.Catalina.start Server startup in [6765] milliseconds
08-Jun-2024 16:40:05.803 INFORMACIÓN [Catalina-utility-2] org.apache.catalina.startup.HostConfig.undeploy Repliegue (undeploy) de la aplicación web que tiene como trayectoria de contexto [/inventarios-1.0.0]
08-Jun-2024 16:40:06.134 INFORMACIÓN [Catalina-utility-2] org.apache.catalina.startup.HostConfig.deployWAR Despliegue del archivo [C:\Users\KD-08\Documents\apache-tomcat-9.0.82\webapps\inventarios-1.0.0.war] de la aplicación web
08-Jun-2024 16:40:08.813 INFORMACIÓN [Catalina-utility-2] org.apache.jasper.servlet.TldScanner.scanJars Al menos un JAR, que se ha explorado buscando TLDs, aún no contenía TLDs. Activar historial de depuración para este historiador para una completa lista de los JARs que fueron explorados y de los que nos se halló TLDs. Saltarse JARs no necesarios durante la exploración puede dar lugar a una mejora de tiempo significativa en el arranque y compilación de JSP .
08-Jun-2024 16:40:08.851 INFORMACIÓN [Catalina-utility-2] org.apache.catalina.startup.HostConfig.deployWAR Deployment of web application archive [C:\Users\KD-08\Documents\apache-tomcat-9.0.82\webapps\inventarios-1.0.0.war] has finished in [2.717] ms
08-Jun-2024 16:42:33.362 INFORMACIÓN [main] org.apache.catalina.core.StandardServer.await Se ha recibido un comando de apagado a través del puerto de apagado. Parando la instancia del Servidor.
08-Jun-2024 16:42:33.363 INFORMACIÓN [main] org.apache.coyote.AbstractProtocol.pause Pausing ProtocolHandler ["http-nio-9091"]
08-Jun-2024 16:42:33.595 INFORMACIÓN [main] org.apache.catalina.core.StandardService.stopInternal Parando servicio [Catalina]
08-Jun-2024 16:42:33.760 INFORMACIÓN [main] org.apache.coyote.AbstractProtocol.stop Stopping ProtocolHandler ["http-nio-9091"]
08-Jun-2024 16:42:33.780 INFORMACIÓN [main] org.apache.coyote.AbstractProtocol.destroy Destroying ProtocolHandler ["http-nio-9091"]
08-Jun-2024 16:42:38.978 INFORMACIÓN [main] org.apache.catalina.startup.VersionLoggerListener.log Nombre de la versión del servidor: Apache Tomcat/9.0.82
08-Jun-2024 16:42:38.984 INFORMACIÓN [main] org.apache.catalina.startup.VersionLoggerListener.log Server built:                      Oct 11 2023 13:15:08 UTC
08-Jun-2024 16:42:38.988 INFORMACIÓN [main] org.apache.catalina.startup.VersionLoggerListener.log Número de versión de servidor:     9.0.82.0
08-Jun-2024 16:42:38.988 INFORMACIÓN [main] org.apache.catalina.startup.VersionLoggerListener.log OS Name:                           Windows 11
08-Jun-2024 16:42:38.988 INFORMACIÓN [main] org.apache.catalina.startup.VersionLoggerListener.log Versión de Systema Operativo:      10.0
08-Jun-2024 16:42:38.988 INFORMACIÓN [main] org.apache.catalina.startup.VersionLoggerListener.log Arquitectura:                      amd64
08-Jun-2024 16:42:38.990 INFORMACIÓN [main] org.apache.catalina.startup.VersionLoggerListener.log Java Home:                         C:\Program Files\Amazon Corretto\jdk11.0.23_9
08-Jun-2024 16:42:38.990 INFORMACIÓN [main] org.apache.catalina.startup.VersionLoggerListener.log JVM Version:                       11.0.23+9-LTS
08-Jun-2024 16:42:38.990 INFORMACIÓN [main] org.apache.catalina.startup.VersionLoggerListener.log Vededor JVM:                       Amazon.com Inc.
08-Jun-2024 16:42:38.991 INFORMACIÓN [main] org.apache.catalina.startup.VersionLoggerListener.log CATALINA_BASE:                     C:\Users\KD-08\Documents\apache-tomcat-9.0.82
08-Jun-2024 16:42:38.991 INFORMACIÓN [main] org.apache.catalina.startup.VersionLoggerListener.log CATALINA_HOME:                     C:\Users\KD-08\Documents\apache-tomcat-9.0.82
08-Jun-2024 16:42:39.014 INFORMACIÓN [main] org.apache.catalina.startup.VersionLoggerListener.log Command line argument:             --add-opens=java.base/java.lang=ALL-UNNAMED
08-Jun-2024 16:42:39.014 INFORMACIÓN [main] org.apache.catalina.startup.VersionLoggerListener.log Command line argument:             --add-opens=java.base/java.io=ALL-UNNAMED
08-Jun-2024 16:42:39.020 INFORMACIÓN [main] org.apache.catalina.startup.VersionLoggerListener.log Command line argument:             --add-opens=java.base/java.util=ALL-UNNAMED
08-Jun-2024 16:42:39.022 INFORMACIÓN [main] org.apache.catalina.startup.VersionLoggerListener.log Command line argument:             --add-opens=java.base/java.util.concurrent=ALL-UNNAMED
08-Jun-2024 16:42:39.022 INFORMACIÓN [main] org.apache.catalina.startup.VersionLoggerListener.log Command line argument:             --add-opens=java.rmi/sun.rmi.transport=ALL-UNNAMED
08-Jun-2024 16:42:39.022 INFORMACIÓN [main] org.apache.catalina.startup.VersionLoggerListener.log Command line argument:             -Djava.util.logging.config.file=C:\Users\KD-08\Documents\apache-tomcat-9.0.82\conf\logging.properties
08-Jun-2024 16:42:39.022 INFORMACIÓN [main] org.apache.catalina.startup.VersionLoggerListener.log Command line argument:             -Djava.util.logging.manager=org.apache.juli.ClassLoaderLogManager
08-Jun-2024 16:42:39.024 INFORMACIÓN [main] org.apache.catalina.startup.VersionLoggerListener.log Command line argument:             -Djdk.tls.ephemeralDHKeySize=2048
08-Jun-2024 16:42:39.024 INFORMACIÓN [main] org.apache.catalina.startup.VersionLoggerListener.log Command line argument:             -Djava.protocol.handler.pkgs=org.apache.catalina.webresources
08-Jun-2024 16:42:39.024 INFORMACIÓN [main] org.apache.catalina.startup.VersionLoggerListener.log Command line argument:             -Dignore.endorsed.dirs=
08-Jun-2024 16:42:39.024 INFORMACIÓN [main] org.apache.catalina.startup.VersionLoggerListener.log Command line argument:             -Dcatalina.base=C:\Users\KD-08\Documents\apache-tomcat-9.0.82
08-Jun-2024 16:42:39.026 INFORMACIÓN [main] org.apache.catalina.startup.VersionLoggerListener.log Command line argument:             -Dcatalina.home=C:\Users\KD-08\Documents\apache-tomcat-9.0.82
08-Jun-2024 16:42:39.026 INFORMACIÓN [main] org.apache.catalina.startup.VersionLoggerListener.log Command line argument:             -Djava.io.tmpdir=C:\Users\KD-08\Documents\apache-tomcat-9.0.82\temp
08-Jun-2024 16:42:39.031 INFORMACIÓN [main] org.apache.catalina.core.AprLifecycleListener.lifecycleEvent La biblioteca nativa de Apache Tomcat basada en ARP que permite un rendimiento óptimo en entornos de desarrollo no ha sido hallada en java.library.path: [C:\Program Files\Amazon Corretto\jdk11.0.23_9\bin;C:\Windows\Sun\Java\bin;C:\Windows\system32;C:\Windows;C:\Program Files\Eclipse Adoptium\jdk-21.0.3.9-hotspot\bin;C:\Program Files\Amazon Corretto\jdk11.0.23_9\bin;C:\Program Files\Common Files\Oracle\Java\javapath;C:\Windows\system32;C:\Windows;C:\Windows\System32\Wbem;C:\Windows\System32\WindowsPowerShell\v1.0\;C:\Windows\System32\OpenSSH\;C:\Program Files\dotnet\;C:\Users\KD-08\Documents\apache-maven-3.9.7\bin;C:\Program Files\CMake\bin;C:\Program Files\Inkscape\bin;C:\Program Files\nodejs\;C:\Program Files\Git\cmd;C:\Users\KD-08\AppData\Local\Microsoft\WindowsApps;C:\Users\KD-08\AppData\Roaming\npm;C:\Users\KD-08\AppData\Local\Programs\Microsoft VS Code\bin;.]
08-Jun-2024 16:42:39.504 INFORMACIÓN [main] org.apache.coyote.AbstractProtocol.init Inicializando el manejador de protocolo ["http-nio-9091"]

08-Jun-2024 16:42:39.553 INFORMACIÓN [main] org.apache.catalina.startup.Catalina.load Server initialization in [947] milliseconds
08-Jun-2024 16:42:39.601 ADVERTENCIA [main] java.util.ArrayList.forEach Name = ConexionInventario Property maxActive is not used in DBCP2, use maxTotal instead. maxTotal default value is 8. You have set value of "100" for "maxActive" property, which is being ignored.
08-Jun-2024 16:42:39.601 ADVERTENCIA [main] java.util.ArrayList.forEach Name = ConexionInventario Property maxWait is not used in DBCP2 , use maxWaitMillis instead. maxWaitMillis default value is PT-0.001S. You have set value of "10000" for "maxWait" property, which is being ignored.
08-Jun-2024 16:42:39.601 INFORMACIÓN [main] java.util.ArrayList.forEach Name = ConexionInventario Ignoring unknown property: value of "jdbc/ConexionInventario" for "global" property
08-Jun-2024 16:42:39.664 ADVERTENCIA [main] java.util.ArrayList.forEach Name = ConexionPG Property maxActive is not used in DBCP2, use maxTotal instead. maxTotal default value is 8. You have set value of "100" for "maxActive" property, which is being ignored.
08-Jun-2024 16:42:39.664 ADVERTENCIA [main] java.util.ArrayList.forEach Name = ConexionPG Property maxWait is not used in DBCP2 , use maxWaitMillis instead. maxWaitMillis default value is PT-0.001S. You have set value of "10000" for "maxWait" property, which is being ignored.
08-Jun-2024 16:42:39.664 INFORMACIÓN [main] java.util.ArrayList.forEach Name = ConexionPG Ignoring unknown property: value of "jdbc/ConexionPG" for "global" property
08-Jun-2024 16:42:39.776 INFORMACIÓN [main] org.apache.catalina.core.StandardService.startInternal Arrancando servicio [Catalina]
08-Jun-2024 16:42:39.786 INFORMACIÓN [main] org.apache.catalina.core.StandardEngine.startInternal Starting Servlet engine: [Apache Tomcat/9.0.82]
08-Jun-2024 16:42:39.808 INFORMACIÓN [main] org.apache.catalina.startup.HostConfig.deployWAR Despliegue del archivo [C:\Users\KD-08\Documents\apache-tomcat-9.0.82\webapps\ejemploweb.war] de la aplicación web
08-Jun-2024 16:42:41.494 INFORMACIÓN [main] org.apache.jasper.servlet.TldScanner.scanJars Al menos un JAR, que se ha explorado buscando TLDs, aún no contenía TLDs. Activar historial de depuración para este historiador para una completa lista de los JARs que fueron explorados y de los que nos se halló TLDs. Saltarse JARs no necesarios durante la exploración puede dar lugar a una mejora de tiempo significativa en el arranque y compilación de JSP .
08-Jun-2024 16:42:41.813 ADVERTENCIA [main] org.apache.catalina.util.SessionIdGeneratorBase.createSecureRandom Creation of SecureRandom instance for session ID generation using [SHA1PRNG] took [209] milliseconds.
08-Jun-2024 16:42:43.387 INFORMACIÓN [main] org.apache.catalina.startup.HostConfig.deployWAR Deployment of web application archive [C:\Users\KD-08\Documents\apache-tomcat-9.0.82\webapps\ejemploweb.war] has finished in [3.579] ms
08-Jun-2024 16:42:43.387 INFORMACIÓN [main] org.apache.catalina.startup.HostConfig.deployWAR Despliegue del archivo [C:\Users\KD-08\Documents\apache-tomcat-9.0.82\webapps\inventarios-1.0.0.war] de la aplicación web
08-Jun-2024 16:42:44.435 INFORMACIÓN [main] org.apache.jasper.servlet.TldScanner.scanJars Al menos un JAR, que se ha explorado buscando TLDs, aún no contenía TLDs. Activar historial de depuración para este historiador para una completa lista de los JARs que fueron explorados y de los que nos se halló TLDs. Saltarse JARs no necesarios durante la exploración puede dar lugar a una mejora de tiempo significativa en el arranque y compilación de JSP .
08-Jun-2024 16:42:44.474 INFORMACIÓN [main] org.apache.catalina.startup.HostConfig.deployWAR Deployment of web application archive [C:\Users\KD-08\Documents\apache-tomcat-9.0.82\webapps\inventarios-1.0.0.war] has finished in [1.087] ms
08-Jun-2024 16:42:44.482 INFORMACIÓN [main] org.apache.catalina.startup.HostConfig.deployDirectory Desplegando el directorio [C:\Users\KD-08\Documents\apache-tomcat-9.0.82\webapps\docs] de la aplicación web
08-Jun-2024 16:42:44.609 INFORMACIÓN [main] org.apache.jasper.servlet.TldScanner.scanJars Al menos un JAR, que se ha explorado buscando TLDs, aún no contenía TLDs. Activar historial de depuración para este historiador para una completa lista de los JARs que fueron explorados y de los que nos se halló TLDs. Saltarse JARs no necesarios durante la exploración puede dar lugar a una mejora de tiempo significativa en el arranque y compilación de JSP .
08-Jun-2024 16:42:44.625 INFORMACIÓN [main] org.apache.catalina.startup.HostConfig.deployDirectory Deployment of web application directory [C:\Users\KD-08\Documents\apache-tomcat-9.0.82\webapps\docs] has finished in [143] ms
08-Jun-2024 16:42:44.625 INFORMACIÓN [main] org.apache.catalina.startup.HostConfig.deployDirectory Desplegando el directorio [C:\Users\KD-08\Documents\apache-tomcat-9.0.82\webapps\examples] de la aplicación web
08-Jun-2024 16:42:45.175 INFORMACIÓN [main] org.apache.jasper.servlet.TldScanner.scanJars Al menos un JAR, que se ha explorado buscando TLDs, aún no contenía TLDs. Activar historial de depuración para este historiador para una completa lista de los JARs que fueron explorados y de los que nos se halló TLDs. Saltarse JARs no necesarios durante la exploración puede dar lugar a una mejora de tiempo significativa en el arranque y compilación de JSP .
08-Jun-2024 16:42:45.409 INFORMACIÓN [main] org.apache.catalina.startup.HostConfig.deployDirectory Deployment of web application directory [C:\Users\KD-08\Documents\apache-tomcat-9.0.82\webapps\examples] has finished in [784] ms
08-Jun-2024 16:42:45.411 INFORMACIÓN [main] org.apache.catalina.startup.HostConfig.deployDirectory Desplegando el directorio [C:\Users\KD-08\Documents\apache-tomcat-9.0.82\webapps\host-manager] de la aplicación web
08-Jun-2024 16:42:45.629 INFORMACIÓN [main] org.apache.jasper.servlet.TldScanner.scanJars Al menos un JAR, que se ha explorado buscando TLDs, aún no contenía TLDs. Activar historial de depuración para este historiador para una completa lista de los JARs que fueron explorados y de los que nos se halló TLDs. Saltarse JARs no necesarios durante la exploración puede dar lugar a una mejora de tiempo significativa en el arranque y compilación de JSP .
08-Jun-2024 16:42:45.643 INFORMACIÓN [main] org.apache.catalina.startup.HostConfig.deployDirectory Deployment of web application directory [C:\Users\KD-08\Documents\apache-tomcat-9.0.82\webapps\host-manager] has finished in [232] ms
08-Jun-2024 16:42:45.644 INFORMACIÓN [main] org.apache.catalina.startup.HostConfig.deployDirectory Desplegando el directorio [C:\Users\KD-08\Documents\apache-tomcat-9.0.82\webapps\manager] de la aplicación web
08-Jun-2024 16:42:45.834 INFORMACIÓN [main] org.apache.jasper.servlet.TldScanner.scanJars Al menos un JAR, que se ha explorado buscando TLDs, aún no contenía TLDs. Activar historial de depuración para este historiador para una completa lista de los JARs que fueron explorados y de los que nos se halló TLDs. Saltarse JARs no necesarios durante la exploración puede dar lugar a una mejora de tiempo significativa en el arranque y compilación de JSP .
08-Jun-2024 16:42:45.834 INFORMACIÓN [main] org.apache.catalina.startup.HostConfig.deployDirectory Deployment of web application directory [C:\Users\KD-08\Documents\apache-tomcat-9.0.82\webapps\manager] has finished in [190] ms
08-Jun-2024 16:42:45.834 INFORMACIÓN [main] org.apache.catalina.startup.HostConfig.deployDirectory Desplegando el directorio [C:\Users\KD-08\Documents\apache-tomcat-9.0.82\webapps\ROOT] de la aplicación web
08-Jun-2024 16:42:45.976 INFORMACIÓN [main] org.apache.jasper.servlet.TldScanner.scanJars Al menos un JAR, que se ha explorado buscando TLDs, aún no contenía TLDs. Activar historial de depuración para este historiador para una completa lista de los JARs que fueron explorados y de los que nos se halló TLDs. Saltarse JARs no necesarios durante la exploración puede dar lugar a una mejora de tiempo significativa en el arranque y compilación de JSP .
08-Jun-2024 16:42:45.976 INFORMACIÓN [main] org.apache.catalina.startup.HostConfig.deployDirectory Deployment of web application directory [C:\Users\KD-08\Documents\apache-tomcat-9.0.82\webapps\ROOT] has finished in [142] ms
08-Jun-2024 16:42:45.976 INFORMACIÓN [main] org.apache.coyote.AbstractProtocol.start Starting ProtocolHandler ["http-nio-9091"]
08-Jun-2024 16:42:46.200 INFORMACIÓN [main] org.apache.catalina.startup.Catalina.start Server startup in [6638] milliseconds
08-Jun-2024 17:22:04.931 INFORMACIÓN [main] org.apache.catalina.core.StandardServer.await Se ha recibido un comando de apagado a través del puerto de apagado. Parando la instancia del Servidor.
08-Jun-2024 17:22:04.936 INFORMACIÓN [main] org.apache.coyote.AbstractProtocol.pause Pausing ProtocolHandler ["http-nio-9091"]
08-Jun-2024 17:22:05.138 INFORMACIÓN [main] org.apache.catalina.core.StandardService.stopInternal Parando servicio [Catalina]
08-Jun-2024 17:22:05.498 INFORMACIÓN [main] org.apache.coyote.AbstractProtocol.stop Stopping ProtocolHandler ["http-nio-9091"]
08-Jun-2024 17:22:05.532 INFORMACIÓN [main] org.apache.coyote.AbstractProtocol.destroy Destroying ProtocolHandler ["http-nio-9091"]
08-Jun-2024 17:23:06.443 INFORMACIÓN [main] org.apache.catalina.startup.VersionLoggerListener.log Nombre de la versión del servidor: Apache Tomcat/9.0.82
08-Jun-2024 17:23:06.459 INFORMACIÓN [main] org.apache.catalina.startup.VersionLoggerListener.log Server built:                      Oct 11 2023 13:15:08 UTC
08-Jun-2024 17:23:06.459 INFORMACIÓN [main] org.apache.catalina.startup.VersionLoggerListener.log Número de versión de servidor:     9.0.82.0
08-Jun-2024 17:23:06.459 INFORMACIÓN [main] org.apache.catalina.startup.VersionLoggerListener.log OS Name:                           Windows 11
08-Jun-2024 17:23:06.459 INFORMACIÓN [main] org.apache.catalina.startup.VersionLoggerListener.log Versión de Systema Operativo:      10.0
08-Jun-2024 17:23:06.459 INFORMACIÓN [main] org.apache.catalina.startup.VersionLoggerListener.log Arquitectura:                      amd64
08-Jun-2024 17:23:06.459 INFORMACIÓN [main] org.apache.catalina.startup.VersionLoggerListener.log Java Home:                         C:\Program Files\Amazon Corretto\jdk11.0.23_9
08-Jun-2024 17:23:06.459 INFORMACIÓN [main] org.apache.catalina.startup.VersionLoggerListener.log JVM Version:                       11.0.23+9-LTS
08-Jun-2024 17:23:06.459 INFORMACIÓN [main] org.apache.catalina.startup.VersionLoggerListener.log Vededor JVM:                       Amazon.com Inc.
08-Jun-2024 17:23:06.459 INFORMACIÓN [main] org.apache.catalina.startup.VersionLoggerListener.log CATALINA_BASE:                     C:\Users\KD-08\Documents\apache-tomcat-9.0.82
08-Jun-2024 17:23:06.459 INFORMACIÓN [main] org.apache.catalina.startup.VersionLoggerListener.log CATALINA_HOME:                     C:\Users\KD-08\Documents\apache-tomcat-9.0.82
08-Jun-2024 17:23:06.490 INFORMACIÓN [main] org.apache.catalina.startup.VersionLoggerListener.log Command line argument:             --add-opens=java.base/java.lang=ALL-UNNAMED
08-Jun-2024 17:23:06.495 INFORMACIÓN [main] org.apache.catalina.startup.VersionLoggerListener.log Command line argument:             --add-opens=java.base/java.io=ALL-UNNAMED
08-Jun-2024 17:23:06.495 INFORMACIÓN [main] org.apache.catalina.startup.VersionLoggerListener.log Command line argument:             --add-opens=java.base/java.util=ALL-UNNAMED
08-Jun-2024 17:23:06.495 INFORMACIÓN [main] org.apache.catalina.startup.VersionLoggerListener.log Command line argument:             --add-opens=java.base/java.util.concurrent=ALL-UNNAMED
08-Jun-2024 17:23:06.495 INFORMACIÓN [main] org.apache.catalina.startup.VersionLoggerListener.log Command line argument:             --add-opens=java.rmi/sun.rmi.transport=ALL-UNNAMED
08-Jun-2024 17:23:06.495 INFORMACIÓN [main] org.apache.catalina.startup.VersionLoggerListener.log Command line argument:             -Djava.util.logging.config.file=C:\Users\KD-08\Documents\apache-tomcat-9.0.82\conf\logging.properties
08-Jun-2024 17:23:06.495 INFORMACIÓN [main] org.apache.catalina.startup.VersionLoggerListener.log Command line argument:             -Djava.util.logging.manager=org.apache.juli.ClassLoaderLogManager
08-Jun-2024 17:23:06.495 INFORMACIÓN [main] org.apache.catalina.startup.VersionLoggerListener.log Command line argument:             -Djdk.tls.ephemeralDHKeySize=2048
08-Jun-2024 17:23:06.495 INFORMACIÓN [main] org.apache.catalina.startup.VersionLoggerListener.log Command line argument:             -Djava.protocol.handler.pkgs=org.apache.catalina.webresources
08-Jun-2024 17:23:06.495 INFORMACIÓN [main] org.apache.catalina.startup.VersionLoggerListener.log Command line argument:             -Dignore.endorsed.dirs=
08-Jun-2024 17:23:06.495 INFORMACIÓN [main] org.apache.catalina.startup.VersionLoggerListener.log Command line argument:             -Dcatalina.base=C:\Users\KD-08\Documents\apache-tomcat-9.0.82
08-Jun-2024 17:23:06.495 INFORMACIÓN [main] org.apache.catalina.startup.VersionLoggerListener.log Command line argument:             -Dcatalina.home=C:\Users\KD-08\Documents\apache-tomcat-9.0.82
08-Jun-2024 17:23:06.495 INFORMACIÓN [main] org.apache.catalina.startup.VersionLoggerListener.log Command line argument:             -Djava.io.tmpdir=C:\Users\KD-08\Documents\apache-tomcat-9.0.82\temp
08-Jun-2024 17:23:06.506 INFORMACIÓN [main] org.apache.catalina.core.AprLifecycleListener.lifecycleEvent La biblioteca nativa de Apache Tomcat basada en ARP que permite un rendimiento óptimo en entornos de desarrollo no ha sido hallada en java.library.path: [C:\Program Files\Amazon Corretto\jdk11.0.23_9\bin;C:\Windows\Sun\Java\bin;C:\Windows\system32;C:\Windows;C:\Program Files\Eclipse Adoptium\jdk-21.0.3.9-hotspot\bin;C:\Program Files\Amazon Corretto\jdk11.0.23_9\bin;C:\Program Files\Common Files\Oracle\Java\javapath;C:\Windows\system32;C:\Windows;C:\Windows\System32\Wbem;C:\Windows\System32\WindowsPowerShell\v1.0\;C:\Windows\System32\OpenSSH\;C:\Program Files\dotnet\;C:\Users\KD-08\Documents\apache-maven-3.9.7\bin;C:\Program Files\CMake\bin;C:\Program Files\Inkscape\bin;C:\Program Files\nodejs\;C:\Program Files\Git\cmd;C:\Users\KD-08\AppData\Local\Microsoft\WindowsApps;C:\Users\KD-08\AppData\Roaming\npm;C:\Users\KD-08\AppData\Local\Programs\Microsoft VS Code\bin;.]
08-Jun-2024 17:23:06.981 INFORMACIÓN [main] org.apache.coyote.AbstractProtocol.init Inicializando el manejador de protocolo ["http-nio-9091"]

08-Jun-2024 17:23:07.043 INFORMACIÓN [main] org.apache.catalina.startup.Catalina.load Server initialization in [967] milliseconds
08-Jun-2024 17:23:07.096 ADVERTENCIA [main] java.util.ArrayList.forEach Name = ConexionInventario Property maxActive is not used in DBCP2, use maxTotal instead. maxTotal default value is 8. You have set value of "100" for "maxActive" property, which is being ignored.
08-Jun-2024 17:23:07.096 ADVERTENCIA [main] java.util.ArrayList.forEach Name = ConexionInventario Property maxWait is not used in DBCP2 , use maxWaitMillis instead. maxWaitMillis default value is PT-0.001S. You have set value of "10000" for "maxWait" property, which is being ignored.
08-Jun-2024 17:23:07.096 INFORMACIÓN [main] java.util.ArrayList.forEach Name = ConexionInventario Ignoring unknown property: value of "jdbc/ConexionInventario" for "global" property
08-Jun-2024 17:23:07.155 ADVERTENCIA [main] java.util.ArrayList.forEach Name = ConexionPG Property maxActive is not used in DBCP2, use maxTotal instead. maxTotal default value is 8. You have set value of "100" for "maxActive" property, which is being ignored.
08-Jun-2024 17:23:07.156 ADVERTENCIA [main] java.util.ArrayList.forEach Name = ConexionPG Property maxWait is not used in DBCP2 , use maxWaitMillis instead. maxWaitMillis default value is PT-0.001S. You have set value of "10000" for "maxWait" property, which is being ignored.
08-Jun-2024 17:23:07.158 INFORMACIÓN [main] java.util.ArrayList.forEach Name = ConexionPG Ignoring unknown property: value of "jdbc/ConexionPG" for "global" property
08-Jun-2024 17:23:07.234 INFORMACIÓN [main] org.apache.catalina.core.StandardService.startInternal Arrancando servicio [Catalina]
08-Jun-2024 17:23:07.234 INFORMACIÓN [main] org.apache.catalina.core.StandardEngine.startInternal Starting Servlet engine: [Apache Tomcat/9.0.82]
08-Jun-2024 17:23:07.296 INFORMACIÓN [main] org.apache.catalina.startup.HostConfig.deployWAR Despliegue del archivo [C:\Users\KD-08\Documents\apache-tomcat-9.0.82\webapps\ejemploweb.war] de la aplicación web
08-Jun-2024 17:23:08.871 INFORMACIÓN [main] org.apache.jasper.servlet.TldScanner.scanJars Al menos un JAR, que se ha explorado buscando TLDs, aún no contenía TLDs. Activar historial de depuración para este historiador para una completa lista de los JARs que fueron explorados y de los que nos se halló TLDs. Saltarse JARs no necesarios durante la exploración puede dar lugar a una mejora de tiempo significativa en el arranque y compilación de JSP .
08-Jun-2024 17:23:09.173 ADVERTENCIA [main] org.apache.catalina.util.SessionIdGeneratorBase.createSecureRandom Creation of SecureRandom instance for session ID generation using [SHA1PRNG] took [175] milliseconds.
08-Jun-2024 17:23:10.524 INFORMACIÓN [main] org.apache.catalina.startup.HostConfig.deployWAR Deployment of web application archive [C:\Users\KD-08\Documents\apache-tomcat-9.0.82\webapps\ejemploweb.war] has finished in [3.228] ms
08-Jun-2024 17:23:10.524 INFORMACIÓN [main] org.apache.catalina.startup.HostConfig.deployWAR Despliegue del archivo [C:\Users\KD-08\Documents\apache-tomcat-9.0.82\webapps\inventarios-1.0.0.war] de la aplicación web
08-Jun-2024 17:23:10.528 INFORMACIÓN [main] org.apache.catalina.startup.ExpandWar.expand An expanded directory [C:\Users\KD-08\Documents\apache-tomcat-9.0.82\webapps\inventarios-1.0.0] was found with a last modified time that did not match the associated WAR. It will be deleted.
08-Jun-2024 17:23:11.701 INFORMACIÓN [main] org.apache.jasper.servlet.TldScanner.scanJars Al menos un JAR, que se ha explorado buscando TLDs, aún no contenía TLDs. Activar historial de depuración para este historiador para una completa lista de los JARs que fueron explorados y de los que nos se halló TLDs. Saltarse JARs no necesarios durante la exploración puede dar lugar a una mejora de tiempo significativa en el arranque y compilación de JSP .
08-Jun-2024 17:23:11.737 INFORMACIÓN [main] org.apache.catalina.startup.HostConfig.deployWAR Deployment of web application archive [C:\Users\KD-08\Documents\apache-tomcat-9.0.82\webapps\inventarios-1.0.0.war] has finished in [1.213] ms
08-Jun-2024 17:23:11.737 INFORMACIÓN [main] org.apache.catalina.startup.HostConfig.deployDirectory Desplegando el directorio [C:\Users\KD-08\Documents\apache-tomcat-9.0.82\webapps\docs] de la aplicación web
08-Jun-2024 17:23:11.909 INFORMACIÓN [main] org.apache.jasper.servlet.TldScanner.scanJars Al menos un JAR, que se ha explorado buscando TLDs, aún no contenía TLDs. Activar historial de depuración para este historiador para una completa lista de los JARs que fueron explorados y de los que nos se halló TLDs. Saltarse JARs no necesarios durante la exploración puede dar lugar a una mejora de tiempo significativa en el arranque y compilación de JSP .
08-Jun-2024 17:23:11.926 INFORMACIÓN [main] org.apache.catalina.startup.HostConfig.deployDirectory Deployment of web application directory [C:\Users\KD-08\Documents\apache-tomcat-9.0.82\webapps\docs] has finished in [188] ms
08-Jun-2024 17:23:11.926 INFORMACIÓN [main] org.apache.catalina.startup.HostConfig.deployDirectory Desplegando el directorio [C:\Users\KD-08\Documents\apache-tomcat-9.0.82\webapps\examples] de la aplicación web
08-Jun-2024 17:23:12.381 INFORMACIÓN [main] org.apache.jasper.servlet.TldScanner.scanJars Al menos un JAR, que se ha explorado buscando TLDs, aún no contenía TLDs. Activar historial de depuración para este historiador para una completa lista de los JARs que fueron explorados y de los que nos se halló TLDs. Saltarse JARs no necesarios durante la exploración puede dar lugar a una mejora de tiempo significativa en el arranque y compilación de JSP .
08-Jun-2024 17:23:12.460 INFORMACIÓN [main] org.apache.catalina.startup.HostConfig.deployDirectory Deployment of web application directory [C:\Users\KD-08\Documents\apache-tomcat-9.0.82\webapps\examples] has finished in [534] ms
08-Jun-2024 17:23:12.460 INFORMACIÓN [main] org.apache.catalina.startup.HostConfig.deployDirectory Desplegando el directorio [C:\Users\KD-08\Documents\apache-tomcat-9.0.82\webapps\host-manager] de la aplicación web
08-Jun-2024 17:23:12.619 INFORMACIÓN [main] org.apache.jasper.servlet.TldScanner.scanJars Al menos un JAR, que se ha explorado buscando TLDs, aún no contenía TLDs. Activar historial de depuración para este historiador para una completa lista de los JARs que fueron explorados y de los que nos se halló TLDs. Saltarse JARs no necesarios durante la exploración puede dar lugar a una mejora de tiempo significativa en el arranque y compilación de JSP .
08-Jun-2024 17:23:12.636 INFORMACIÓN [main] org.apache.catalina.startup.HostConfig.deployDirectory Deployment of web application directory [C:\Users\KD-08\Documents\apache-tomcat-9.0.82\webapps\host-manager] has finished in [175] ms
08-Jun-2024 17:23:12.636 INFORMACIÓN [main] org.apache.catalina.startup.HostConfig.deployDirectory Desplegando el directorio [C:\Users\KD-08\Documents\apache-tomcat-9.0.82\webapps\manager] de la aplicación web
08-Jun-2024 17:23:12.806 INFORMACIÓN [main] org.apache.jasper.servlet.TldScanner.scanJars Al menos un JAR, que se ha explorado buscando TLDs, aún no contenía TLDs. Activar historial de depuración para este historiador para una completa lista de los JARs que fueron explorados y de los que nos se halló TLDs. Saltarse JARs no necesarios durante la exploración puede dar lugar a una mejora de tiempo significativa en el arranque y compilación de JSP .
08-Jun-2024 17:23:12.806 INFORMACIÓN [main] org.apache.catalina.startup.HostConfig.deployDirectory Deployment of web application directory [C:\Users\KD-08\Documents\apache-tomcat-9.0.82\webapps\manager] has finished in [170] ms
08-Jun-2024 17:23:12.806 INFORMACIÓN [main] org.apache.catalina.startup.HostConfig.deployDirectory Desplegando el directorio [C:\Users\KD-08\Documents\apache-tomcat-9.0.82\webapps\ROOT] de la aplicación web
08-Jun-2024 17:23:12.971 INFORMACIÓN [main] org.apache.jasper.servlet.TldScanner.scanJars Al menos un JAR, que se ha explorado buscando TLDs, aún no contenía TLDs. Activar historial de depuración para este historiador para una completa lista de los JARs que fueron explorados y de los que nos se halló TLDs. Saltarse JARs no necesarios durante la exploración puede dar lugar a una mejora de tiempo significativa en el arranque y compilación de JSP .
08-Jun-2024 17:23:12.976 INFORMACIÓN [main] org.apache.catalina.startup.HostConfig.deployDirectory Deployment of web application directory [C:\Users\KD-08\Documents\apache-tomcat-9.0.82\webapps\ROOT] has finished in [170] ms
08-Jun-2024 17:23:12.985 INFORMACIÓN [main] org.apache.coyote.AbstractProtocol.start Starting ProtocolHandler ["http-nio-9091"]
08-Jun-2024 17:23:13.216 INFORMACIÓN [main] org.apache.catalina.startup.Catalina.start Server startup in [6170] milliseconds
08-Jun-2024 17:37:14.151 INFORMACIÓN [Catalina-utility-1] org.apache.catalina.startup.HostConfig.undeploy Repliegue (undeploy) de la aplicación web que tiene como trayectoria de contexto [/inventarios-1.0.0]
08-Jun-2024 17:37:14.266 INFORMACIÓN [Catalina-utility-1] org.apache.catalina.startup.HostConfig.deployWAR Despliegue del archivo [C:\Users\KD-08\Documents\apache-tomcat-9.0.82\webapps\inventarios-1.0.0.war] de la aplicación web
08-Jun-2024 17:37:16.587 INFORMACIÓN [Catalina-utility-1] org.apache.jasper.servlet.TldScanner.scanJars Al menos un JAR, que se ha explorado buscando TLDs, aún no contenía TLDs. Activar historial de depuración para este historiador para una completa lista de los JARs que fueron explorados y de los que nos se halló TLDs. Saltarse JARs no necesarios durante la exploración puede dar lugar a una mejora de tiempo significativa en el arranque y compilación de JSP .
08-Jun-2024 17:37:16.619 INFORMACIÓN [Catalina-utility-1] org.apache.catalina.startup.HostConfig.deployWAR Deployment of web application archive [C:\Users\KD-08\Documents\apache-tomcat-9.0.82\webapps\inventarios-1.0.0.war] has finished in [2.353] ms
08-Jun-2024 17:37:19.696 INFORMACIÓN [main] org.apache.catalina.core.StandardServer.await Se ha recibido un comando de apagado a través del puerto de apagado. Parando la instancia del Servidor.
08-Jun-2024 17:37:19.696 INFORMACIÓN [main] org.apache.coyote.AbstractProtocol.pause Pausing ProtocolHandler ["http-nio-9091"]
08-Jun-2024 17:37:19.916 INFORMACIÓN [main] org.apache.catalina.core.StandardService.stopInternal Parando servicio [Catalina]
08-Jun-2024 17:37:19.980 INFORMACIÓN [main] org.apache.coyote.AbstractProtocol.stop Stopping ProtocolHandler ["http-nio-9091"]
08-Jun-2024 17:37:20.001 INFORMACIÓN [main] org.apache.coyote.AbstractProtocol.destroy Destroying ProtocolHandler ["http-nio-9091"]
08-Jun-2024 17:37:23.274 INFORMACIÓN [main] org.apache.catalina.startup.VersionLoggerListener.log Nombre de la versión del servidor: Apache Tomcat/9.0.82
08-Jun-2024 17:37:23.290 INFORMACIÓN [main] org.apache.catalina.startup.VersionLoggerListener.log Server built:                      Oct 11 2023 13:15:08 UTC
08-Jun-2024 17:37:23.290 INFORMACIÓN [main] org.apache.catalina.startup.VersionLoggerListener.log Número de versión de servidor:     9.0.82.0
08-Jun-2024 17:37:23.293 INFORMACIÓN [main] org.apache.catalina.startup.VersionLoggerListener.log OS Name:                           Windows 11
08-Jun-2024 17:37:23.293 INFORMACIÓN [main] org.apache.catalina.startup.VersionLoggerListener.log Versión de Systema Operativo:      10.0
08-Jun-2024 17:37:23.293 INFORMACIÓN [main] org.apache.catalina.startup.VersionLoggerListener.log Arquitectura:                      amd64
08-Jun-2024 17:37:23.293 INFORMACIÓN [main] org.apache.catalina.startup.VersionLoggerListener.log Java Home:                         C:\Program Files\Amazon Corretto\jdk11.0.23_9
08-Jun-2024 17:37:23.293 INFORMACIÓN [main] org.apache.catalina.startup.VersionLoggerListener.log JVM Version:                       11.0.23+9-LTS
08-Jun-2024 17:37:23.293 INFORMACIÓN [main] org.apache.catalina.startup.VersionLoggerListener.log Vededor JVM:                       Amazon.com Inc.
08-Jun-2024 17:37:23.293 INFORMACIÓN [main] org.apache.catalina.startup.VersionLoggerListener.log CATALINA_BASE:                     C:\Users\KD-08\Documents\apache-tomcat-9.0.82
08-Jun-2024 17:37:23.293 INFORMACIÓN [main] org.apache.catalina.startup.VersionLoggerListener.log CATALINA_HOME:                     C:\Users\KD-08\Documents\apache-tomcat-9.0.82
08-Jun-2024 17:37:23.308 INFORMACIÓN [main] org.apache.catalina.startup.VersionLoggerListener.log Command line argument:             --add-opens=java.base/java.lang=ALL-UNNAMED
08-Jun-2024 17:37:23.308 INFORMACIÓN [main] org.apache.catalina.startup.VersionLoggerListener.log Command line argument:             --add-opens=java.base/java.io=ALL-UNNAMED
08-Jun-2024 17:37:23.308 INFORMACIÓN [main] org.apache.catalina.startup.VersionLoggerListener.log Command line argument:             --add-opens=java.base/java.util=ALL-UNNAMED
08-Jun-2024 17:37:23.308 INFORMACIÓN [main] org.apache.catalina.startup.VersionLoggerListener.log Command line argument:             --add-opens=java.base/java.util.concurrent=ALL-UNNAMED
08-Jun-2024 17:37:23.308 INFORMACIÓN [main] org.apache.catalina.startup.VersionLoggerListener.log Command line argument:             --add-opens=java.rmi/sun.rmi.transport=ALL-UNNAMED
08-Jun-2024 17:37:23.308 INFORMACIÓN [main] org.apache.catalina.startup.VersionLoggerListener.log Command line argument:             -Djava.util.logging.config.file=C:\Users\KD-08\Documents\apache-tomcat-9.0.82\conf\logging.properties
08-Jun-2024 17:37:23.308 INFORMACIÓN [main] org.apache.catalina.startup.VersionLoggerListener.log Command line argument:             -Djava.util.logging.manager=org.apache.juli.ClassLoaderLogManager
08-Jun-2024 17:37:23.308 INFORMACIÓN [main] org.apache.catalina.startup.VersionLoggerListener.log Command line argument:             -Djdk.tls.ephemeralDHKeySize=2048
08-Jun-2024 17:37:23.308 INFORMACIÓN [main] org.apache.catalina.startup.VersionLoggerListener.log Command line argument:             -Djava.protocol.handler.pkgs=org.apache.catalina.webresources
08-Jun-2024 17:37:23.308 INFORMACIÓN [main] org.apache.catalina.startup.VersionLoggerListener.log Command line argument:             -Dignore.endorsed.dirs=
08-Jun-2024 17:37:23.308 INFORMACIÓN [main] org.apache.catalina.startup.VersionLoggerListener.log Command line argument:             -Dcatalina.base=C:\Users\KD-08\Documents\apache-tomcat-9.0.82
08-Jun-2024 17:37:23.308 INFORMACIÓN [main] org.apache.catalina.startup.VersionLoggerListener.log Command line argument:             -Dcatalina.home=C:\Users\KD-08\Documents\apache-tomcat-9.0.82
08-Jun-2024 17:37:23.308 INFORMACIÓN [main] org.apache.catalina.startup.VersionLoggerListener.log Command line argument:             -Djava.io.tmpdir=C:\Users\KD-08\Documents\apache-tomcat-9.0.82\temp
08-Jun-2024 17:37:23.322 INFORMACIÓN [main] org.apache.catalina.core.AprLifecycleListener.lifecycleEvent La biblioteca nativa de Apache Tomcat basada en ARP que permite un rendimiento óptimo en entornos de desarrollo no ha sido hallada en java.library.path: [C:\Program Files\Amazon Corretto\jdk11.0.23_9\bin;C:\Windows\Sun\Java\bin;C:\Windows\system32;C:\Windows;C:\Program Files\Eclipse Adoptium\jdk-21.0.3.9-hotspot\bin;C:\Program Files\Amazon Corretto\jdk11.0.23_9\bin;C:\Program Files\Common Files\Oracle\Java\javapath;C:\Windows\system32;C:\Windows;C:\Windows\System32\Wbem;C:\Windows\System32\WindowsPowerShell\v1.0\;C:\Windows\System32\OpenSSH\;C:\Program Files\dotnet\;C:\Users\KD-08\Documents\apache-maven-3.9.7\bin;C:\Program Files\CMake\bin;C:\Program Files\Inkscape\bin;C:\Program Files\nodejs\;C:\Program Files\Git\cmd;C:\Users\KD-08\AppData\Local\Microsoft\WindowsApps;C:\Users\KD-08\AppData\Roaming\npm;C:\Users\KD-08\AppData\Local\Programs\Microsoft VS Code\bin;.]
08-Jun-2024 17:37:23.781 INFORMACIÓN [main] org.apache.coyote.AbstractProtocol.init Inicializando el manejador de protocolo ["http-nio-9091"]

08-Jun-2024 17:37:23.828 INFORMACIÓN [main] org.apache.catalina.startup.Catalina.load Server initialization in [881] milliseconds
08-Jun-2024 17:37:23.876 ADVERTENCIA [main] java.util.ArrayList.forEach Name = ConexionInventario Property maxActive is not used in DBCP2, use maxTotal instead. maxTotal default value is 8. You have set value of "100" for "maxActive" property, which is being ignored.
08-Jun-2024 17:37:23.876 ADVERTENCIA [main] java.util.ArrayList.forEach Name = ConexionInventario Property maxWait is not used in DBCP2 , use maxWaitMillis instead. maxWaitMillis default value is PT-0.001S. You have set value of "10000" for "maxWait" property, which is being ignored.
08-Jun-2024 17:37:23.876 INFORMACIÓN [main] java.util.ArrayList.forEach Name = ConexionInventario Ignoring unknown property: value of "jdbc/ConexionInventario" for "global" property
08-Jun-2024 17:37:23.939 ADVERTENCIA [main] java.util.ArrayList.forEach Name = ConexionPG Property maxActive is not used in DBCP2, use maxTotal instead. maxTotal default value is 8. You have set value of "100" for "maxActive" property, which is being ignored.
08-Jun-2024 17:37:23.939 ADVERTENCIA [main] java.util.ArrayList.forEach Name = ConexionPG Property maxWait is not used in DBCP2 , use maxWaitMillis instead. maxWaitMillis default value is PT-0.001S. You have set value of "10000" for "maxWait" property, which is being ignored.
08-Jun-2024 17:37:23.939 INFORMACIÓN [main] java.util.ArrayList.forEach Name = ConexionPG Ignoring unknown property: value of "jdbc/ConexionPG" for "global" property
08-Jun-2024 17:37:24.034 INFORMACIÓN [main] org.apache.catalina.core.StandardService.startInternal Arrancando servicio [Catalina]
08-Jun-2024 17:37:24.034 INFORMACIÓN [main] org.apache.catalina.core.StandardEngine.startInternal Starting Servlet engine: [Apache Tomcat/9.0.82]
08-Jun-2024 17:37:24.082 INFORMACIÓN [main] org.apache.catalina.startup.HostConfig.deployWAR Despliegue del archivo [C:\Users\KD-08\Documents\apache-tomcat-9.0.82\webapps\ejemploweb.war] de la aplicación web
08-Jun-2024 17:37:26.133 INFORMACIÓN [main] org.apache.jasper.servlet.TldScanner.scanJars Al menos un JAR, que se ha explorado buscando TLDs, aún no contenía TLDs. Activar historial de depuración para este historiador para una completa lista de los JARs que fueron explorados y de los que nos se halló TLDs. Saltarse JARs no necesarios durante la exploración puede dar lugar a una mejora de tiempo significativa en el arranque y compilación de JSP .
08-Jun-2024 17:37:26.449 ADVERTENCIA [main] org.apache.catalina.util.SessionIdGeneratorBase.createSecureRandom Creation of SecureRandom instance for session ID generation using [SHA1PRNG] took [186] milliseconds.
08-Jun-2024 17:37:27.707 INFORMACIÓN [main] org.apache.catalina.startup.HostConfig.deployWAR Deployment of web application archive [C:\Users\KD-08\Documents\apache-tomcat-9.0.82\webapps\ejemploweb.war] has finished in [3.625] ms
08-Jun-2024 17:37:27.707 INFORMACIÓN [main] org.apache.catalina.startup.HostConfig.deployWAR Despliegue del archivo [C:\Users\KD-08\Documents\apache-tomcat-9.0.82\webapps\inventarios-1.0.0.war] de la aplicación web
08-Jun-2024 17:37:28.686 INFORMACIÓN [main] org.apache.jasper.servlet.TldScanner.scanJars Al menos un JAR, que se ha explorado buscando TLDs, aún no contenía TLDs. Activar historial de depuración para este historiador para una completa lista de los JARs que fueron explorados y de los que nos se halló TLDs. Saltarse JARs no necesarios durante la exploración puede dar lugar a una mejora de tiempo significativa en el arranque y compilación de JSP .
08-Jun-2024 17:37:28.715 INFORMACIÓN [main] org.apache.catalina.startup.HostConfig.deployWAR Deployment of web application archive [C:\Users\KD-08\Documents\apache-tomcat-9.0.82\webapps\inventarios-1.0.0.war] has finished in [1.008] ms
08-Jun-2024 17:37:28.730 INFORMACIÓN [main] org.apache.catalina.startup.HostConfig.deployDirectory Desplegando el directorio [C:\Users\KD-08\Documents\apache-tomcat-9.0.82\webapps\docs] de la aplicación web
08-Jun-2024 17:37:28.872 INFORMACIÓN [main] org.apache.jasper.servlet.TldScanner.scanJars Al menos un JAR, que se ha explorado buscando TLDs, aún no contenía TLDs. Activar historial de depuración para este historiador para una completa lista de los JARs que fueron explorados y de los que nos se halló TLDs. Saltarse JARs no necesarios durante la exploración puede dar lugar a una mejora de tiempo significativa en el arranque y compilación de JSP .
08-Jun-2024 17:37:28.872 INFORMACIÓN [main] org.apache.catalina.startup.HostConfig.deployDirectory Deployment of web application directory [C:\Users\KD-08\Documents\apache-tomcat-9.0.82\webapps\docs] has finished in [157] ms
08-Jun-2024 17:37:28.872 INFORMACIÓN [main] org.apache.catalina.startup.HostConfig.deployDirectory Desplegando el directorio [C:\Users\KD-08\Documents\apache-tomcat-9.0.82\webapps\examples] de la aplicación web
08-Jun-2024 17:37:29.282 INFORMACIÓN [main] org.apache.jasper.servlet.TldScanner.scanJars Al menos un JAR, que se ha explorado buscando TLDs, aún no contenía TLDs. Activar historial de depuración para este historiador para una completa lista de los JARs que fueron explorados y de los que nos se halló TLDs. Saltarse JARs no necesarios durante la exploración puede dar lugar a una mejora de tiempo significativa en el arranque y compilación de JSP .
08-Jun-2024 17:37:29.361 INFORMACIÓN [main] org.apache.catalina.startup.HostConfig.deployDirectory Deployment of web application directory [C:\Users\KD-08\Documents\apache-tomcat-9.0.82\webapps\examples] has finished in [489] ms
08-Jun-2024 17:37:29.361 INFORMACIÓN [main] org.apache.catalina.startup.HostConfig.deployDirectory Desplegando el directorio [C:\Users\KD-08\Documents\apache-tomcat-9.0.82\webapps\host-manager] de la aplicación web
08-Jun-2024 17:37:29.534 INFORMACIÓN [main] org.apache.jasper.servlet.TldScanner.scanJars Al menos un JAR, que se ha explorado buscando TLDs, aún no contenía TLDs. Activar historial de depuración para este historiador para una completa lista de los JARs que fueron explorados y de los que nos se halló TLDs. Saltarse JARs no necesarios durante la exploración puede dar lugar a una mejora de tiempo significativa en el arranque y compilación de JSP .
08-Jun-2024 17:37:29.534 INFORMACIÓN [main] org.apache.catalina.startup.HostConfig.deployDirectory Deployment of web application directory [C:\Users\KD-08\Documents\apache-tomcat-9.0.82\webapps\host-manager] has finished in [173] ms
08-Jun-2024 17:37:29.534 INFORMACIÓN [main] org.apache.catalina.startup.HostConfig.deployDirectory Desplegando el directorio [C:\Users\KD-08\Documents\apache-tomcat-9.0.82\webapps\manager] de la aplicación web
08-Jun-2024 17:37:29.707 INFORMACIÓN [main] org.apache.jasper.servlet.TldScanner.scanJars Al menos un JAR, que se ha explorado buscando TLDs, aún no contenía TLDs. Activar historial de depuración para este historiador para una completa lista de los JARs que fueron explorados y de los que nos se halló TLDs. Saltarse JARs no necesarios durante la exploración puede dar lugar a una mejora de tiempo significativa en el arranque y compilación de JSP .
08-Jun-2024 17:37:29.722 INFORMACIÓN [main] org.apache.catalina.startup.HostConfig.deployDirectory Deployment of web application directory [C:\Users\KD-08\Documents\apache-tomcat-9.0.82\webapps\manager] has finished in [188] ms
08-Jun-2024 17:37:29.722 INFORMACIÓN [main] org.apache.catalina.startup.HostConfig.deployDirectory Desplegando el directorio [C:\Users\KD-08\Documents\apache-tomcat-9.0.82\webapps\ROOT] de la aplicación web
08-Jun-2024 17:37:29.865 INFORMACIÓN [main] org.apache.jasper.servlet.TldScanner.scanJars Al menos un JAR, que se ha explorado buscando TLDs, aún no contenía TLDs. Activar historial de depuración para este historiador para una completa lista de los JARs que fueron explorados y de los que nos se halló TLDs. Saltarse JARs no necesarios durante la exploración puede dar lugar a una mejora de tiempo significativa en el arranque y compilación de JSP .
08-Jun-2024 17:37:29.874 INFORMACIÓN [main] org.apache.catalina.startup.HostConfig.deployDirectory Deployment of web application directory [C:\Users\KD-08\Documents\apache-tomcat-9.0.82\webapps\ROOT] has finished in [152] ms
08-Jun-2024 17:37:29.892 INFORMACIÓN [main] org.apache.coyote.AbstractProtocol.start Starting ProtocolHandler ["http-nio-9091"]
08-Jun-2024 17:37:30.070 INFORMACIÓN [main] org.apache.catalina.startup.Catalina.start Server startup in [6243] milliseconds
