22-Mar-2024 19:02:38.309 INFO [main] org.apache.catalina.startup.VersionLoggerListener.log Nombre de la versión del servidor: Apache Tomcat/9.0.82
22-Mar-2024 19:02:38.318 INFO [main] org.apache.catalina.startup.VersionLoggerListener.log Server built:                      Oct 11 2023 13:15:08 UTC
22-Mar-2024 19:02:38.318 INFO [main] org.apache.catalina.startup.VersionLoggerListener.log Número de versión de servidor:     9.0.82.0
22-Mar-2024 19:02:38.318 INFO [main] org.apache.catalina.startup.VersionLoggerListener.log OS Name:                           Mac OS X
22-Mar-2024 19:02:38.319 INFO [main] org.apache.catalina.startup.VersionLoggerListener.log Versión de Systema Operativo:      11.7.10
22-Mar-2024 19:02:38.319 INFO [main] org.apache.catalina.startup.VersionLoggerListener.log Arquitectura:                      x86_64
22-Mar-2024 19:02:38.319 INFO [main] org.apache.catalina.startup.VersionLoggerListener.log Java Home:                         /Library/Java/JavaVirtualMachines/jdk-21.jdk/Contents/Home
22-Mar-2024 19:02:38.319 INFO [main] org.apache.catalina.startup.VersionLoggerListener.log JVM Version:                       21.0.2+13-LTS-58
22-Mar-2024 19:02:38.320 INFO [main] org.apache.catalina.startup.VersionLoggerListener.log Vededor JVM:                       Oracle Corporation
22-Mar-2024 19:02:38.320 INFO [main] org.apache.catalina.startup.VersionLoggerListener.log CATALINA_BASE:                     /Users/janpierarmijos/Documents/apache-tomcat-9.0.82
22-Mar-2024 19:02:38.320 INFO [main] org.apache.catalina.startup.VersionLoggerListener.log CATALINA_HOME:                     /Users/janpierarmijos/Documents/apache-tomcat-9.0.82
22-Mar-2024 19:02:38.350 INFO [main] org.apache.catalina.startup.VersionLoggerListener.log Command line argument:             --add-opens=java.base/java.lang=ALL-UNNAMED
22-Mar-2024 19:02:38.352 INFO [main] org.apache.catalina.startup.VersionLoggerListener.log Command line argument:             --add-opens=java.base/java.io=ALL-UNNAMED
22-Mar-2024 19:02:38.353 INFO [main] org.apache.catalina.startup.VersionLoggerListener.log Command line argument:             --add-opens=java.base/java.util=ALL-UNNAMED
22-Mar-2024 19:02:38.353 INFO [main] org.apache.catalina.startup.VersionLoggerListener.log Command line argument:             --add-opens=java.base/java.util.concurrent=ALL-UNNAMED
22-Mar-2024 19:02:38.353 INFO [main] org.apache.catalina.startup.VersionLoggerListener.log Command line argument:             --add-opens=java.rmi/sun.rmi.transport=ALL-UNNAMED
22-Mar-2024 19:02:38.353 INFO [main] org.apache.catalina.startup.VersionLoggerListener.log Command line argument:             -Djava.util.logging.config.file=/Users/janpierarmijos/Documents/apache-tomcat-9.0.82/conf/logging.properties
22-Mar-2024 19:02:38.354 INFO [main] org.apache.catalina.startup.VersionLoggerListener.log Command line argument:             -Djava.util.logging.manager=org.apache.juli.ClassLoaderLogManager
22-Mar-2024 19:02:38.354 INFO [main] org.apache.catalina.startup.VersionLoggerListener.log Command line argument:             -Djdk.tls.ephemeralDHKeySize=2048
22-Mar-2024 19:02:38.354 INFO [main] org.apache.catalina.startup.VersionLoggerListener.log Command line argument:             -Djava.protocol.handler.pkgs=org.apache.catalina.webresources
22-Mar-2024 19:02:38.354 INFO [main] org.apache.catalina.startup.VersionLoggerListener.log Command line argument:             -Dorg.apache.catalina.security.SecurityListener.UMASK=0027
22-Mar-2024 19:02:38.355 INFO [main] org.apache.catalina.startup.VersionLoggerListener.log Command line argument:             -Dignore.endorsed.dirs=
22-Mar-2024 19:02:38.355 INFO [main] org.apache.catalina.startup.VersionLoggerListener.log Command line argument:             -Dcatalina.base=/Users/janpierarmijos/Documents/apache-tomcat-9.0.82
22-Mar-2024 19:02:38.355 INFO [main] org.apache.catalina.startup.VersionLoggerListener.log Command line argument:             -Dcatalina.home=/Users/janpierarmijos/Documents/apache-tomcat-9.0.82
22-Mar-2024 19:02:38.355 INFO [main] org.apache.catalina.startup.VersionLoggerListener.log Command line argument:             -Djava.io.tmpdir=/Users/janpierarmijos/Documents/apache-tomcat-9.0.82/temp
22-Mar-2024 19:02:38.446 INFO [main] org.apache.catalina.core.AprLifecycleListener.lifecycleEvent La biblioteca nativa de Apache Tomcat basada en ARP que permite un rendimiento óptimo en entornos de desarrollo no ha sido hallada en java.library.path: [/Users/janpierarmijos/Library/Java/Extensions:/Library/Java/Extensions:/Network/Library/Java/Extensions:/System/Library/Java/Extensions:/usr/lib/java:.]
22-Mar-2024 19:02:39.436 INFO [main] org.apache.coyote.AbstractProtocol.init Inicializando el manejador de protocolo ["http-nio-9091"]

22-Mar-2024 19:02:39.537 INFO [main] org.apache.catalina.startup.Catalina.load Server initialization in [1724] milliseconds
22-Mar-2024 19:02:39.595 WARNING [main] java.util.ArrayList.forEach Name = ConexionPG Property maxActive is not used in DBCP2, use maxTotal instead. maxTotal default value is 8. You have set value of "100" for "maxActive" property, which is being ignored.
22-Mar-2024 19:02:39.596 WARNING [main] java.util.ArrayList.forEach Name = ConexionPG Property maxWait is not used in DBCP2 , use maxWaitMillis instead. maxWaitMillis default value is PT-0.001S. You have set value of "10000" for "maxWait" property, which is being ignored.
22-Mar-2024 19:02:39.597 INFO [main] java.util.ArrayList.forEach Name = ConexionPG Ignoring unknown property: value of "jdbc/ConexionPG" for "global" property
22-Mar-2024 19:02:39.738 INFO [main] org.apache.catalina.core.StandardService.startInternal Arrancando servicio [Catalina]
22-Mar-2024 19:02:39.739 INFO [main] org.apache.catalina.core.StandardEngine.startInternal Starting Servlet engine: [Apache Tomcat/9.0.82]
22-Mar-2024 19:02:39.760 INFO [main] org.apache.catalina.startup.HostConfig.deployDirectory Desplegando el directorio [/Users/janpierarmijos/Documents/apache-tomcat-9.0.82/webapps/docs] de la aplicación web
22-Mar-2024 19:02:40.771 INFO [main] org.apache.jasper.servlet.TldScanner.scanJars Al menos un JAR, que se ha explorado buscando TLDs, aún no contenía TLDs. Activar historial de depuración para este historiador para una completa lista de los JARs que fueron explorados y de los que nos se halló TLDs. Saltarse JARs no necesarios durante la exploración puede dar lugar a una mejora de tiempo significativa en el arranque y compilación de JSP .
22-Mar-2024 19:02:41.036 INFO [main] org.apache.catalina.startup.HostConfig.deployDirectory Deployment of web application directory [/Users/janpierarmijos/Documents/apache-tomcat-9.0.82/webapps/docs] has finished in [1.263] ms
22-Mar-2024 19:02:41.037 INFO [main] org.apache.catalina.startup.HostConfig.deployDirectory Desplegando el directorio [/Users/janpierarmijos/Documents/apache-tomcat-9.0.82/webapps/manager] de la aplicación web
22-Mar-2024 19:02:41.347 INFO [main] org.apache.jasper.servlet.TldScanner.scanJars Al menos un JAR, que se ha explorado buscando TLDs, aún no contenía TLDs. Activar historial de depuración para este historiador para una completa lista de los JARs que fueron explorados y de los que nos se halló TLDs. Saltarse JARs no necesarios durante la exploración puede dar lugar a una mejora de tiempo significativa en el arranque y compilación de JSP .
22-Mar-2024 19:02:41.361 INFO [main] org.apache.catalina.startup.HostConfig.deployDirectory Deployment of web application directory [/Users/janpierarmijos/Documents/apache-tomcat-9.0.82/webapps/manager] has finished in [323] ms
22-Mar-2024 19:02:41.361 INFO [main] org.apache.catalina.startup.HostConfig.deployDirectory Desplegando el directorio [/Users/janpierarmijos/Documents/apache-tomcat-9.0.82/webapps/examples] de la aplicación web
22-Mar-2024 19:02:41.980 INFO [main] org.apache.jasper.servlet.TldScanner.scanJars Al menos un JAR, que se ha explorado buscando TLDs, aún no contenía TLDs. Activar historial de depuración para este historiador para una completa lista de los JARs que fueron explorados y de los que nos se halló TLDs. Saltarse JARs no necesarios durante la exploración puede dar lugar a una mejora de tiempo significativa en el arranque y compilación de JSP .
22-Mar-2024 19:02:42.013 INFO [main] org.apache.catalina.startup.HostConfig.deployDirectory Deployment of web application directory [/Users/janpierarmijos/Documents/apache-tomcat-9.0.82/webapps/examples] has finished in [652] ms
22-Mar-2024 19:02:42.015 INFO [main] org.apache.catalina.startup.HostConfig.deployDirectory Desplegando el directorio [/Users/janpierarmijos/Documents/apache-tomcat-9.0.82/webapps/ROOT] de la aplicación web
22-Mar-2024 19:02:42.227 INFO [main] org.apache.jasper.servlet.TldScanner.scanJars Al menos un JAR, que se ha explorado buscando TLDs, aún no contenía TLDs. Activar historial de depuración para este historiador para una completa lista de los JARs que fueron explorados y de los que nos se halló TLDs. Saltarse JARs no necesarios durante la exploración puede dar lugar a una mejora de tiempo significativa en el arranque y compilación de JSP .
22-Mar-2024 19:02:42.232 INFO [main] org.apache.catalina.startup.HostConfig.deployDirectory Deployment of web application directory [/Users/janpierarmijos/Documents/apache-tomcat-9.0.82/webapps/ROOT] has finished in [217] ms
22-Mar-2024 19:02:42.232 INFO [main] org.apache.catalina.startup.HostConfig.deployDirectory Desplegando el directorio [/Users/janpierarmijos/Documents/apache-tomcat-9.0.82/webapps/host-manager] de la aplicación web
22-Mar-2024 19:02:42.436 INFO [main] org.apache.jasper.servlet.TldScanner.scanJars Al menos un JAR, que se ha explorado buscando TLDs, aún no contenía TLDs. Activar historial de depuración para este historiador para una completa lista de los JARs que fueron explorados y de los que nos se halló TLDs. Saltarse JARs no necesarios durante la exploración puede dar lugar a una mejora de tiempo significativa en el arranque y compilación de JSP .
22-Mar-2024 19:02:42.440 INFO [main] org.apache.catalina.startup.HostConfig.deployDirectory Deployment of web application directory [/Users/janpierarmijos/Documents/apache-tomcat-9.0.82/webapps/host-manager] has finished in [208] ms
22-Mar-2024 19:02:42.446 INFO [main] org.apache.coyote.AbstractProtocol.start Starting ProtocolHandler ["http-nio-9091"]
22-Mar-2024 19:02:42.476 INFO [main] org.apache.catalina.startup.Catalina.start Server startup in [2936] milliseconds
22-Mar-2024 19:05:56.009 INFO [main] org.apache.catalina.core.StandardServer.await Se ha recibido un comando de apagado a través del puerto de apagado. Parando la instancia del Servidor.
22-Mar-2024 19:05:56.011 INFO [main] org.apache.coyote.AbstractProtocol.pause Pausing ProtocolHandler ["http-nio-9091"]
22-Mar-2024 19:05:56.019 INFO [main] org.apache.catalina.core.StandardService.stopInternal Parando servicio [Catalina]
22-Mar-2024 19:05:56.060 INFO [main] org.apache.coyote.AbstractProtocol.stop Stopping ProtocolHandler ["http-nio-9091"]
22-Mar-2024 19:05:56.066 INFO [main] org.apache.coyote.AbstractProtocol.destroy Destroying ProtocolHandler ["http-nio-9091"]
22-Mar-2024 19:08:46.123 INFO [main] org.apache.catalina.startup.VersionLoggerListener.log Nombre de la versión del servidor: Apache Tomcat/9.0.82
22-Mar-2024 19:08:46.133 INFO [main] org.apache.catalina.startup.VersionLoggerListener.log Server built:                      Oct 11 2023 13:15:08 UTC
22-Mar-2024 19:08:46.133 INFO [main] org.apache.catalina.startup.VersionLoggerListener.log Número de versión de servidor:     9.0.82.0
22-Mar-2024 19:08:46.133 INFO [main] org.apache.catalina.startup.VersionLoggerListener.log OS Name:                           Mac OS X
22-Mar-2024 19:08:46.134 INFO [main] org.apache.catalina.startup.VersionLoggerListener.log Versión de Systema Operativo:      11.7.10
22-Mar-2024 19:08:46.134 INFO [main] org.apache.catalina.startup.VersionLoggerListener.log Arquitectura:                      x86_64
22-Mar-2024 19:08:46.134 INFO [main] org.apache.catalina.startup.VersionLoggerListener.log Java Home:                         /Library/Java/JavaVirtualMachines/jdk-21.jdk/Contents/Home
22-Mar-2024 19:08:46.135 INFO [main] org.apache.catalina.startup.VersionLoggerListener.log JVM Version:                       21.0.2+13-LTS-58
22-Mar-2024 19:08:46.135 INFO [main] org.apache.catalina.startup.VersionLoggerListener.log Vededor JVM:                       Oracle Corporation
22-Mar-2024 19:08:46.136 INFO [main] org.apache.catalina.startup.VersionLoggerListener.log CATALINA_BASE:                     /Users/janpierarmijos/Documents/apache-tomcat-9.0.82
22-Mar-2024 19:08:46.136 INFO [main] org.apache.catalina.startup.VersionLoggerListener.log CATALINA_HOME:                     /Users/janpierarmijos/Documents/apache-tomcat-9.0.82
22-Mar-2024 19:08:46.184 INFO [main] org.apache.catalina.startup.VersionLoggerListener.log Command line argument:             --add-opens=java.base/java.lang=ALL-UNNAMED
22-Mar-2024 19:08:46.184 INFO [main] org.apache.catalina.startup.VersionLoggerListener.log Command line argument:             --add-opens=java.base/java.io=ALL-UNNAMED
22-Mar-2024 19:08:46.184 INFO [main] org.apache.catalina.startup.VersionLoggerListener.log Command line argument:             --add-opens=java.base/java.util=ALL-UNNAMED
22-Mar-2024 19:08:46.184 INFO [main] org.apache.catalina.startup.VersionLoggerListener.log Command line argument:             --add-opens=java.base/java.util.concurrent=ALL-UNNAMED
22-Mar-2024 19:08:46.185 INFO [main] org.apache.catalina.startup.VersionLoggerListener.log Command line argument:             --add-opens=java.rmi/sun.rmi.transport=ALL-UNNAMED
22-Mar-2024 19:08:46.185 INFO [main] org.apache.catalina.startup.VersionLoggerListener.log Command line argument:             -Djava.util.logging.config.file=/Users/janpierarmijos/Documents/apache-tomcat-9.0.82/conf/logging.properties
22-Mar-2024 19:08:46.185 INFO [main] org.apache.catalina.startup.VersionLoggerListener.log Command line argument:             -Djava.util.logging.manager=org.apache.juli.ClassLoaderLogManager
22-Mar-2024 19:08:46.185 INFO [main] org.apache.catalina.startup.VersionLoggerListener.log Command line argument:             -Djdk.tls.ephemeralDHKeySize=2048
22-Mar-2024 19:08:46.186 INFO [main] org.apache.catalina.startup.VersionLoggerListener.log Command line argument:             -Djava.protocol.handler.pkgs=org.apache.catalina.webresources
22-Mar-2024 19:08:46.188 INFO [main] org.apache.catalina.startup.VersionLoggerListener.log Command line argument:             -Dorg.apache.catalina.security.SecurityListener.UMASK=0027
22-Mar-2024 19:08:46.188 INFO [main] org.apache.catalina.startup.VersionLoggerListener.log Command line argument:             -Dignore.endorsed.dirs=
22-Mar-2024 19:08:46.189 INFO [main] org.apache.catalina.startup.VersionLoggerListener.log Command line argument:             -Dcatalina.base=/Users/janpierarmijos/Documents/apache-tomcat-9.0.82
22-Mar-2024 19:08:46.189 INFO [main] org.apache.catalina.startup.VersionLoggerListener.log Command line argument:             -Dcatalina.home=/Users/janpierarmijos/Documents/apache-tomcat-9.0.82
22-Mar-2024 19:08:46.190 INFO [main] org.apache.catalina.startup.VersionLoggerListener.log Command line argument:             -Djava.io.tmpdir=/Users/janpierarmijos/Documents/apache-tomcat-9.0.82/temp
22-Mar-2024 19:08:46.265 INFO [main] org.apache.catalina.core.AprLifecycleListener.lifecycleEvent La biblioteca nativa de Apache Tomcat basada en ARP que permite un rendimiento óptimo en entornos de desarrollo no ha sido hallada en java.library.path: [/Users/janpierarmijos/Library/Java/Extensions:/Library/Java/Extensions:/Network/Library/Java/Extensions:/System/Library/Java/Extensions:/usr/lib/java:.]
22-Mar-2024 19:08:47.350 INFO [main] org.apache.coyote.AbstractProtocol.init Inicializando el manejador de protocolo ["http-nio-9091"]

22-Mar-2024 19:08:47.417 INFO [main] org.apache.catalina.startup.Catalina.load Server initialization in [2070] milliseconds
22-Mar-2024 19:08:47.494 WARNING [main] java.util.ArrayList.forEach Name = ConexionPG Property maxActive is not used in DBCP2, use maxTotal instead. maxTotal default value is 8. You have set value of "100" for "maxActive" property, which is being ignored.
22-Mar-2024 19:08:47.494 WARNING [main] java.util.ArrayList.forEach Name = ConexionPG Property maxWait is not used in DBCP2 , use maxWaitMillis instead. maxWaitMillis default value is PT-0.001S. You have set value of "10000" for "maxWait" property, which is being ignored.
22-Mar-2024 19:08:47.495 INFO [main] java.util.ArrayList.forEach Name = ConexionPG Ignoring unknown property: value of "jdbc/ConexionPG" for "global" property
22-Mar-2024 19:08:47.621 INFO [main] org.apache.catalina.core.StandardService.startInternal Arrancando servicio [Catalina]
22-Mar-2024 19:08:47.621 INFO [main] org.apache.catalina.core.StandardEngine.startInternal Starting Servlet engine: [Apache Tomcat/9.0.82]
22-Mar-2024 19:08:47.637 INFO [main] org.apache.catalina.startup.HostConfig.deployDirectory Desplegando el directorio [/Users/janpierarmijos/Documents/apache-tomcat-9.0.82/webapps/docs] de la aplicación web
22-Mar-2024 19:08:48.540 INFO [main] org.apache.jasper.servlet.TldScanner.scanJars Al menos un JAR, que se ha explorado buscando TLDs, aún no contenía TLDs. Activar historial de depuración para este historiador para una completa lista de los JARs que fueron explorados y de los que nos se halló TLDs. Saltarse JARs no necesarios durante la exploración puede dar lugar a una mejora de tiempo significativa en el arranque y compilación de JSP .
22-Mar-2024 19:08:48.612 INFO [main] org.apache.catalina.startup.HostConfig.deployDirectory Deployment of web application directory [/Users/janpierarmijos/Documents/apache-tomcat-9.0.82/webapps/docs] has finished in [970] ms
22-Mar-2024 19:08:48.614 INFO [main] org.apache.catalina.startup.HostConfig.deployDirectory Desplegando el directorio [/Users/janpierarmijos/Documents/apache-tomcat-9.0.82/webapps/manager] de la aplicación web
22-Mar-2024 19:08:48.959 INFO [main] org.apache.jasper.servlet.TldScanner.scanJars Al menos un JAR, que se ha explorado buscando TLDs, aún no contenía TLDs. Activar historial de depuración para este historiador para una completa lista de los JARs que fueron explorados y de los que nos se halló TLDs. Saltarse JARs no necesarios durante la exploración puede dar lugar a una mejora de tiempo significativa en el arranque y compilación de JSP .
22-Mar-2024 19:08:48.979 INFO [main] org.apache.catalina.startup.HostConfig.deployDirectory Deployment of web application directory [/Users/janpierarmijos/Documents/apache-tomcat-9.0.82/webapps/manager] has finished in [365] ms
22-Mar-2024 19:08:48.979 INFO [main] org.apache.catalina.startup.HostConfig.deployDirectory Desplegando el directorio [/Users/janpierarmijos/Documents/apache-tomcat-9.0.82/webapps/examples] de la aplicación web
22-Mar-2024 19:08:49.577 INFO [main] org.apache.jasper.servlet.TldScanner.scanJars Al menos un JAR, que se ha explorado buscando TLDs, aún no contenía TLDs. Activar historial de depuración para este historiador para una completa lista de los JARs que fueron explorados y de los que nos se halló TLDs. Saltarse JARs no necesarios durante la exploración puede dar lugar a una mejora de tiempo significativa en el arranque y compilación de JSP .
22-Mar-2024 19:08:49.606 INFO [main] org.apache.catalina.startup.HostConfig.deployDirectory Deployment of web application directory [/Users/janpierarmijos/Documents/apache-tomcat-9.0.82/webapps/examples] has finished in [627] ms
22-Mar-2024 19:08:49.607 INFO [main] org.apache.catalina.startup.HostConfig.deployDirectory Desplegando el directorio [/Users/janpierarmijos/Documents/apache-tomcat-9.0.82/webapps/ROOT] de la aplicación web
22-Mar-2024 19:08:49.796 INFO [main] org.apache.jasper.servlet.TldScanner.scanJars Al menos un JAR, que se ha explorado buscando TLDs, aún no contenía TLDs. Activar historial de depuración para este historiador para una completa lista de los JARs que fueron explorados y de los que nos se halló TLDs. Saltarse JARs no necesarios durante la exploración puede dar lugar a una mejora de tiempo significativa en el arranque y compilación de JSP .
22-Mar-2024 19:08:49.800 INFO [main] org.apache.catalina.startup.HostConfig.deployDirectory Deployment of web application directory [/Users/janpierarmijos/Documents/apache-tomcat-9.0.82/webapps/ROOT] has finished in [193] ms
22-Mar-2024 19:08:49.801 INFO [main] org.apache.catalina.startup.HostConfig.deployDirectory Desplegando el directorio [/Users/janpierarmijos/Documents/apache-tomcat-9.0.82/webapps/host-manager] de la aplicación web
22-Mar-2024 19:08:49.969 INFO [main] org.apache.jasper.servlet.TldScanner.scanJars Al menos un JAR, que se ha explorado buscando TLDs, aún no contenía TLDs. Activar historial de depuración para este historiador para una completa lista de los JARs que fueron explorados y de los que nos se halló TLDs. Saltarse JARs no necesarios durante la exploración puede dar lugar a una mejora de tiempo significativa en el arranque y compilación de JSP .
22-Mar-2024 19:08:49.973 INFO [main] org.apache.catalina.startup.HostConfig.deployDirectory Deployment of web application directory [/Users/janpierarmijos/Documents/apache-tomcat-9.0.82/webapps/host-manager] has finished in [172] ms
22-Mar-2024 19:08:49.979 INFO [main] org.apache.coyote.AbstractProtocol.start Starting ProtocolHandler ["http-nio-9091"]
22-Mar-2024 19:08:50.009 INFO [main] org.apache.catalina.startup.Catalina.start Server startup in [2588] milliseconds
22-Mar-2024 19:09:26.678 INFO [http-nio-9091-exec-8] org.apache.catalina.startup.HostConfig.deployWAR Despliegue del archivo [/Users/janpierarmijos/Documents/apache-tomcat-9.0.82/webapps/ejemploweb.war] de la aplicación web
22-Mar-2024 19:09:27.966 INFO [http-nio-9091-exec-8] org.apache.jasper.servlet.TldScanner.scanJars Al menos un JAR, que se ha explorado buscando TLDs, aún no contenía TLDs. Activar historial de depuración para este historiador para una completa lista de los JARs que fueron explorados y de los que nos se halló TLDs. Saltarse JARs no necesarios durante la exploración puede dar lugar a una mejora de tiempo significativa en el arranque y compilación de JSP .
22-Mar-2024 19:09:29.100 INFO [http-nio-9091-exec-8] org.apache.catalina.startup.HostConfig.deployWAR Deployment of web application archive [/Users/janpierarmijos/Documents/apache-tomcat-9.0.82/webapps/ejemploweb.war] has finished in [2.422] ms
22-Mar-2024 19:15:34.852 INFO [main] org.apache.catalina.core.StandardServer.await Se ha recibido un comando de apagado a través del puerto de apagado. Parando la instancia del Servidor.
22-Mar-2024 19:15:34.855 INFO [main] org.apache.coyote.AbstractProtocol.pause Pausing ProtocolHandler ["http-nio-9091"]
22-Mar-2024 19:15:34.862 INFO [main] org.apache.catalina.core.StandardService.stopInternal Parando servicio [Catalina]
22-Mar-2024 19:15:35.048 INFO [main] org.apache.coyote.AbstractProtocol.stop Stopping ProtocolHandler ["http-nio-9091"]
22-Mar-2024 19:15:35.061 INFO [main] org.apache.coyote.AbstractProtocol.destroy Destroying ProtocolHandler ["http-nio-9091"]
22-Mar-2024 20:27:31.341 INFO [main] org.apache.catalina.startup.VersionLoggerListener.log Nombre de la versión del servidor: Apache Tomcat/9.0.82
22-Mar-2024 20:27:31.350 INFO [main] org.apache.catalina.startup.VersionLoggerListener.log Server built:                      Oct 11 2023 13:15:08 UTC
22-Mar-2024 20:27:31.350 INFO [main] org.apache.catalina.startup.VersionLoggerListener.log Número de versión de servidor:     9.0.82.0
22-Mar-2024 20:27:31.350 INFO [main] org.apache.catalina.startup.VersionLoggerListener.log OS Name:                           Mac OS X
22-Mar-2024 20:27:31.351 INFO [main] org.apache.catalina.startup.VersionLoggerListener.log Versión de Systema Operativo:      11.7.10
22-Mar-2024 20:27:31.351 INFO [main] org.apache.catalina.startup.VersionLoggerListener.log Arquitectura:                      x86_64
22-Mar-2024 20:27:31.351 INFO [main] org.apache.catalina.startup.VersionLoggerListener.log Java Home:                         /Library/Java/JavaVirtualMachines/jdk-21.jdk/Contents/Home
22-Mar-2024 20:27:31.351 INFO [main] org.apache.catalina.startup.VersionLoggerListener.log JVM Version:                       21.0.2+13-LTS-58
22-Mar-2024 20:27:31.351 INFO [main] org.apache.catalina.startup.VersionLoggerListener.log Vededor JVM:                       Oracle Corporation
22-Mar-2024 20:27:31.351 INFO [main] org.apache.catalina.startup.VersionLoggerListener.log CATALINA_BASE:                     /Users/janpierarmijos/Documents/apache-tomcat-9.0.82
22-Mar-2024 20:27:31.352 INFO [main] org.apache.catalina.startup.VersionLoggerListener.log CATALINA_HOME:                     /Users/janpierarmijos/Documents/apache-tomcat-9.0.82
22-Mar-2024 20:27:31.380 INFO [main] org.apache.catalina.startup.VersionLoggerListener.log Command line argument:             --add-opens=java.base/java.lang=ALL-UNNAMED
22-Mar-2024 20:27:31.380 INFO [main] org.apache.catalina.startup.VersionLoggerListener.log Command line argument:             --add-opens=java.base/java.io=ALL-UNNAMED
22-Mar-2024 20:27:31.380 INFO [main] org.apache.catalina.startup.VersionLoggerListener.log Command line argument:             --add-opens=java.base/java.util=ALL-UNNAMED
22-Mar-2024 20:27:31.381 INFO [main] org.apache.catalina.startup.VersionLoggerListener.log Command line argument:             --add-opens=java.base/java.util.concurrent=ALL-UNNAMED
22-Mar-2024 20:27:31.381 INFO [main] org.apache.catalina.startup.VersionLoggerListener.log Command line argument:             --add-opens=java.rmi/sun.rmi.transport=ALL-UNNAMED
22-Mar-2024 20:27:31.381 INFO [main] org.apache.catalina.startup.VersionLoggerListener.log Command line argument:             -Djava.util.logging.config.file=/Users/janpierarmijos/Documents/apache-tomcat-9.0.82/conf/logging.properties
22-Mar-2024 20:27:31.381 INFO [main] org.apache.catalina.startup.VersionLoggerListener.log Command line argument:             -Djava.util.logging.manager=org.apache.juli.ClassLoaderLogManager
22-Mar-2024 20:27:31.381 INFO [main] org.apache.catalina.startup.VersionLoggerListener.log Command line argument:             -Djdk.tls.ephemeralDHKeySize=2048
22-Mar-2024 20:27:31.382 INFO [main] org.apache.catalina.startup.VersionLoggerListener.log Command line argument:             -Djava.protocol.handler.pkgs=org.apache.catalina.webresources
22-Mar-2024 20:27:31.382 INFO [main] org.apache.catalina.startup.VersionLoggerListener.log Command line argument:             -Dorg.apache.catalina.security.SecurityListener.UMASK=0027
22-Mar-2024 20:27:31.382 INFO [main] org.apache.catalina.startup.VersionLoggerListener.log Command line argument:             -Dignore.endorsed.dirs=
22-Mar-2024 20:27:31.382 INFO [main] org.apache.catalina.startup.VersionLoggerListener.log Command line argument:             -Dcatalina.base=/Users/janpierarmijos/Documents/apache-tomcat-9.0.82
22-Mar-2024 20:27:31.382 INFO [main] org.apache.catalina.startup.VersionLoggerListener.log Command line argument:             -Dcatalina.home=/Users/janpierarmijos/Documents/apache-tomcat-9.0.82
22-Mar-2024 20:27:31.382 INFO [main] org.apache.catalina.startup.VersionLoggerListener.log Command line argument:             -Djava.io.tmpdir=/Users/janpierarmijos/Documents/apache-tomcat-9.0.82/temp
22-Mar-2024 20:27:31.415 INFO [main] org.apache.catalina.core.AprLifecycleListener.lifecycleEvent La biblioteca nativa de Apache Tomcat basada en ARP que permite un rendimiento óptimo en entornos de desarrollo no ha sido hallada en java.library.path: [/Users/janpierarmijos/Library/Java/Extensions:/Library/Java/Extensions:/Network/Library/Java/Extensions:/System/Library/Java/Extensions:/usr/lib/java:.]
22-Mar-2024 20:27:32.214 INFO [main] org.apache.coyote.AbstractProtocol.init Inicializando el manejador de protocolo ["http-nio-9091"]

22-Mar-2024 20:27:32.506 INFO [main] org.apache.catalina.startup.Catalina.load Server initialization in [1584] milliseconds
22-Mar-2024 20:27:32.544 WARNING [main] java.util.ArrayList.forEach Name = ConexionPG Property maxActive is not used in DBCP2, use maxTotal instead. maxTotal default value is 8. You have set value of "100" for "maxActive" property, which is being ignored.
22-Mar-2024 20:27:32.544 WARNING [main] java.util.ArrayList.forEach Name = ConexionPG Property maxWait is not used in DBCP2 , use maxWaitMillis instead. maxWaitMillis default value is PT-0.001S. You have set value of "10000" for "maxWait" property, which is being ignored.
22-Mar-2024 20:27:32.545 INFO [main] java.util.ArrayList.forEach Name = ConexionPG Ignoring unknown property: value of "jdbc/ConexionPG" for "global" property
22-Mar-2024 20:27:32.772 INFO [main] org.apache.catalina.core.StandardService.startInternal Arrancando servicio [Catalina]
22-Mar-2024 20:27:32.773 INFO [main] org.apache.catalina.core.StandardEngine.startInternal Starting Servlet engine: [Apache Tomcat/9.0.82]
22-Mar-2024 20:27:32.807 INFO [main] org.apache.catalina.startup.HostConfig.deployWAR Despliegue del archivo [/Users/janpierarmijos/Documents/apache-tomcat-9.0.82/webapps/ejemploweb.war] de la aplicación web
22-Mar-2024 20:27:35.665 INFO [main] org.apache.jasper.servlet.TldScanner.scanJars Al menos un JAR, que se ha explorado buscando TLDs, aún no contenía TLDs. Activar historial de depuración para este historiador para una completa lista de los JARs que fueron explorados y de los que nos se halló TLDs. Saltarse JARs no necesarios durante la exploración puede dar lugar a una mejora de tiempo significativa en el arranque y compilación de JSP .
22-Mar-2024 20:27:37.302 INFO [main] org.apache.catalina.startup.HostConfig.deployWAR Deployment of web application archive [/Users/janpierarmijos/Documents/apache-tomcat-9.0.82/webapps/ejemploweb.war] has finished in [4.490] ms
22-Mar-2024 20:27:37.305 INFO [main] org.apache.catalina.startup.HostConfig.deployDirectory Desplegando el directorio [/Users/janpierarmijos/Documents/apache-tomcat-9.0.82/webapps/docs] de la aplicación web
22-Mar-2024 20:27:37.638 INFO [main] org.apache.jasper.servlet.TldScanner.scanJars Al menos un JAR, que se ha explorado buscando TLDs, aún no contenía TLDs. Activar historial de depuración para este historiador para una completa lista de los JARs que fueron explorados y de los que nos se halló TLDs. Saltarse JARs no necesarios durante la exploración puede dar lugar a una mejora de tiempo significativa en el arranque y compilación de JSP .
22-Mar-2024 20:27:37.642 INFO [main] org.apache.catalina.startup.HostConfig.deployDirectory Deployment of web application directory [/Users/janpierarmijos/Documents/apache-tomcat-9.0.82/webapps/docs] has finished in [338] ms
22-Mar-2024 20:27:37.643 INFO [main] org.apache.catalina.startup.HostConfig.deployDirectory Desplegando el directorio [/Users/janpierarmijos/Documents/apache-tomcat-9.0.82/webapps/manager] de la aplicación web
22-Mar-2024 20:27:37.838 INFO [main] org.apache.jasper.servlet.TldScanner.scanJars Al menos un JAR, que se ha explorado buscando TLDs, aún no contenía TLDs. Activar historial de depuración para este historiador para una completa lista de los JARs que fueron explorados y de los que nos se halló TLDs. Saltarse JARs no necesarios durante la exploración puede dar lugar a una mejora de tiempo significativa en el arranque y compilación de JSP .
22-Mar-2024 20:27:37.902 INFO [main] org.apache.catalina.startup.HostConfig.deployDirectory Deployment of web application directory [/Users/janpierarmijos/Documents/apache-tomcat-9.0.82/webapps/manager] has finished in [260] ms
22-Mar-2024 20:27:37.902 INFO [main] org.apache.catalina.startup.HostConfig.deployDirectory Desplegando el directorio [/Users/janpierarmijos/Documents/apache-tomcat-9.0.82/webapps/examples] de la aplicación web
22-Mar-2024 20:27:39.014 INFO [main] org.apache.jasper.servlet.TldScanner.scanJars Al menos un JAR, que se ha explorado buscando TLDs, aún no contenía TLDs. Activar historial de depuración para este historiador para una completa lista de los JARs que fueron explorados y de los que nos se halló TLDs. Saltarse JARs no necesarios durante la exploración puede dar lugar a una mejora de tiempo significativa en el arranque y compilación de JSP .
22-Mar-2024 20:27:39.090 INFO [main] org.apache.catalina.startup.HostConfig.deployDirectory Deployment of web application directory [/Users/janpierarmijos/Documents/apache-tomcat-9.0.82/webapps/examples] has finished in [1.188] ms
22-Mar-2024 20:27:39.090 INFO [main] org.apache.catalina.startup.HostConfig.deployDirectory Desplegando el directorio [/Users/janpierarmijos/Documents/apache-tomcat-9.0.82/webapps/ROOT] de la aplicación web
22-Mar-2024 20:27:39.406 INFO [main] org.apache.jasper.servlet.TldScanner.scanJars Al menos un JAR, que se ha explorado buscando TLDs, aún no contenía TLDs. Activar historial de depuración para este historiador para una completa lista de los JARs que fueron explorados y de los que nos se halló TLDs. Saltarse JARs no necesarios durante la exploración puede dar lugar a una mejora de tiempo significativa en el arranque y compilación de JSP .
22-Mar-2024 20:27:39.411 INFO [main] org.apache.catalina.startup.HostConfig.deployDirectory Deployment of web application directory [/Users/janpierarmijos/Documents/apache-tomcat-9.0.82/webapps/ROOT] has finished in [321] ms
22-Mar-2024 20:27:39.412 INFO [main] org.apache.catalina.startup.HostConfig.deployDirectory Desplegando el directorio [/Users/janpierarmijos/Documents/apache-tomcat-9.0.82/webapps/host-manager] de la aplicación web
22-Mar-2024 20:27:39.674 INFO [main] org.apache.jasper.servlet.TldScanner.scanJars Al menos un JAR, que se ha explorado buscando TLDs, aún no contenía TLDs. Activar historial de depuración para este historiador para una completa lista de los JARs que fueron explorados y de los que nos se halló TLDs. Saltarse JARs no necesarios durante la exploración puede dar lugar a una mejora de tiempo significativa en el arranque y compilación de JSP .
22-Mar-2024 20:27:39.679 INFO [main] org.apache.catalina.startup.HostConfig.deployDirectory Deployment of web application directory [/Users/janpierarmijos/Documents/apache-tomcat-9.0.82/webapps/host-manager] has finished in [267] ms
22-Mar-2024 20:27:39.685 INFO [main] org.apache.coyote.AbstractProtocol.start Starting ProtocolHandler ["http-nio-9091"]
22-Mar-2024 20:27:39.716 INFO [main] org.apache.catalina.startup.Catalina.start Server startup in [7207] milliseconds
22-Mar-2024 20:28:08.478 INFO [http-nio-9091-exec-5] org.apache.catalina.startup.HostConfig.undeploy Repliegue (undeploy) de la aplicación web que tiene como trayectoria de contexto [/ejemploweb]
22-Mar-2024 20:28:29.596 INFO [main] org.apache.catalina.core.StandardServer.await Se ha recibido un comando de apagado a través del puerto de apagado. Parando la instancia del Servidor.
22-Mar-2024 20:28:29.597 INFO [main] org.apache.coyote.AbstractProtocol.pause Pausing ProtocolHandler ["http-nio-9091"]
22-Mar-2024 20:28:29.604 INFO [main] org.apache.catalina.core.StandardService.stopInternal Parando servicio [Catalina]
22-Mar-2024 20:28:29.640 INFO [main] org.apache.coyote.AbstractProtocol.stop Stopping ProtocolHandler ["http-nio-9091"]
22-Mar-2024 20:28:29.654 INFO [main] org.apache.coyote.AbstractProtocol.destroy Destroying ProtocolHandler ["http-nio-9091"]
22-Mar-2024 23:18:12.049 INFO [main] org.apache.catalina.startup.VersionLoggerListener.log Nombre de la versión del servidor: Apache Tomcat/9.0.82
22-Mar-2024 23:18:12.073 INFO [main] org.apache.catalina.startup.VersionLoggerListener.log Server built:                      Oct 11 2023 13:15:08 UTC
22-Mar-2024 23:18:12.076 INFO [main] org.apache.catalina.startup.VersionLoggerListener.log Número de versión de servidor:     9.0.82.0
22-Mar-2024 23:18:12.076 INFO [main] org.apache.catalina.startup.VersionLoggerListener.log OS Name:                           Mac OS X
22-Mar-2024 23:18:12.076 INFO [main] org.apache.catalina.startup.VersionLoggerListener.log Versión de Systema Operativo:      11.7.10
22-Mar-2024 23:18:12.076 INFO [main] org.apache.catalina.startup.VersionLoggerListener.log Arquitectura:                      x86_64
22-Mar-2024 23:18:12.077 INFO [main] org.apache.catalina.startup.VersionLoggerListener.log Java Home:                         /Library/Java/JavaVirtualMachines/jdk-21.jdk/Contents/Home
22-Mar-2024 23:18:12.077 INFO [main] org.apache.catalina.startup.VersionLoggerListener.log JVM Version:                       21.0.2+13-LTS-58
22-Mar-2024 23:18:12.078 INFO [main] org.apache.catalina.startup.VersionLoggerListener.log Vededor JVM:                       Oracle Corporation
22-Mar-2024 23:18:12.078 INFO [main] org.apache.catalina.startup.VersionLoggerListener.log CATALINA_BASE:                     /Users/janpierarmijos/Documents/apache-tomcat-9.0.82
22-Mar-2024 23:18:12.078 INFO [main] org.apache.catalina.startup.VersionLoggerListener.log CATALINA_HOME:                     /Users/janpierarmijos/Documents/apache-tomcat-9.0.82
22-Mar-2024 23:18:12.200 INFO [main] org.apache.catalina.startup.VersionLoggerListener.log Command line argument:             --add-opens=java.base/java.lang=ALL-UNNAMED
22-Mar-2024 23:18:12.200 INFO [main] org.apache.catalina.startup.VersionLoggerListener.log Command line argument:             --add-opens=java.base/java.io=ALL-UNNAMED
22-Mar-2024 23:18:12.201 INFO [main] org.apache.catalina.startup.VersionLoggerListener.log Command line argument:             --add-opens=java.base/java.util=ALL-UNNAMED
22-Mar-2024 23:18:12.201 INFO [main] org.apache.catalina.startup.VersionLoggerListener.log Command line argument:             --add-opens=java.base/java.util.concurrent=ALL-UNNAMED
22-Mar-2024 23:18:12.201 INFO [main] org.apache.catalina.startup.VersionLoggerListener.log Command line argument:             --add-opens=java.rmi/sun.rmi.transport=ALL-UNNAMED
22-Mar-2024 23:18:12.201 INFO [main] org.apache.catalina.startup.VersionLoggerListener.log Command line argument:             -Djava.util.logging.config.file=/Users/janpierarmijos/Documents/apache-tomcat-9.0.82/conf/logging.properties
22-Mar-2024 23:18:12.201 INFO [main] org.apache.catalina.startup.VersionLoggerListener.log Command line argument:             -Djava.util.logging.manager=org.apache.juli.ClassLoaderLogManager
22-Mar-2024 23:18:12.201 INFO [main] org.apache.catalina.startup.VersionLoggerListener.log Command line argument:             -Djdk.tls.ephemeralDHKeySize=2048
22-Mar-2024 23:18:12.202 INFO [main] org.apache.catalina.startup.VersionLoggerListener.log Command line argument:             -Djava.protocol.handler.pkgs=org.apache.catalina.webresources
22-Mar-2024 23:18:12.202 INFO [main] org.apache.catalina.startup.VersionLoggerListener.log Command line argument:             -Dorg.apache.catalina.security.SecurityListener.UMASK=0027
22-Mar-2024 23:18:12.202 INFO [main] org.apache.catalina.startup.VersionLoggerListener.log Command line argument:             -Dignore.endorsed.dirs=
22-Mar-2024 23:18:12.202 INFO [main] org.apache.catalina.startup.VersionLoggerListener.log Command line argument:             -Dcatalina.base=/Users/janpierarmijos/Documents/apache-tomcat-9.0.82
22-Mar-2024 23:18:12.203 INFO [main] org.apache.catalina.startup.VersionLoggerListener.log Command line argument:             -Dcatalina.home=/Users/janpierarmijos/Documents/apache-tomcat-9.0.82
22-Mar-2024 23:18:12.203 INFO [main] org.apache.catalina.startup.VersionLoggerListener.log Command line argument:             -Djava.io.tmpdir=/Users/janpierarmijos/Documents/apache-tomcat-9.0.82/temp
22-Mar-2024 23:18:12.282 INFO [main] org.apache.catalina.core.AprLifecycleListener.lifecycleEvent La biblioteca nativa de Apache Tomcat basada en ARP que permite un rendimiento óptimo en entornos de desarrollo no ha sido hallada en java.library.path: [/Users/janpierarmijos/Library/Java/Extensions:/Library/Java/Extensions:/Network/Library/Java/Extensions:/System/Library/Java/Extensions:/usr/lib/java:.]
22-Mar-2024 23:18:14.092 INFO [main] org.apache.coyote.AbstractProtocol.init Inicializando el manejador de protocolo ["http-nio-9091"]

22-Mar-2024 23:18:14.429 INFO [main] org.apache.catalina.startup.Catalina.load Server initialization in [3951] milliseconds
22-Mar-2024 23:18:14.969 WARNING [main] java.util.ArrayList.forEach Name = ConexionPG Property maxActive is not used in DBCP2, use maxTotal instead. maxTotal default value is 8. You have set value of "100" for "maxActive" property, which is being ignored.
22-Mar-2024 23:18:14.971 WARNING [main] java.util.ArrayList.forEach Name = ConexionPG Property maxWait is not used in DBCP2 , use maxWaitMillis instead. maxWaitMillis default value is PT-0.001S. You have set value of "10000" for "maxWait" property, which is being ignored.
22-Mar-2024 23:18:14.972 INFO [main] java.util.ArrayList.forEach Name = ConexionPG Ignoring unknown property: value of "jdbc/ConexionPG" for "global" property
22-Mar-2024 23:18:16.006 INFO [main] org.apache.catalina.core.StandardService.startInternal Arrancando servicio [Catalina]
22-Mar-2024 23:18:16.007 INFO [main] org.apache.catalina.core.StandardEngine.startInternal Starting Servlet engine: [Apache Tomcat/9.0.82]
22-Mar-2024 23:18:16.053 INFO [main] org.apache.catalina.startup.HostConfig.deployDirectory Desplegando el directorio [/Users/janpierarmijos/Documents/apache-tomcat-9.0.82/webapps/docs] de la aplicación web
22-Mar-2024 23:18:19.030 INFO [main] org.apache.jasper.servlet.TldScanner.scanJars Al menos un JAR, que se ha explorado buscando TLDs, aún no contenía TLDs. Activar historial de depuración para este historiador para una completa lista de los JARs que fueron explorados y de los que nos se halló TLDs. Saltarse JARs no necesarios durante la exploración puede dar lugar a una mejora de tiempo significativa en el arranque y compilación de JSP .
22-Mar-2024 23:18:19.132 INFO [main] org.apache.catalina.startup.HostConfig.deployDirectory Deployment of web application directory [/Users/janpierarmijos/Documents/apache-tomcat-9.0.82/webapps/docs] has finished in [3.070] ms
22-Mar-2024 23:18:19.133 INFO [main] org.apache.catalina.startup.HostConfig.deployDirectory Desplegando el directorio [/Users/janpierarmijos/Documents/apache-tomcat-9.0.82/webapps/manager] de la aplicación web
22-Mar-2024 23:18:19.523 INFO [main] org.apache.jasper.servlet.TldScanner.scanJars Al menos un JAR, que se ha explorado buscando TLDs, aún no contenía TLDs. Activar historial de depuración para este historiador para una completa lista de los JARs que fueron explorados y de los que nos se halló TLDs. Saltarse JARs no necesarios durante la exploración puede dar lugar a una mejora de tiempo significativa en el arranque y compilación de JSP .
22-Mar-2024 23:18:19.614 INFO [main] org.apache.catalina.startup.HostConfig.deployDirectory Deployment of web application directory [/Users/janpierarmijos/Documents/apache-tomcat-9.0.82/webapps/manager] has finished in [481] ms
22-Mar-2024 23:18:19.615 INFO [main] org.apache.catalina.startup.HostConfig.deployDirectory Desplegando el directorio [/Users/janpierarmijos/Documents/apache-tomcat-9.0.82/webapps/examples] de la aplicación web
22-Mar-2024 23:18:21.399 INFO [main] org.apache.jasper.servlet.TldScanner.scanJars Al menos un JAR, que se ha explorado buscando TLDs, aún no contenía TLDs. Activar historial de depuración para este historiador para una completa lista de los JARs que fueron explorados y de los que nos se halló TLDs. Saltarse JARs no necesarios durante la exploración puede dar lugar a una mejora de tiempo significativa en el arranque y compilación de JSP .
22-Mar-2024 23:18:21.546 INFO [main] org.apache.catalina.startup.HostConfig.deployDirectory Deployment of web application directory [/Users/janpierarmijos/Documents/apache-tomcat-9.0.82/webapps/examples] has finished in [1.930] ms
22-Mar-2024 23:18:21.546 INFO [main] org.apache.catalina.startup.HostConfig.deployDirectory Desplegando el directorio [/Users/janpierarmijos/Documents/apache-tomcat-9.0.82/webapps/ROOT] de la aplicación web
22-Mar-2024 23:18:21.873 INFO [main] org.apache.jasper.servlet.TldScanner.scanJars Al menos un JAR, que se ha explorado buscando TLDs, aún no contenía TLDs. Activar historial de depuración para este historiador para una completa lista de los JARs que fueron explorados y de los que nos se halló TLDs. Saltarse JARs no necesarios durante la exploración puede dar lugar a una mejora de tiempo significativa en el arranque y compilación de JSP .
22-Mar-2024 23:18:21.877 INFO [main] org.apache.catalina.startup.HostConfig.deployDirectory Deployment of web application directory [/Users/janpierarmijos/Documents/apache-tomcat-9.0.82/webapps/ROOT] has finished in [330] ms
22-Mar-2024 23:18:21.877 INFO [main] org.apache.catalina.startup.HostConfig.deployDirectory Desplegando el directorio [/Users/janpierarmijos/Documents/apache-tomcat-9.0.82/webapps/host-manager] de la aplicación web
22-Mar-2024 23:18:22.124 INFO [main] org.apache.jasper.servlet.TldScanner.scanJars Al menos un JAR, que se ha explorado buscando TLDs, aún no contenía TLDs. Activar historial de depuración para este historiador para una completa lista de los JARs que fueron explorados y de los que nos se halló TLDs. Saltarse JARs no necesarios durante la exploración puede dar lugar a una mejora de tiempo significativa en el arranque y compilación de JSP .
22-Mar-2024 23:18:22.130 INFO [main] org.apache.catalina.startup.HostConfig.deployDirectory Deployment of web application directory [/Users/janpierarmijos/Documents/apache-tomcat-9.0.82/webapps/host-manager] has finished in [252] ms
22-Mar-2024 23:18:22.139 INFO [main] org.apache.coyote.AbstractProtocol.start Starting ProtocolHandler ["http-nio-9091"]
22-Mar-2024 23:18:22.187 INFO [main] org.apache.catalina.startup.Catalina.start Server startup in [7754] milliseconds
22-Mar-2024 23:19:09.719 INFO [http-nio-9091-exec-1] org.apache.catalina.startup.HostConfig.deployWAR Despliegue del archivo [/Users/janpierarmijos/Documents/apache-tomcat-9.0.82/webapps/ejemploweb.war] de la aplicación web
22-Mar-2024 23:19:12.772 INFO [http-nio-9091-exec-1] org.apache.jasper.servlet.TldScanner.scanJars Al menos un JAR, que se ha explorado buscando TLDs, aún no contenía TLDs. Activar historial de depuración para este historiador para una completa lista de los JARs que fueron explorados y de los que nos se halló TLDs. Saltarse JARs no necesarios durante la exploración puede dar lugar a una mejora de tiempo significativa en el arranque y compilación de JSP .
22-Mar-2024 23:19:14.502 INFO [http-nio-9091-exec-1] org.apache.catalina.startup.HostConfig.deployWAR Deployment of web application archive [/Users/janpierarmijos/Documents/apache-tomcat-9.0.82/webapps/ejemploweb.war] has finished in [4.784] ms
