23-Mar-2024 00:24:57.995 INFO [http-nio-9091-exec-3] org.apache.catalina.core.ApplicationContext.log HTMLManager: list: Listing contexts for virtual host 'localhost'
23-Mar-2024 00:25:03.921 INFO [http-nio-9091-exec-1] org.apache.catalina.core.ApplicationContext.log HTMLManager: stop: Stopping web application '/ejemploweb'
23-Mar-2024 00:25:04.939 INFO [http-nio-9091-exec-1] org.apache.catalina.core.ApplicationContext.log HTMLManager: list: Listing contexts for virtual host 'localhost'
23-Mar-2024 00:25:12.313 INFO [http-nio-9091-exec-6] org.apache.catalina.core.ApplicationContext.log HTMLManager: undeploy: Undeploying web application at '/ejemploweb'
23-Mar-2024 00:25:12.928 INFO [http-nio-9091-exec-6] org.apache.catalina.core.ApplicationContext.log HTMLManager: list: Listing contexts for virtual host 'localhost'
23-Mar-2024 00:26:27.018 INFO [http-nio-9091-exec-11] org.apache.catalina.core.ApplicationContext.log HTMLManager: list: Listing contexts for virtual host 'localhost'
23-Mar-2024 00:26:59.578 INFO [http-nio-9091-exec-2] org.apache.catalina.core.ApplicationContext.log HTMLManager: init: Associated with Deployer 'Catalina:type=Deployer,host=localhost'
23-Mar-2024 00:26:59.579 INFO [http-nio-9091-exec-2] org.apache.catalina.core.ApplicationContext.log HTMLManager: init: Global resources are available
23-Mar-2024 00:26:59.593 INFO [http-nio-9091-exec-2] org.apache.catalina.core.ApplicationContext.log HTMLManager: list: Listing contexts for virtual host 'localhost'
23-Mar-2024 01:46:46.498 INFO [http-nio-9091-exec-2] org.apache.catalina.core.ApplicationContext.log HTMLManager: list: Listing contexts for virtual host 'localhost'
23-Mar-2024 01:46:53.695 INFO [http-nio-9091-exec-3] org.apache.catalina.core.ApplicationContext.log HTMLManager: undeploy: Undeploying web application at '/ejemploweb'
23-Mar-2024 01:46:54.979 INFO [http-nio-9091-exec-3] org.apache.catalina.core.ApplicationContext.log HTMLManager: list: Listing contexts for virtual host 'localhost'
23-Mar-2024 01:47:22.246 INFO [http-nio-9091-exec-9] org.apache.catalina.core.ApplicationContext.log HTMLManager: list: Listing contexts for virtual host 'localhost'
23-Mar-2024 01:47:56.922 INFO [http-nio-9091-exec-2] org.apache.catalina.core.ApplicationContext.log HTMLManager: init: Associated with Deployer 'Catalina:type=Deployer,host=localhost'
23-Mar-2024 01:47:56.922 INFO [http-nio-9091-exec-2] org.apache.catalina.core.ApplicationContext.log HTMLManager: init: Global resources are available
23-Mar-2024 01:47:56.930 INFO [http-nio-9091-exec-2] org.apache.catalina.core.ApplicationContext.log HTMLManager: list: Listing contexts for virtual host 'localhost'
23-Mar-2024 20:01:23.363 INFO [http-nio-9091-exec-9] org.apache.catalina.core.ApplicationContext.log HTMLManager: init: Associated with Deployer 'Catalina:type=Deployer,host=localhost'
23-Mar-2024 20:01:23.364 INFO [http-nio-9091-exec-9] org.apache.catalina.core.ApplicationContext.log HTMLManager: init: Global resources are available
23-Mar-2024 20:01:23.387 INFO [http-nio-9091-exec-9] org.apache.catalina.core.ApplicationContext.log HTMLManager: list: Listing contexts for virtual host 'localhost'
23-Mar-2024 20:01:34.789 INFO [http-nio-9091-exec-3] org.apache.catalina.core.ApplicationContext.log HTMLManager: restart: Reloading web application '/ejemploweb'
23-Mar-2024 20:01:37.699 INFO [http-nio-9091-exec-3] org.apache.catalina.core.ApplicationContext.log HTMLManager: list: Listing contexts for virtual host 'localhost'
23-Mar-2024 20:02:31.384 INFO [http-nio-9091-exec-5] org.apache.catalina.core.ApplicationContext.log HTMLManager: stop: Stopping web application '/ejemploweb'
23-Mar-2024 20:02:31.517 INFO [http-nio-9091-exec-5] org.apache.catalina.core.ApplicationContext.log HTMLManager: list: Listing contexts for virtual host 'localhost'
23-Mar-2024 20:02:36.845 INFO [http-nio-9091-exec-1] org.apache.catalina.core.ApplicationContext.log HTMLManager: undeploy: Undeploying web application at '/ejemploweb'
23-Mar-2024 20:02:37.444 INFO [http-nio-9091-exec-1] org.apache.catalina.core.ApplicationContext.log HTMLManager: list: Listing contexts for virtual host 'localhost'
23-Mar-2024 20:03:06.551 INFO [http-nio-9091-exec-13] org.apache.catalina.core.ApplicationContext.log HTMLManager: list: Listing contexts for virtual host 'localhost'
23-Mar-2024 20:03:54.109 INFO [http-nio-9091-exec-2] org.apache.catalina.core.ApplicationContext.log HTMLManager: init: Associated with Deployer 'Catalina:type=Deployer,host=localhost'
23-Mar-2024 20:03:54.109 INFO [http-nio-9091-exec-2] org.apache.catalina.core.ApplicationContext.log HTMLManager: init: Global resources are available
23-Mar-2024 20:03:54.125 INFO [http-nio-9091-exec-2] org.apache.catalina.core.ApplicationContext.log HTMLManager: list: Listing contexts for virtual host 'localhost'
